Sun, 12 Jan 2025 17:27:50 shadow.py[line:150] INFO {'dataset': 'movielens', 'model': 'BERT4Rec', 'split_seed': 13, 'gpu': 4, 'split_cf': 'split', 'train_cf': 'train'}
Sun, 12 Jan 2025 17:27:50 utils.py[line:224] INFO dataset is read from ../datasets/movielens.
Sun, 12 Jan 2025 17:27:51 utils.py[line:38] INFO 
Dataset Info: 

==================================================
item information: 
field     item_id   
type      token     
##        1153      
==================================================
user information: 
field     user_id   
type      token     
##        944       
==================================================
interaction information: 
field     user_id   item_id   rating    timestamp 
type      token     token     float     float     
##        944       1153      -         -         
==================================================
Sparsity: 0.909832
==================================================
Sun, 12 Jan 2025 17:27:52 utils.py[line:297] INFO Global seed set to 2019
Sun, 12 Jan 2025 17:27:52 utils.py[line:62] INFO 
Model Config: 

accelerator=gpu
activation=gelu
ann=None
batch_size=1024
cutoff=10
dataset_neg_count=None
dataset_sampler=None
dropout=0.2
early_stop_mode=max
early_stop_patience=20
embed_dim=64
epochs=100
eval_batch_size=128
excluding_hist=False
gpu=[4]
head_num=2
hidden_size=128
item_bias=False
layer_norm_eps=1e-12
layer_num=2
learner=adam
learning_rate=0.001
mask_ratio=0.2
negative_count=1
num_workers=0
pooling_type=mask
save_path=./saved/
scheduler=None
seed=2019
split_ratio=2
steal=False
test_metrics=['recall', 'precision', 'map', 'ndcg', 'mrr', 'hit']
test_repetitive=True
topk=100
train_repetitive=True
val_metrics=['recall', 'ndcg']
weight_decay=1e-05
Sun, 12 Jan 2025 17:27:52 utils.py[line:297] INFO Global seed set to 2019
Sun, 12 Jan 2025 17:27:52 utils.py[line:62] INFO 
Model Config: 

accelerator=gpu
activation=gelu
ann=None
batch_size=1024
cutoff=10
dataset_neg_count=None
dataset_sampler=None
dropout=0.2
early_stop_mode=max
early_stop_patience=20
embed_dim=64
epochs=100
eval_batch_size=128
excluding_hist=False
gpu=[4]
head_num=2
hidden_size=128
item_bias=False
layer_norm_eps=1e-12
layer_num=2
learner=adam
learning_rate=0.001
mask_ratio=0.2
negative_count=1
num_workers=0
pooling_type=mask
save_path=./saved/
scheduler=None
seed=2019
split_ratio=2
steal=False
test_metrics=['recall', 'precision', 'map', 'ndcg', 'mrr', 'hit']
test_repetitive=True
topk=100
train_repetitive=True
val_metrics=['recall', 'ndcg']
weight_decay=1e-05
Sun, 12 Jan 2025 17:27:53 recommender.py[line:128] INFO save_dir:/data1/home/zhihao/code/RecAudit/open-source/RecAudit/RecStudio-main
Sun, 12 Jan 2025 17:27:53 recommender.py[line:131] INFO BERT4Rec(
  (loss_fn): SoftmaxLoss()
  (score_func): InnerProductScorer()
  (item_encoder): Embedding(1154, 64, padding_idx=0)
  (query_encoder): BERT4RecQueryEncoder(
    (item_encoder): Embedding(1154, 64, padding_idx=0)
    (position_emb): Embedding(20, 64)
    (transformer_layer): TransformerEncoder(
      (layers): ModuleList(
        (0): TransformerEncoderLayer(
          (self_attn): MultiheadAttention(
            (out_proj): NonDynamicallyQuantizableLinear(in_features=64, out_features=64, bias=True)
          )
          (linear1): Linear(in_features=64, out_features=128, bias=True)
          (dropout): Dropout(p=0.2, inplace=False)
          (linear2): Linear(in_features=128, out_features=64, bias=True)
          (norm1): LayerNorm((64,), eps=1e-12, elementwise_affine=True)
          (norm2): LayerNorm((64,), eps=1e-12, elementwise_affine=True)
          (dropout1): Dropout(p=0.2, inplace=False)
          (dropout2): Dropout(p=0.2, inplace=False)
        )
        (1): TransformerEncoderLayer(
          (self_attn): MultiheadAttention(
            (out_proj): NonDynamicallyQuantizableLinear(in_features=64, out_features=64, bias=True)
          )
          (linear1): Linear(in_features=64, out_features=128, bias=True)
          (dropout): Dropout(p=0.2, inplace=False)
          (linear2): Linear(in_features=128, out_features=64, bias=True)
          (norm1): LayerNorm((64,), eps=1e-12, elementwise_affine=True)
          (norm2): LayerNorm((64,), eps=1e-12, elementwise_affine=True)
          (dropout1): Dropout(p=0.2, inplace=False)
          (dropout2): Dropout(p=0.2, inplace=False)
        )
      )
    )
    (dropout): Dropout(p=0.2, inplace=False)
    (training_pooling_layer): SeqPoolingLayer(pooling_type=mask, keepdim=False)
    (eval_pooling_layer): SeqPoolingLayer(pooling_type=last, keepdim=False)
  )
)
Sun, 12 Jan 2025 17:27:59 recommender.py[line:254] INFO Training: Epoch=  0 [recall@10=0.0446 ndcg@10=0.0237 train_loss=6.8033]
Sun, 12 Jan 2025 17:27:59 recommender.py[line:519] INFO Train time: 1.76073s. Valid time: 1.80052s
Sun, 12 Jan 2025 17:27:59 recommender.py[line:548] INFO recall@10 improved. Best value: 0.0446
Sun, 12 Jan 2025 17:28:01 recommender.py[line:254] INFO Training: Epoch=  1 [recall@10=0.0669 ndcg@10=0.0337 train_loss=6.5864]
Sun, 12 Jan 2025 17:28:01 recommender.py[line:519] INFO Train time: 1.45944s. Valid time: 1.49431s
Sun, 12 Jan 2025 17:28:01 recommender.py[line:548] INFO recall@10 improved. Best value: 0.0669
Sun, 12 Jan 2025 17:28:02 recommender.py[line:254] INFO Training: Epoch=  2 [recall@10=0.1369 ndcg@10=0.0672 train_loss=6.3419]
Sun, 12 Jan 2025 17:28:02 recommender.py[line:519] INFO Train time: 1.30078s. Valid time: 1.33375s
Sun, 12 Jan 2025 17:28:02 recommender.py[line:548] INFO recall@10 improved. Best value: 0.1369
Sun, 12 Jan 2025 17:28:04 recommender.py[line:254] INFO Training: Epoch=  3 [recall@10=0.1561 ndcg@10=0.0773 train_loss=6.0162]
Sun, 12 Jan 2025 17:28:04 recommender.py[line:519] INFO Train time: 1.42913s. Valid time: 1.46845s
Sun, 12 Jan 2025 17:28:04 recommender.py[line:548] INFO recall@10 improved. Best value: 0.1561
Sun, 12 Jan 2025 17:28:05 recommender.py[line:254] INFO Training: Epoch=  4 [recall@10=0.1624 ndcg@10=0.0775 train_loss=5.8766]
Sun, 12 Jan 2025 17:28:05 recommender.py[line:519] INFO Train time: 1.38268s. Valid time: 1.42732s
Sun, 12 Jan 2025 17:28:05 recommender.py[line:548] INFO recall@10 improved. Best value: 0.1624
Sun, 12 Jan 2025 17:28:07 recommender.py[line:254] INFO Training: Epoch=  5 [recall@10=0.1497 ndcg@10=0.0700 train_loss=5.7996]
Sun, 12 Jan 2025 17:28:07 recommender.py[line:519] INFO Train time: 1.29121s. Valid time: 1.33313s
Sun, 12 Jan 2025 17:28:08 recommender.py[line:254] INFO Training: Epoch=  6 [recall@10=0.1433 ndcg@10=0.0700 train_loss=5.7372]
Sun, 12 Jan 2025 17:28:08 recommender.py[line:519] INFO Train time: 1.41195s. Valid time: 1.44614s
Sun, 12 Jan 2025 17:28:09 recommender.py[line:254] INFO Training: Epoch=  7 [recall@10=0.1592 ndcg@10=0.0783 train_loss=5.6830]
Sun, 12 Jan 2025 17:28:09 recommender.py[line:519] INFO Train time: 1.27203s. Valid time: 1.30854s
Sun, 12 Jan 2025 17:28:11 recommender.py[line:254] INFO Training: Epoch=  8 [recall@10=0.1497 ndcg@10=0.0723 train_loss=5.6336]
Sun, 12 Jan 2025 17:28:11 recommender.py[line:519] INFO Train time: 1.33148s. Valid time: 1.36482s
Sun, 12 Jan 2025 17:28:12 recommender.py[line:254] INFO Training: Epoch=  9 [recall@10=0.1656 ndcg@10=0.0805 train_loss=5.5940]
Sun, 12 Jan 2025 17:28:12 recommender.py[line:519] INFO Train time: 1.32077s. Valid time: 1.36008s
Sun, 12 Jan 2025 17:28:12 recommender.py[line:548] INFO recall@10 improved. Best value: 0.1656
Sun, 12 Jan 2025 17:28:13 recommender.py[line:254] INFO Training: Epoch= 10 [recall@10=0.1529 ndcg@10=0.0790 train_loss=5.5719]
Sun, 12 Jan 2025 17:28:13 recommender.py[line:519] INFO Train time: 1.29144s. Valid time: 1.32687s
Sun, 12 Jan 2025 17:28:15 recommender.py[line:254] INFO Training: Epoch= 11 [recall@10=0.1529 ndcg@10=0.0767 train_loss=5.5413]
Sun, 12 Jan 2025 17:28:15 recommender.py[line:519] INFO Train time: 1.24631s. Valid time: 1.28587s
Sun, 12 Jan 2025 17:28:16 recommender.py[line:254] INFO Training: Epoch= 12 [recall@10=0.1688 ndcg@10=0.0755 train_loss=5.5238]
Sun, 12 Jan 2025 17:28:16 recommender.py[line:519] INFO Train time: 1.40157s. Valid time: 1.43130s
Sun, 12 Jan 2025 17:28:16 recommender.py[line:548] INFO recall@10 improved. Best value: 0.1688
Sun, 12 Jan 2025 17:28:17 recommender.py[line:254] INFO Training: Epoch= 13 [recall@10=0.1592 ndcg@10=0.0764 train_loss=5.4975]
Sun, 12 Jan 2025 17:28:17 recommender.py[line:519] INFO Train time: 1.36805s. Valid time: 1.40665s
Sun, 12 Jan 2025 17:28:19 recommender.py[line:254] INFO Training: Epoch= 14 [recall@10=0.1879 ndcg@10=0.0848 train_loss=5.4860]
Sun, 12 Jan 2025 17:28:19 recommender.py[line:519] INFO Train time: 1.30842s. Valid time: 1.34742s
Sun, 12 Jan 2025 17:28:19 recommender.py[line:548] INFO recall@10 improved. Best value: 0.1879
Sun, 12 Jan 2025 17:28:21 recommender.py[line:254] INFO Training: Epoch= 15 [recall@10=0.1752 ndcg@10=0.0905 train_loss=5.4693]
Sun, 12 Jan 2025 17:28:21 recommender.py[line:519] INFO Train time: 1.77564s. Valid time: 1.81109s
Sun, 12 Jan 2025 17:28:22 recommender.py[line:254] INFO Training: Epoch= 16 [recall@10=0.1720 ndcg@10=0.0825 train_loss=5.4545]
Sun, 12 Jan 2025 17:28:22 recommender.py[line:519] INFO Train time: 1.30692s. Valid time: 1.33456s
Sun, 12 Jan 2025 17:28:24 recommender.py[line:254] INFO Training: Epoch= 17 [recall@10=0.1592 ndcg@10=0.0845 train_loss=5.4374]
Sun, 12 Jan 2025 17:28:24 recommender.py[line:519] INFO Train time: 1.53940s. Valid time: 1.57609s
Sun, 12 Jan 2025 17:28:25 recommender.py[line:254] INFO Training: Epoch= 18 [recall@10=0.1688 ndcg@10=0.0811 train_loss=5.4423]
Sun, 12 Jan 2025 17:28:25 recommender.py[line:519] INFO Train time: 1.36937s. Valid time: 1.40566s
Sun, 12 Jan 2025 17:28:26 recommender.py[line:254] INFO Training: Epoch= 19 [recall@10=0.1720 ndcg@10=0.0824 train_loss=5.4305]
Sun, 12 Jan 2025 17:28:26 recommender.py[line:519] INFO Train time: 1.38460s. Valid time: 1.42290s
Sun, 12 Jan 2025 17:28:28 recommender.py[line:254] INFO Training: Epoch= 20 [recall@10=0.1943 ndcg@10=0.0949 train_loss=5.4205]
Sun, 12 Jan 2025 17:28:28 recommender.py[line:519] INFO Train time: 1.40424s. Valid time: 1.43675s
Sun, 12 Jan 2025 17:28:28 recommender.py[line:548] INFO recall@10 improved. Best value: 0.1943
Sun, 12 Jan 2025 17:28:29 recommender.py[line:254] INFO Training: Epoch= 21 [recall@10=0.1879 ndcg@10=0.0917 train_loss=5.4076]
Sun, 12 Jan 2025 17:28:29 recommender.py[line:519] INFO Train time: 1.30933s. Valid time: 1.34792s
Sun, 12 Jan 2025 17:28:31 recommender.py[line:254] INFO Training: Epoch= 22 [recall@10=0.1975 ndcg@10=0.1055 train_loss=5.3970]
Sun, 12 Jan 2025 17:28:31 recommender.py[line:519] INFO Train time: 1.63891s. Valid time: 1.67946s
Sun, 12 Jan 2025 17:28:31 recommender.py[line:548] INFO recall@10 improved. Best value: 0.1975
Sun, 12 Jan 2025 17:28:33 recommender.py[line:254] INFO Training: Epoch= 23 [recall@10=0.2134 ndcg@10=0.1106 train_loss=5.3807]
Sun, 12 Jan 2025 17:28:33 recommender.py[line:519] INFO Train time: 1.71155s. Valid time: 1.75631s
Sun, 12 Jan 2025 17:28:33 recommender.py[line:548] INFO recall@10 improved. Best value: 0.2134
Sun, 12 Jan 2025 17:28:34 recommender.py[line:254] INFO Training: Epoch= 24 [recall@10=0.1975 ndcg@10=0.0988 train_loss=5.3716]
Sun, 12 Jan 2025 17:28:34 recommender.py[line:519] INFO Train time: 1.48609s. Valid time: 1.52833s
Sun, 12 Jan 2025 17:28:36 recommender.py[line:254] INFO Training: Epoch= 25 [recall@10=0.2006 ndcg@10=0.1003 train_loss=5.3572]
Sun, 12 Jan 2025 17:28:36 recommender.py[line:519] INFO Train time: 1.34923s. Valid time: 1.38634s
Sun, 12 Jan 2025 17:28:37 recommender.py[line:254] INFO Training: Epoch= 26 [recall@10=0.1911 ndcg@10=0.0966 train_loss=5.3489]
Sun, 12 Jan 2025 17:28:37 recommender.py[line:519] INFO Train time: 1.39281s. Valid time: 1.42944s
Sun, 12 Jan 2025 17:28:38 recommender.py[line:254] INFO Training: Epoch= 27 [recall@10=0.2070 ndcg@10=0.1034 train_loss=5.3404]
Sun, 12 Jan 2025 17:28:38 recommender.py[line:519] INFO Train time: 1.41419s. Valid time: 1.45666s
Sun, 12 Jan 2025 17:28:40 recommender.py[line:254] INFO Training: Epoch= 28 [recall@10=0.2038 ndcg@10=0.1018 train_loss=5.3218]
Sun, 12 Jan 2025 17:28:40 recommender.py[line:519] INFO Train time: 1.36668s. Valid time: 1.40818s
Sun, 12 Jan 2025 17:28:41 recommender.py[line:254] INFO Training: Epoch= 29 [recall@10=0.2006 ndcg@10=0.1047 train_loss=5.3176]
Sun, 12 Jan 2025 17:28:41 recommender.py[line:519] INFO Train time: 1.38072s. Valid time: 1.42436s
Sun, 12 Jan 2025 17:28:43 recommender.py[line:254] INFO Training: Epoch= 30 [recall@10=0.2134 ndcg@10=0.1119 train_loss=5.3185]
Sun, 12 Jan 2025 17:28:43 recommender.py[line:519] INFO Train time: 1.43212s. Valid time: 1.46352s
Sun, 12 Jan 2025 17:28:44 recommender.py[line:254] INFO Training: Epoch= 31 [recall@10=0.2166 ndcg@10=0.1089 train_loss=5.3028]
Sun, 12 Jan 2025 17:28:44 recommender.py[line:519] INFO Train time: 1.39520s. Valid time: 1.42869s
Sun, 12 Jan 2025 17:28:44 recommender.py[line:548] INFO recall@10 improved. Best value: 0.2166
Sun, 12 Jan 2025 17:28:46 recommender.py[line:254] INFO Training: Epoch= 32 [recall@10=0.2070 ndcg@10=0.1076 train_loss=5.2884]
Sun, 12 Jan 2025 17:28:46 recommender.py[line:519] INFO Train time: 1.40838s. Valid time: 1.44760s
Sun, 12 Jan 2025 17:28:47 recommender.py[line:254] INFO Training: Epoch= 33 [recall@10=0.1975 ndcg@10=0.0994 train_loss=5.2776]
Sun, 12 Jan 2025 17:28:47 recommender.py[line:519] INFO Train time: 1.49659s. Valid time: 1.53532s
Sun, 12 Jan 2025 17:28:49 recommender.py[line:254] INFO Training: Epoch= 34 [recall@10=0.2006 ndcg@10=0.1052 train_loss=5.2752]
Sun, 12 Jan 2025 17:28:49 recommender.py[line:519] INFO Train time: 1.44830s. Valid time: 1.48336s
Sun, 12 Jan 2025 17:28:50 recommender.py[line:254] INFO Training: Epoch= 35 [recall@10=0.2229 ndcg@10=0.1104 train_loss=5.2664]
Sun, 12 Jan 2025 17:28:50 recommender.py[line:519] INFO Train time: 1.29883s. Valid time: 1.34472s
Sun, 12 Jan 2025 17:28:50 recommender.py[line:548] INFO recall@10 improved. Best value: 0.2229
Sun, 12 Jan 2025 17:28:51 recommender.py[line:254] INFO Training: Epoch= 36 [recall@10=0.2038 ndcg@10=0.1019 train_loss=5.2589]
Sun, 12 Jan 2025 17:28:51 recommender.py[line:519] INFO Train time: 1.44332s. Valid time: 1.47680s
Sun, 12 Jan 2025 17:28:53 recommender.py[line:254] INFO Training: Epoch= 37 [recall@10=0.2102 ndcg@10=0.1051 train_loss=5.2484]
Sun, 12 Jan 2025 17:28:53 recommender.py[line:519] INFO Train time: 1.29335s. Valid time: 1.33051s
Sun, 12 Jan 2025 17:28:54 recommender.py[line:254] INFO Training: Epoch= 38 [recall@10=0.2229 ndcg@10=0.1071 train_loss=5.2426]
Sun, 12 Jan 2025 17:28:54 recommender.py[line:519] INFO Train time: 1.40089s. Valid time: 1.43232s
Sun, 12 Jan 2025 17:28:56 recommender.py[line:254] INFO Training: Epoch= 39 [recall@10=0.1911 ndcg@10=0.1077 train_loss=5.2296]
Sun, 12 Jan 2025 17:28:56 recommender.py[line:519] INFO Train time: 1.31108s. Valid time: 1.35401s
Sun, 12 Jan 2025 17:28:57 recommender.py[line:254] INFO Training: Epoch= 40 [recall@10=0.1911 ndcg@10=0.1042 train_loss=5.2217]
Sun, 12 Jan 2025 17:28:57 recommender.py[line:519] INFO Train time: 1.44120s. Valid time: 1.48235s
Sun, 12 Jan 2025 17:28:59 recommender.py[line:254] INFO Training: Epoch= 41 [recall@10=0.1975 ndcg@10=0.1003 train_loss=5.2256]
Sun, 12 Jan 2025 17:28:59 recommender.py[line:519] INFO Train time: 1.42797s. Valid time: 1.47177s
Sun, 12 Jan 2025 17:29:00 recommender.py[line:254] INFO Training: Epoch= 42 [recall@10=0.1943 ndcg@10=0.1012 train_loss=5.2217]
Sun, 12 Jan 2025 17:29:00 recommender.py[line:519] INFO Train time: 1.41247s. Valid time: 1.45317s
Sun, 12 Jan 2025 17:29:01 recommender.py[line:254] INFO Training: Epoch= 43 [recall@10=0.1943 ndcg@10=0.1001 train_loss=5.1979]
Sun, 12 Jan 2025 17:29:01 recommender.py[line:519] INFO Train time: 1.43869s. Valid time: 1.47365s
Sun, 12 Jan 2025 17:29:03 recommender.py[line:254] INFO Training: Epoch= 44 [recall@10=0.1911 ndcg@10=0.1026 train_loss=5.2004]
Sun, 12 Jan 2025 17:29:03 recommender.py[line:519] INFO Train time: 1.33100s. Valid time: 1.37482s
Sun, 12 Jan 2025 17:29:04 recommender.py[line:254] INFO Training: Epoch= 45 [recall@10=0.2229 ndcg@10=0.1128 train_loss=5.1920]
Sun, 12 Jan 2025 17:29:04 recommender.py[line:519] INFO Train time: 1.45821s. Valid time: 1.48821s
Sun, 12 Jan 2025 17:29:06 recommender.py[line:254] INFO Training: Epoch= 46 [recall@10=0.2006 ndcg@10=0.1080 train_loss=5.1813]
Sun, 12 Jan 2025 17:29:06 recommender.py[line:519] INFO Train time: 1.29750s. Valid time: 1.32712s
Sun, 12 Jan 2025 17:29:07 recommender.py[line:254] INFO Training: Epoch= 47 [recall@10=0.2006 ndcg@10=0.1112 train_loss=5.1719]
Sun, 12 Jan 2025 17:29:07 recommender.py[line:519] INFO Train time: 1.43798s. Valid time: 1.48970s
Sun, 12 Jan 2025 17:29:09 recommender.py[line:254] INFO Training: Epoch= 48 [recall@10=0.1879 ndcg@10=0.1056 train_loss=5.1599]
Sun, 12 Jan 2025 17:29:09 recommender.py[line:519] INFO Train time: 1.54258s. Valid time: 1.58192s
Sun, 12 Jan 2025 17:29:10 recommender.py[line:254] INFO Training: Epoch= 49 [recall@10=0.2006 ndcg@10=0.1059 train_loss=5.1653]
Sun, 12 Jan 2025 17:29:10 recommender.py[line:519] INFO Train time: 1.41066s. Valid time: 1.45500s
Sun, 12 Jan 2025 17:29:12 recommender.py[line:254] INFO Training: Epoch= 50 [recall@10=0.1943 ndcg@10=0.1034 train_loss=5.1607]
Sun, 12 Jan 2025 17:29:12 recommender.py[line:519] INFO Train time: 1.67328s. Valid time: 1.70866s
Sun, 12 Jan 2025 17:29:13 recommender.py[line:254] INFO Training: Epoch= 51 [recall@10=0.2070 ndcg@10=0.1184 train_loss=5.1555]
Sun, 12 Jan 2025 17:29:13 recommender.py[line:519] INFO Train time: 1.36350s. Valid time: 1.40005s
Sun, 12 Jan 2025 17:29:15 recommender.py[line:254] INFO Training: Epoch= 52 [recall@10=0.2070 ndcg@10=0.1076 train_loss=5.1555]
Sun, 12 Jan 2025 17:29:15 recommender.py[line:519] INFO Train time: 1.44150s. Valid time: 1.47397s
Sun, 12 Jan 2025 17:29:16 recommender.py[line:254] INFO Training: Epoch= 53 [recall@10=0.1847 ndcg@10=0.1024 train_loss=5.1428]
Sun, 12 Jan 2025 17:29:16 recommender.py[line:519] INFO Train time: 1.46278s. Valid time: 1.50355s
Sun, 12 Jan 2025 17:29:18 recommender.py[line:254] INFO Training: Epoch= 54 [recall@10=0.2070 ndcg@10=0.1100 train_loss=5.1305]
Sun, 12 Jan 2025 17:29:18 recommender.py[line:519] INFO Train time: 1.40379s. Valid time: 1.43999s
Sun, 12 Jan 2025 17:29:19 recommender.py[line:254] INFO Training: Epoch= 55 [recall@10=0.1847 ndcg@10=0.0939 train_loss=5.1274]
Sun, 12 Jan 2025 17:29:19 recommender.py[line:519] INFO Train time: 1.34415s. Valid time: 1.37673s
Sun, 12 Jan 2025 17:29:19 recommender.py[line:559] INFO Early stopped. recall@10 didn't improve for 20 epochs.
Sun, 12 Jan 2025 17:29:19 recommender.py[line:562] INFO The best score of recall@10 is 0.2229 at 35
Sun, 12 Jan 2025 17:29:19 recommender.py[line:730] INFO Best model checkpoiny saved in ./metadata/model_checkpoint/shadow_model/movielens/BERT4Rec/split/train/member_model_13.
Sun, 12 Jan 2025 17:29:19 shadow.py[line:57] INFO Shadow model recommendation performance:
Sun, 12 Jan 2025 17:29:19 recommender.py[line:196] INFO Testing:  [recall@10=0.2006 precision@10=0.0201 map@10=0.0693 ndcg@10=0.0996 mrr@10=0.0693 hit@10=0.2006]
Sun, 12 Jan 2025 17:29:19 recommender.py[line:128] INFO save_dir:/data1/home/zhihao/code/RecAudit/open-source/RecAudit/RecStudio-main
Sun, 12 Jan 2025 17:29:19 recommender.py[line:131] INFO BERT4Rec(
  (loss_fn): SoftmaxLoss()
  (score_func): InnerProductScorer()
  (item_encoder): Embedding(1154, 64, padding_idx=0)
  (query_encoder): BERT4RecQueryEncoder(
    (item_encoder): Embedding(1154, 64, padding_idx=0)
    (position_emb): Embedding(20, 64)
    (transformer_layer): TransformerEncoder(
      (layers): ModuleList(
        (0): TransformerEncoderLayer(
          (self_attn): MultiheadAttention(
            (out_proj): NonDynamicallyQuantizableLinear(in_features=64, out_features=64, bias=True)
          )
          (linear1): Linear(in_features=64, out_features=128, bias=True)
          (dropout): Dropout(p=0.2, inplace=False)
          (linear2): Linear(in_features=128, out_features=64, bias=True)
          (norm1): LayerNorm((64,), eps=1e-12, elementwise_affine=True)
          (norm2): LayerNorm((64,), eps=1e-12, elementwise_affine=True)
          (dropout1): Dropout(p=0.2, inplace=False)
          (dropout2): Dropout(p=0.2, inplace=False)
        )
        (1): TransformerEncoderLayer(
          (self_attn): MultiheadAttention(
            (out_proj): NonDynamicallyQuantizableLinear(in_features=64, out_features=64, bias=True)
          )
          (linear1): Linear(in_features=64, out_features=128, bias=True)
          (dropout): Dropout(p=0.2, inplace=False)
          (linear2): Linear(in_features=128, out_features=64, bias=True)
          (norm1): LayerNorm((64,), eps=1e-12, elementwise_affine=True)
          (norm2): LayerNorm((64,), eps=1e-12, elementwise_affine=True)
          (dropout1): Dropout(p=0.2, inplace=False)
          (dropout2): Dropout(p=0.2, inplace=False)
        )
      )
    )
    (dropout): Dropout(p=0.2, inplace=False)
    (training_pooling_layer): SeqPoolingLayer(pooling_type=mask, keepdim=False)
    (eval_pooling_layer): SeqPoolingLayer(pooling_type=last, keepdim=False)
  )
)
Sun, 12 Jan 2025 17:29:21 recommender.py[line:254] INFO Training: Epoch=  0 [recall@10=0.0444 ndcg@10=0.0230 train_loss=6.7997]
Sun, 12 Jan 2025 17:29:21 recommender.py[line:519] INFO Train time: 1.71883s. Valid time: 1.75867s
Sun, 12 Jan 2025 17:29:21 recommender.py[line:548] INFO recall@10 improved. Best value: 0.0444
Sun, 12 Jan 2025 17:29:23 recommender.py[line:254] INFO Training: Epoch=  1 [recall@10=0.0762 ndcg@10=0.0373 train_loss=6.5733]
Sun, 12 Jan 2025 17:29:23 recommender.py[line:519] INFO Train time: 1.49438s. Valid time: 1.53070s
Sun, 12 Jan 2025 17:29:23 recommender.py[line:548] INFO recall@10 improved. Best value: 0.0762
Sun, 12 Jan 2025 17:29:24 recommender.py[line:254] INFO Training: Epoch=  2 [recall@10=0.1048 ndcg@10=0.0531 train_loss=6.2547]
Sun, 12 Jan 2025 17:29:24 recommender.py[line:519] INFO Train time: 1.39479s. Valid time: 1.42806s
Sun, 12 Jan 2025 17:29:24 recommender.py[line:548] INFO recall@10 improved. Best value: 0.1048
Sun, 12 Jan 2025 17:29:26 recommender.py[line:254] INFO Training: Epoch=  3 [recall@10=0.1270 ndcg@10=0.0644 train_loss=6.0189]
Sun, 12 Jan 2025 17:29:26 recommender.py[line:519] INFO Train time: 1.70782s. Valid time: 1.74692s
Sun, 12 Jan 2025 17:29:26 recommender.py[line:548] INFO recall@10 improved. Best value: 0.1270
Sun, 12 Jan 2025 17:29:27 recommender.py[line:254] INFO Training: Epoch=  4 [recall@10=0.1175 ndcg@10=0.0656 train_loss=5.9129]
Sun, 12 Jan 2025 17:29:27 recommender.py[line:519] INFO Train time: 1.42897s. Valid time: 1.46890s
Sun, 12 Jan 2025 17:29:29 recommender.py[line:254] INFO Training: Epoch=  5 [recall@10=0.1365 ndcg@10=0.0603 train_loss=5.8303]
Sun, 12 Jan 2025 17:29:29 recommender.py[line:519] INFO Train time: 1.44532s. Valid time: 1.48930s
Sun, 12 Jan 2025 17:29:29 recommender.py[line:548] INFO recall@10 improved. Best value: 0.1365
Sun, 12 Jan 2025 17:29:30 recommender.py[line:254] INFO Training: Epoch=  6 [recall@10=0.1524 ndcg@10=0.0707 train_loss=5.7724]
Sun, 12 Jan 2025 17:29:30 recommender.py[line:519] INFO Train time: 1.65484s. Valid time: 1.68697s
Sun, 12 Jan 2025 17:29:30 recommender.py[line:548] INFO recall@10 improved. Best value: 0.1524
Sun, 12 Jan 2025 17:29:32 recommender.py[line:254] INFO Training: Epoch=  7 [recall@10=0.1365 ndcg@10=0.0642 train_loss=5.7293]
Sun, 12 Jan 2025 17:29:32 recommender.py[line:519] INFO Train time: 1.36161s. Valid time: 1.39585s
Sun, 12 Jan 2025 17:29:33 recommender.py[line:254] INFO Training: Epoch=  8 [recall@10=0.1492 ndcg@10=0.0709 train_loss=5.6934]
Sun, 12 Jan 2025 17:29:33 recommender.py[line:519] INFO Train time: 1.43942s. Valid time: 1.48100s
Sun, 12 Jan 2025 17:29:35 recommender.py[line:254] INFO Training: Epoch=  9 [recall@10=0.1587 ndcg@10=0.0784 train_loss=5.6732]
Sun, 12 Jan 2025 17:29:35 recommender.py[line:519] INFO Train time: 1.41941s. Valid time: 1.45540s
Sun, 12 Jan 2025 17:29:35 recommender.py[line:548] INFO recall@10 improved. Best value: 0.1587
Sun, 12 Jan 2025 17:29:36 recommender.py[line:254] INFO Training: Epoch= 10 [recall@10=0.1492 ndcg@10=0.0723 train_loss=5.6509]
Sun, 12 Jan 2025 17:29:36 recommender.py[line:519] INFO Train time: 1.53626s. Valid time: 1.57066s
Sun, 12 Jan 2025 17:29:38 recommender.py[line:254] INFO Training: Epoch= 11 [recall@10=0.1492 ndcg@10=0.0724 train_loss=5.6363]
Sun, 12 Jan 2025 17:29:38 recommender.py[line:519] INFO Train time: 1.50229s. Valid time: 1.53207s
Sun, 12 Jan 2025 17:29:39 recommender.py[line:254] INFO Training: Epoch= 12 [recall@10=0.1492 ndcg@10=0.0703 train_loss=5.6138]
Sun, 12 Jan 2025 17:29:39 recommender.py[line:519] INFO Train time: 1.35393s. Valid time: 1.38779s
Sun, 12 Jan 2025 17:29:41 recommender.py[line:254] INFO Training: Epoch= 13 [recall@10=0.1460 ndcg@10=0.0746 train_loss=5.5985]
Sun, 12 Jan 2025 17:29:41 recommender.py[line:519] INFO Train time: 1.52360s. Valid time: 1.56823s
Sun, 12 Jan 2025 17:29:42 recommender.py[line:254] INFO Training: Epoch= 14 [recall@10=0.1619 ndcg@10=0.0761 train_loss=5.5902]
Sun, 12 Jan 2025 17:29:42 recommender.py[line:519] INFO Train time: 1.45181s. Valid time: 1.49113s
Sun, 12 Jan 2025 17:29:42 recommender.py[line:548] INFO recall@10 improved. Best value: 0.1619
Sun, 12 Jan 2025 17:29:44 recommender.py[line:254] INFO Training: Epoch= 15 [recall@10=0.1492 ndcg@10=0.0753 train_loss=5.5655]
Sun, 12 Jan 2025 17:29:44 recommender.py[line:519] INFO Train time: 1.44045s. Valid time: 1.47044s
Sun, 12 Jan 2025 17:29:45 recommender.py[line:254] INFO Training: Epoch= 16 [recall@10=0.1524 ndcg@10=0.0716 train_loss=5.5526]
Sun, 12 Jan 2025 17:29:45 recommender.py[line:519] INFO Train time: 1.49341s. Valid time: 1.53287s
Sun, 12 Jan 2025 17:29:47 recommender.py[line:254] INFO Training: Epoch= 17 [recall@10=0.1524 ndcg@10=0.0666 train_loss=5.5446]
Sun, 12 Jan 2025 17:29:47 recommender.py[line:519] INFO Train time: 1.36753s. Valid time: 1.40458s
Sun, 12 Jan 2025 17:29:48 recommender.py[line:254] INFO Training: Epoch= 18 [recall@10=0.1524 ndcg@10=0.0774 train_loss=5.5260]
Sun, 12 Jan 2025 17:29:48 recommender.py[line:519] INFO Train time: 1.48445s. Valid time: 1.51718s
Sun, 12 Jan 2025 17:29:50 recommender.py[line:254] INFO Training: Epoch= 19 [recall@10=0.1460 ndcg@10=0.0742 train_loss=5.5113]
Sun, 12 Jan 2025 17:29:50 recommender.py[line:519] INFO Train time: 1.55284s. Valid time: 1.59574s
Sun, 12 Jan 2025 17:29:51 recommender.py[line:254] INFO Training: Epoch= 20 [recall@10=0.1683 ndcg@10=0.0776 train_loss=5.5093]
Sun, 12 Jan 2025 17:29:51 recommender.py[line:519] INFO Train time: 1.39330s. Valid time: 1.43049s
Sun, 12 Jan 2025 17:29:51 recommender.py[line:548] INFO recall@10 improved. Best value: 0.1683
Sun, 12 Jan 2025 17:29:53 recommender.py[line:254] INFO Training: Epoch= 21 [recall@10=0.1524 ndcg@10=0.0704 train_loss=5.4907]
Sun, 12 Jan 2025 17:29:53 recommender.py[line:519] INFO Train time: 1.41266s. Valid time: 1.45026s
Sun, 12 Jan 2025 17:29:54 recommender.py[line:254] INFO Training: Epoch= 22 [recall@10=0.1556 ndcg@10=0.0749 train_loss=5.4764]
Sun, 12 Jan 2025 17:29:54 recommender.py[line:519] INFO Train time: 1.38130s. Valid time: 1.41990s
Sun, 12 Jan 2025 17:29:55 recommender.py[line:254] INFO Training: Epoch= 23 [recall@10=0.1556 ndcg@10=0.0685 train_loss=5.4726]
Sun, 12 Jan 2025 17:29:55 recommender.py[line:519] INFO Train time: 1.36659s. Valid time: 1.40316s
Sun, 12 Jan 2025 17:29:57 recommender.py[line:254] INFO Training: Epoch= 24 [recall@10=0.1587 ndcg@10=0.0766 train_loss=5.4661]
Sun, 12 Jan 2025 17:29:57 recommender.py[line:519] INFO Train time: 1.41676s. Valid time: 1.45017s
Sun, 12 Jan 2025 17:29:58 recommender.py[line:254] INFO Training: Epoch= 25 [recall@10=0.1492 ndcg@10=0.0699 train_loss=5.4513]
Sun, 12 Jan 2025 17:29:58 recommender.py[line:519] INFO Train time: 1.31991s. Valid time: 1.35829s
Sun, 12 Jan 2025 17:30:00 recommender.py[line:254] INFO Training: Epoch= 26 [recall@10=0.1429 ndcg@10=0.0670 train_loss=5.4454]
Sun, 12 Jan 2025 17:30:00 recommender.py[line:519] INFO Train time: 1.32546s. Valid time: 1.35587s
Sun, 12 Jan 2025 17:30:01 recommender.py[line:254] INFO Training: Epoch= 27 [recall@10=0.1397 ndcg@10=0.0667 train_loss=5.4300]
Sun, 12 Jan 2025 17:30:01 recommender.py[line:519] INFO Train time: 1.17545s. Valid time: 1.21142s
Sun, 12 Jan 2025 17:30:02 recommender.py[line:254] INFO Training: Epoch= 28 [recall@10=0.1524 ndcg@10=0.0736 train_loss=5.4288]
Sun, 12 Jan 2025 17:30:02 recommender.py[line:519] INFO Train time: 1.38785s. Valid time: 1.41943s
Sun, 12 Jan 2025 17:30:04 recommender.py[line:254] INFO Training: Epoch= 29 [recall@10=0.1619 ndcg@10=0.0770 train_loss=5.4204]
Sun, 12 Jan 2025 17:30:04 recommender.py[line:519] INFO Train time: 1.30507s. Valid time: 1.33718s
Sun, 12 Jan 2025 17:30:05 recommender.py[line:254] INFO Training: Epoch= 30 [recall@10=0.1746 ndcg@10=0.0824 train_loss=5.4071]
Sun, 12 Jan 2025 17:30:05 recommender.py[line:519] INFO Train time: 1.29839s. Valid time: 1.32297s
Sun, 12 Jan 2025 17:30:05 recommender.py[line:548] INFO recall@10 improved. Best value: 0.1746
Sun, 12 Jan 2025 17:30:06 recommender.py[line:254] INFO Training: Epoch= 31 [recall@10=0.1429 ndcg@10=0.0707 train_loss=5.4041]
Sun, 12 Jan 2025 17:30:06 recommender.py[line:519] INFO Train time: 1.37603s. Valid time: 1.40226s
Sun, 12 Jan 2025 17:30:08 recommender.py[line:254] INFO Training: Epoch= 32 [recall@10=0.1651 ndcg@10=0.0812 train_loss=5.3967]
Sun, 12 Jan 2025 17:30:08 recommender.py[line:519] INFO Train time: 1.30963s. Valid time: 1.34193s
Sun, 12 Jan 2025 17:30:09 recommender.py[line:254] INFO Training: Epoch= 33 [recall@10=0.1587 ndcg@10=0.0775 train_loss=5.3881]
Sun, 12 Jan 2025 17:30:09 recommender.py[line:519] INFO Train time: 1.32414s. Valid time: 1.35546s
Sun, 12 Jan 2025 17:30:11 recommender.py[line:254] INFO Training: Epoch= 34 [recall@10=0.1619 ndcg@10=0.0807 train_loss=5.3739]
Sun, 12 Jan 2025 17:30:11 recommender.py[line:519] INFO Train time: 1.42605s. Valid time: 1.45317s
Sun, 12 Jan 2025 17:30:12 recommender.py[line:254] INFO Training: Epoch= 35 [recall@10=0.1683 ndcg@10=0.0827 train_loss=5.3648]
Sun, 12 Jan 2025 17:30:12 recommender.py[line:519] INFO Train time: 1.28458s. Valid time: 1.30907s
Sun, 12 Jan 2025 17:30:13 recommender.py[line:254] INFO Training: Epoch= 36 [recall@10=0.1556 ndcg@10=0.0766 train_loss=5.3578]
Sun, 12 Jan 2025 17:30:13 recommender.py[line:519] INFO Train time: 1.30680s. Valid time: 1.33707s
Sun, 12 Jan 2025 17:30:15 recommender.py[line:254] INFO Training: Epoch= 37 [recall@10=0.1683 ndcg@10=0.0822 train_loss=5.3504]
Sun, 12 Jan 2025 17:30:15 recommender.py[line:519] INFO Train time: 1.34172s. Valid time: 1.36652s
Sun, 12 Jan 2025 17:30:16 recommender.py[line:254] INFO Training: Epoch= 38 [recall@10=0.1492 ndcg@10=0.0724 train_loss=5.3440]
Sun, 12 Jan 2025 17:30:16 recommender.py[line:519] INFO Train time: 1.40128s. Valid time: 1.42763s
Sun, 12 Jan 2025 17:30:17 recommender.py[line:254] INFO Training: Epoch= 39 [recall@10=0.1651 ndcg@10=0.0792 train_loss=5.3372]
Sun, 12 Jan 2025 17:30:17 recommender.py[line:519] INFO Train time: 1.26530s. Valid time: 1.29128s
Sun, 12 Jan 2025 17:30:19 recommender.py[line:254] INFO Training: Epoch= 40 [recall@10=0.1587 ndcg@10=0.0755 train_loss=5.3283]
Sun, 12 Jan 2025 17:30:19 recommender.py[line:519] INFO Train time: 1.25273s. Valid time: 1.27938s
Sun, 12 Jan 2025 17:30:20 recommender.py[line:254] INFO Training: Epoch= 41 [recall@10=0.1651 ndcg@10=0.0785 train_loss=5.3300]
Sun, 12 Jan 2025 17:30:20 recommender.py[line:519] INFO Train time: 1.34345s. Valid time: 1.36818s
Sun, 12 Jan 2025 17:30:21 recommender.py[line:254] INFO Training: Epoch= 42 [recall@10=0.1651 ndcg@10=0.0808 train_loss=5.3169]
Sun, 12 Jan 2025 17:30:21 recommender.py[line:519] INFO Train time: 1.19695s. Valid time: 1.21855s
Sun, 12 Jan 2025 17:30:22 recommender.py[line:254] INFO Training: Epoch= 43 [recall@10=0.1651 ndcg@10=0.0811 train_loss=5.3051]
Sun, 12 Jan 2025 17:30:22 recommender.py[line:519] INFO Train time: 1.26465s. Valid time: 1.29224s
Sun, 12 Jan 2025 17:30:24 recommender.py[line:254] INFO Training: Epoch= 44 [recall@10=0.1524 ndcg@10=0.0756 train_loss=5.3002]
Sun, 12 Jan 2025 17:30:24 recommender.py[line:519] INFO Train time: 1.31316s. Valid time: 1.33946s
Sun, 12 Jan 2025 17:30:25 recommender.py[line:254] INFO Training: Epoch= 45 [recall@10=0.1714 ndcg@10=0.0820 train_loss=5.2876]
Sun, 12 Jan 2025 17:30:25 recommender.py[line:519] INFO Train time: 1.16144s. Valid time: 1.18139s
Sun, 12 Jan 2025 17:30:26 recommender.py[line:254] INFO Training: Epoch= 46 [recall@10=0.1651 ndcg@10=0.0824 train_loss=5.2917]
Sun, 12 Jan 2025 17:30:26 recommender.py[line:519] INFO Train time: 1.33750s. Valid time: 1.36386s
Sun, 12 Jan 2025 17:30:28 recommender.py[line:254] INFO Training: Epoch= 47 [recall@10=0.1587 ndcg@10=0.0782 train_loss=5.2808]
Sun, 12 Jan 2025 17:30:28 recommender.py[line:519] INFO Train time: 1.24544s. Valid time: 1.27090s
Sun, 12 Jan 2025 17:30:29 recommender.py[line:254] INFO Training: Epoch= 48 [recall@10=0.1619 ndcg@10=0.0847 train_loss=5.2740]
Sun, 12 Jan 2025 17:30:29 recommender.py[line:519] INFO Train time: 1.30622s. Valid time: 1.32897s
Sun, 12 Jan 2025 17:30:30 recommender.py[line:254] INFO Training: Epoch= 49 [recall@10=0.1746 ndcg@10=0.0873 train_loss=5.2664]
Sun, 12 Jan 2025 17:30:30 recommender.py[line:519] INFO Train time: 1.27277s. Valid time: 1.29330s
Sun, 12 Jan 2025 17:30:32 recommender.py[line:254] INFO Training: Epoch= 50 [recall@10=0.1683 ndcg@10=0.0855 train_loss=5.2566]
Sun, 12 Jan 2025 17:30:32 recommender.py[line:519] INFO Train time: 1.29020s. Valid time: 1.31320s
Sun, 12 Jan 2025 17:30:32 recommender.py[line:559] INFO Early stopped. recall@10 didn't improve for 20 epochs.
Sun, 12 Jan 2025 17:30:32 recommender.py[line:562] INFO The best score of recall@10 is 0.1746 at 30
Sun, 12 Jan 2025 17:30:32 recommender.py[line:730] INFO Best model checkpoiny saved in ./metadata/model_checkpoint/shadow_model/movielens/BERT4Rec/split/train/nonmember_model_13.
Sun, 12 Jan 2025 17:30:32 shadow.py[line:57] INFO Shadow model recommendation performance:
Sun, 12 Jan 2025 17:30:32 recommender.py[line:196] INFO Testing:  [recall@10=0.1524 precision@10=0.0152 map@10=0.0561 ndcg@10=0.0783 mrr@10=0.0561 hit@10=0.1524]
Sun, 12 Jan 2025 17:30:36 shadow.py[line:292] INFO End of the code.
