Sun, 12 Jan 2025 17:27:51 shadow.py[line:150] INFO {'dataset': 'movielens', 'model': 'BERT4Rec', 'split_seed': 12, 'gpu': 3, 'split_cf': 'split', 'train_cf': 'train'}
Sun, 12 Jan 2025 17:27:51 utils.py[line:224] INFO dataset is read from ../datasets/movielens.
Sun, 12 Jan 2025 17:27:51 utils.py[line:38] INFO 
Dataset Info: 

==================================================
item information: 
field     item_id   
type      token     
##        1153      
==================================================
user information: 
field     user_id   
type      token     
##        944       
==================================================
interaction information: 
field     user_id   item_id   rating    timestamp 
type      token     token     float     float     
##        944       1153      -         -         
==================================================
Sparsity: 0.909832
==================================================
Sun, 12 Jan 2025 17:27:53 utils.py[line:297] INFO Global seed set to 2019
Sun, 12 Jan 2025 17:27:53 utils.py[line:62] INFO 
Model Config: 

accelerator=gpu
activation=gelu
ann=None
batch_size=1024
cutoff=10
dataset_neg_count=None
dataset_sampler=None
dropout=0.2
early_stop_mode=max
early_stop_patience=20
embed_dim=64
epochs=100
eval_batch_size=128
excluding_hist=False
gpu=[3]
head_num=2
hidden_size=128
item_bias=False
layer_norm_eps=1e-12
layer_num=2
learner=adam
learning_rate=0.001
mask_ratio=0.2
negative_count=1
num_workers=0
pooling_type=mask
save_path=./saved/
scheduler=None
seed=2019
split_ratio=2
steal=False
test_metrics=['recall', 'precision', 'map', 'ndcg', 'mrr', 'hit']
test_repetitive=True
topk=100
train_repetitive=True
val_metrics=['recall', 'ndcg']
weight_decay=1e-05
Sun, 12 Jan 2025 17:27:53 utils.py[line:297] INFO Global seed set to 2019
Sun, 12 Jan 2025 17:27:53 utils.py[line:62] INFO 
Model Config: 

accelerator=gpu
activation=gelu
ann=None
batch_size=1024
cutoff=10
dataset_neg_count=None
dataset_sampler=None
dropout=0.2
early_stop_mode=max
early_stop_patience=20
embed_dim=64
epochs=100
eval_batch_size=128
excluding_hist=False
gpu=[3]
head_num=2
hidden_size=128
item_bias=False
layer_norm_eps=1e-12
layer_num=2
learner=adam
learning_rate=0.001
mask_ratio=0.2
negative_count=1
num_workers=0
pooling_type=mask
save_path=./saved/
scheduler=None
seed=2019
split_ratio=2
steal=False
test_metrics=['recall', 'precision', 'map', 'ndcg', 'mrr', 'hit']
test_repetitive=True
topk=100
train_repetitive=True
val_metrics=['recall', 'ndcg']
weight_decay=1e-05
Sun, 12 Jan 2025 17:27:53 recommender.py[line:128] INFO save_dir:/data1/home/zhihao/code/RecAudit/open-source/RecAudit/RecStudio-main
Sun, 12 Jan 2025 17:27:53 recommender.py[line:131] INFO BERT4Rec(
  (loss_fn): SoftmaxLoss()
  (score_func): InnerProductScorer()
  (item_encoder): Embedding(1154, 64, padding_idx=0)
  (query_encoder): BERT4RecQueryEncoder(
    (item_encoder): Embedding(1154, 64, padding_idx=0)
    (position_emb): Embedding(20, 64)
    (transformer_layer): TransformerEncoder(
      (layers): ModuleList(
        (0): TransformerEncoderLayer(
          (self_attn): MultiheadAttention(
            (out_proj): NonDynamicallyQuantizableLinear(in_features=64, out_features=64, bias=True)
          )
          (linear1): Linear(in_features=64, out_features=128, bias=True)
          (dropout): Dropout(p=0.2, inplace=False)
          (linear2): Linear(in_features=128, out_features=64, bias=True)
          (norm1): LayerNorm((64,), eps=1e-12, elementwise_affine=True)
          (norm2): LayerNorm((64,), eps=1e-12, elementwise_affine=True)
          (dropout1): Dropout(p=0.2, inplace=False)
          (dropout2): Dropout(p=0.2, inplace=False)
        )
        (1): TransformerEncoderLayer(
          (self_attn): MultiheadAttention(
            (out_proj): NonDynamicallyQuantizableLinear(in_features=64, out_features=64, bias=True)
          )
          (linear1): Linear(in_features=64, out_features=128, bias=True)
          (dropout): Dropout(p=0.2, inplace=False)
          (linear2): Linear(in_features=128, out_features=64, bias=True)
          (norm1): LayerNorm((64,), eps=1e-12, elementwise_affine=True)
          (norm2): LayerNorm((64,), eps=1e-12, elementwise_affine=True)
          (dropout1): Dropout(p=0.2, inplace=False)
          (dropout2): Dropout(p=0.2, inplace=False)
        )
      )
    )
    (dropout): Dropout(p=0.2, inplace=False)
    (training_pooling_layer): SeqPoolingLayer(pooling_type=mask, keepdim=False)
    (eval_pooling_layer): SeqPoolingLayer(pooling_type=last, keepdim=False)
  )
)
Sun, 12 Jan 2025 17:27:59 recommender.py[line:254] INFO Training: Epoch=  0 [recall@10=0.0414 ndcg@10=0.0201 train_loss=6.8095]
Sun, 12 Jan 2025 17:27:59 recommender.py[line:519] INFO Train time: 1.94695s. Valid time: 1.98449s
Sun, 12 Jan 2025 17:27:59 recommender.py[line:548] INFO recall@10 improved. Best value: 0.0414
Sun, 12 Jan 2025 17:28:01 recommender.py[line:254] INFO Training: Epoch=  1 [recall@10=0.0541 ndcg@10=0.0311 train_loss=6.6044]
Sun, 12 Jan 2025 17:28:01 recommender.py[line:519] INFO Train time: 1.58940s. Valid time: 1.62487s
Sun, 12 Jan 2025 17:28:01 recommender.py[line:548] INFO recall@10 improved. Best value: 0.0541
Sun, 12 Jan 2025 17:28:03 recommender.py[line:254] INFO Training: Epoch=  2 [recall@10=0.1083 ndcg@10=0.0578 train_loss=6.3132]
Sun, 12 Jan 2025 17:28:03 recommender.py[line:519] INFO Train time: 1.50467s. Valid time: 1.54212s
Sun, 12 Jan 2025 17:28:03 recommender.py[line:548] INFO recall@10 improved. Best value: 0.1083
Sun, 12 Jan 2025 17:28:04 recommender.py[line:254] INFO Training: Epoch=  3 [recall@10=0.1274 ndcg@10=0.0634 train_loss=6.0208]
Sun, 12 Jan 2025 17:28:04 recommender.py[line:519] INFO Train time: 1.53143s. Valid time: 1.56754s
Sun, 12 Jan 2025 17:28:04 recommender.py[line:548] INFO recall@10 improved. Best value: 0.1274
Sun, 12 Jan 2025 17:28:06 recommender.py[line:254] INFO Training: Epoch=  4 [recall@10=0.1242 ndcg@10=0.0633 train_loss=5.8942]
Sun, 12 Jan 2025 17:28:06 recommender.py[line:519] INFO Train time: 1.58940s. Valid time: 1.62372s
Sun, 12 Jan 2025 17:28:07 recommender.py[line:254] INFO Training: Epoch=  5 [recall@10=0.1306 ndcg@10=0.0594 train_loss=5.8103]
Sun, 12 Jan 2025 17:28:07 recommender.py[line:519] INFO Train time: 1.43672s. Valid time: 1.47670s
Sun, 12 Jan 2025 17:28:07 recommender.py[line:548] INFO recall@10 improved. Best value: 0.1306
Sun, 12 Jan 2025 17:28:09 recommender.py[line:254] INFO Training: Epoch=  6 [recall@10=0.1306 ndcg@10=0.0653 train_loss=5.7540]
Sun, 12 Jan 2025 17:28:09 recommender.py[line:519] INFO Train time: 1.54701s. Valid time: 1.59243s
Sun, 12 Jan 2025 17:28:10 recommender.py[line:254] INFO Training: Epoch=  7 [recall@10=0.1274 ndcg@10=0.0655 train_loss=5.7106]
Sun, 12 Jan 2025 17:28:10 recommender.py[line:519] INFO Train time: 1.62679s. Valid time: 1.66105s
Sun, 12 Jan 2025 17:28:12 recommender.py[line:254] INFO Training: Epoch=  8 [recall@10=0.1210 ndcg@10=0.0591 train_loss=5.6802]
Sun, 12 Jan 2025 17:28:12 recommender.py[line:519] INFO Train time: 1.43775s. Valid time: 1.47335s
Sun, 12 Jan 2025 17:28:13 recommender.py[line:254] INFO Training: Epoch=  9 [recall@10=0.1338 ndcg@10=0.0690 train_loss=5.6489]
Sun, 12 Jan 2025 17:28:13 recommender.py[line:519] INFO Train time: 1.49346s. Valid time: 1.52670s
Sun, 12 Jan 2025 17:28:13 recommender.py[line:548] INFO recall@10 improved. Best value: 0.1338
Sun, 12 Jan 2025 17:28:15 recommender.py[line:254] INFO Training: Epoch= 10 [recall@10=0.1306 ndcg@10=0.0713 train_loss=5.6253]
Sun, 12 Jan 2025 17:28:15 recommender.py[line:519] INFO Train time: 1.58520s. Valid time: 1.62712s
Sun, 12 Jan 2025 17:28:17 recommender.py[line:254] INFO Training: Epoch= 11 [recall@10=0.1561 ndcg@10=0.0739 train_loss=5.6002]
Sun, 12 Jan 2025 17:28:17 recommender.py[line:519] INFO Train time: 1.49580s. Valid time: 1.52625s
Sun, 12 Jan 2025 17:28:17 recommender.py[line:548] INFO recall@10 improved. Best value: 0.1561
Sun, 12 Jan 2025 17:28:18 recommender.py[line:254] INFO Training: Epoch= 12 [recall@10=0.1433 ndcg@10=0.0762 train_loss=5.5789]
Sun, 12 Jan 2025 17:28:18 recommender.py[line:519] INFO Train time: 1.60392s. Valid time: 1.64010s
Sun, 12 Jan 2025 17:28:20 recommender.py[line:254] INFO Training: Epoch= 13 [recall@10=0.1561 ndcg@10=0.0823 train_loss=5.5624]
Sun, 12 Jan 2025 17:28:20 recommender.py[line:519] INFO Train time: 1.53096s. Valid time: 1.55733s
Sun, 12 Jan 2025 17:28:21 recommender.py[line:254] INFO Training: Epoch= 14 [recall@10=0.1592 ndcg@10=0.0836 train_loss=5.5554]
Sun, 12 Jan 2025 17:28:21 recommender.py[line:519] INFO Train time: 1.41562s. Valid time: 1.45805s
Sun, 12 Jan 2025 17:28:21 recommender.py[line:548] INFO recall@10 improved. Best value: 0.1592
Sun, 12 Jan 2025 17:28:23 recommender.py[line:254] INFO Training: Epoch= 15 [recall@10=0.1592 ndcg@10=0.0816 train_loss=5.5453]
Sun, 12 Jan 2025 17:28:23 recommender.py[line:519] INFO Train time: 1.53537s. Valid time: 1.56972s
Sun, 12 Jan 2025 17:28:24 recommender.py[line:254] INFO Training: Epoch= 16 [recall@10=0.1624 ndcg@10=0.0831 train_loss=5.5170]
Sun, 12 Jan 2025 17:28:24 recommender.py[line:519] INFO Train time: 1.55328s. Valid time: 1.59648s
Sun, 12 Jan 2025 17:28:24 recommender.py[line:548] INFO recall@10 improved. Best value: 0.1624
Sun, 12 Jan 2025 17:28:26 recommender.py[line:254] INFO Training: Epoch= 17 [recall@10=0.1720 ndcg@10=0.0912 train_loss=5.5109]
Sun, 12 Jan 2025 17:28:26 recommender.py[line:519] INFO Train time: 1.66568s. Valid time: 1.71071s
Sun, 12 Jan 2025 17:28:26 recommender.py[line:548] INFO recall@10 improved. Best value: 0.1720
Sun, 12 Jan 2025 17:28:28 recommender.py[line:254] INFO Training: Epoch= 18 [recall@10=0.1847 ndcg@10=0.0923 train_loss=5.4951]
Sun, 12 Jan 2025 17:28:28 recommender.py[line:519] INFO Train time: 1.70698s. Valid time: 1.74444s
Sun, 12 Jan 2025 17:28:28 recommender.py[line:548] INFO recall@10 improved. Best value: 0.1847
Sun, 12 Jan 2025 17:28:29 recommender.py[line:254] INFO Training: Epoch= 19 [recall@10=0.1592 ndcg@10=0.0830 train_loss=5.4831]
Sun, 12 Jan 2025 17:28:29 recommender.py[line:519] INFO Train time: 1.45567s. Valid time: 1.48714s
Sun, 12 Jan 2025 17:28:31 recommender.py[line:254] INFO Training: Epoch= 20 [recall@10=0.1720 ndcg@10=0.0870 train_loss=5.4637]
Sun, 12 Jan 2025 17:28:31 recommender.py[line:519] INFO Train time: 1.49615s. Valid time: 1.53354s
Sun, 12 Jan 2025 17:28:32 recommender.py[line:254] INFO Training: Epoch= 21 [recall@10=0.1783 ndcg@10=0.0822 train_loss=5.4541]
Sun, 12 Jan 2025 17:28:32 recommender.py[line:519] INFO Train time: 1.52735s. Valid time: 1.56334s
Sun, 12 Jan 2025 17:28:34 recommender.py[line:254] INFO Training: Epoch= 22 [recall@10=0.1561 ndcg@10=0.0783 train_loss=5.4430]
Sun, 12 Jan 2025 17:28:34 recommender.py[line:519] INFO Train time: 1.48871s. Valid time: 1.52709s
Sun, 12 Jan 2025 17:28:36 recommender.py[line:254] INFO Training: Epoch= 23 [recall@10=0.1592 ndcg@10=0.0781 train_loss=5.4347]
Sun, 12 Jan 2025 17:28:36 recommender.py[line:519] INFO Train time: 1.74089s. Valid time: 1.78685s
Sun, 12 Jan 2025 17:28:37 recommender.py[line:254] INFO Training: Epoch= 24 [recall@10=0.1656 ndcg@10=0.0818 train_loss=5.4197]
Sun, 12 Jan 2025 17:28:37 recommender.py[line:519] INFO Train time: 1.54701s. Valid time: 1.57580s
Sun, 12 Jan 2025 17:28:39 recommender.py[line:254] INFO Training: Epoch= 25 [recall@10=0.1720 ndcg@10=0.0841 train_loss=5.4062]
Sun, 12 Jan 2025 17:28:39 recommender.py[line:519] INFO Train time: 1.51536s. Valid time: 1.54781s
Sun, 12 Jan 2025 17:28:41 recommender.py[line:254] INFO Training: Epoch= 26 [recall@10=0.1624 ndcg@10=0.0787 train_loss=5.4033]
Sun, 12 Jan 2025 17:28:41 recommender.py[line:519] INFO Train time: 1.57286s. Valid time: 1.61125s
Sun, 12 Jan 2025 17:28:42 recommender.py[line:254] INFO Training: Epoch= 27 [recall@10=0.1497 ndcg@10=0.0750 train_loss=5.3881]
Sun, 12 Jan 2025 17:28:42 recommender.py[line:519] INFO Train time: 1.69804s. Valid time: 1.73487s
Sun, 12 Jan 2025 17:28:44 recommender.py[line:254] INFO Training: Epoch= 28 [recall@10=0.1656 ndcg@10=0.0810 train_loss=5.3813]
Sun, 12 Jan 2025 17:28:44 recommender.py[line:519] INFO Train time: 1.71538s. Valid time: 1.75819s
Sun, 12 Jan 2025 17:28:46 recommender.py[line:254] INFO Training: Epoch= 29 [recall@10=0.1465 ndcg@10=0.0790 train_loss=5.3798]
Sun, 12 Jan 2025 17:28:46 recommender.py[line:519] INFO Train time: 1.97072s. Valid time: 2.01914s
Sun, 12 Jan 2025 17:28:48 recommender.py[line:254] INFO Training: Epoch= 30 [recall@10=0.1561 ndcg@10=0.0814 train_loss=5.3694]
Sun, 12 Jan 2025 17:28:48 recommender.py[line:519] INFO Train time: 1.53580s. Valid time: 1.56799s
Sun, 12 Jan 2025 17:28:49 recommender.py[line:254] INFO Training: Epoch= 31 [recall@10=0.1561 ndcg@10=0.0800 train_loss=5.3588]
Sun, 12 Jan 2025 17:28:49 recommender.py[line:519] INFO Train time: 1.63938s. Valid time: 1.67169s
Sun, 12 Jan 2025 17:28:51 recommender.py[line:254] INFO Training: Epoch= 32 [recall@10=0.1592 ndcg@10=0.0842 train_loss=5.3538]
Sun, 12 Jan 2025 17:28:51 recommender.py[line:519] INFO Train time: 1.46433s. Valid time: 1.49157s
Sun, 12 Jan 2025 17:28:52 recommender.py[line:254] INFO Training: Epoch= 33 [recall@10=0.1465 ndcg@10=0.0793 train_loss=5.3495]
Sun, 12 Jan 2025 17:28:52 recommender.py[line:519] INFO Train time: 1.43391s. Valid time: 1.45984s
Sun, 12 Jan 2025 17:28:54 recommender.py[line:254] INFO Training: Epoch= 34 [recall@10=0.1688 ndcg@10=0.0836 train_loss=5.3374]
Sun, 12 Jan 2025 17:28:54 recommender.py[line:519] INFO Train time: 1.46575s. Valid time: 1.50183s
Sun, 12 Jan 2025 17:28:55 recommender.py[line:254] INFO Training: Epoch= 35 [recall@10=0.1529 ndcg@10=0.0785 train_loss=5.3289]
Sun, 12 Jan 2025 17:28:55 recommender.py[line:519] INFO Train time: 1.41434s. Valid time: 1.44427s
Sun, 12 Jan 2025 17:28:57 recommender.py[line:254] INFO Training: Epoch= 36 [recall@10=0.1624 ndcg@10=0.0820 train_loss=5.3251]
Sun, 12 Jan 2025 17:28:57 recommender.py[line:519] INFO Train time: 1.62899s. Valid time: 1.66453s
Sun, 12 Jan 2025 17:28:58 recommender.py[line:254] INFO Training: Epoch= 37 [recall@10=0.1592 ndcg@10=0.0813 train_loss=5.3257]
Sun, 12 Jan 2025 17:28:58 recommender.py[line:519] INFO Train time: 1.51527s. Valid time: 1.55036s
Sun, 12 Jan 2025 17:29:00 recommender.py[line:254] INFO Training: Epoch= 38 [recall@10=0.1401 ndcg@10=0.0774 train_loss=5.3088]
Sun, 12 Jan 2025 17:29:00 recommender.py[line:519] INFO Train time: 1.58408s. Valid time: 1.62057s
Sun, 12 Jan 2025 17:29:00 recommender.py[line:559] INFO Early stopped. recall@10 didn't improve for 20 epochs.
Sun, 12 Jan 2025 17:29:00 recommender.py[line:562] INFO The best score of recall@10 is 0.1847 at 18
Sun, 12 Jan 2025 17:29:00 recommender.py[line:730] INFO Best model checkpoiny saved in ./metadata/model_checkpoint/shadow_model/movielens/BERT4Rec/split/train/member_model_12.
Sun, 12 Jan 2025 17:29:00 shadow.py[line:57] INFO Shadow model recommendation performance:
Sun, 12 Jan 2025 17:29:00 recommender.py[line:196] INFO Testing:  [recall@10=0.1656 precision@10=0.0166 map@10=0.0557 ndcg@10=0.0809 mrr@10=0.0557 hit@10=0.1656]
Sun, 12 Jan 2025 17:29:00 recommender.py[line:128] INFO save_dir:/data1/home/zhihao/code/RecAudit/open-source/RecAudit/RecStudio-main
Sun, 12 Jan 2025 17:29:00 recommender.py[line:131] INFO BERT4Rec(
  (loss_fn): SoftmaxLoss()
  (score_func): InnerProductScorer()
  (item_encoder): Embedding(1154, 64, padding_idx=0)
  (query_encoder): BERT4RecQueryEncoder(
    (item_encoder): Embedding(1154, 64, padding_idx=0)
    (position_emb): Embedding(20, 64)
    (transformer_layer): TransformerEncoder(
      (layers): ModuleList(
        (0): TransformerEncoderLayer(
          (self_attn): MultiheadAttention(
            (out_proj): NonDynamicallyQuantizableLinear(in_features=64, out_features=64, bias=True)
          )
          (linear1): Linear(in_features=64, out_features=128, bias=True)
          (dropout): Dropout(p=0.2, inplace=False)
          (linear2): Linear(in_features=128, out_features=64, bias=True)
          (norm1): LayerNorm((64,), eps=1e-12, elementwise_affine=True)
          (norm2): LayerNorm((64,), eps=1e-12, elementwise_affine=True)
          (dropout1): Dropout(p=0.2, inplace=False)
          (dropout2): Dropout(p=0.2, inplace=False)
        )
        (1): TransformerEncoderLayer(
          (self_attn): MultiheadAttention(
            (out_proj): NonDynamicallyQuantizableLinear(in_features=64, out_features=64, bias=True)
          )
          (linear1): Linear(in_features=64, out_features=128, bias=True)
          (dropout): Dropout(p=0.2, inplace=False)
          (linear2): Linear(in_features=128, out_features=64, bias=True)
          (norm1): LayerNorm((64,), eps=1e-12, elementwise_affine=True)
          (norm2): LayerNorm((64,), eps=1e-12, elementwise_affine=True)
          (dropout1): Dropout(p=0.2, inplace=False)
          (dropout2): Dropout(p=0.2, inplace=False)
        )
      )
    )
    (dropout): Dropout(p=0.2, inplace=False)
    (training_pooling_layer): SeqPoolingLayer(pooling_type=mask, keepdim=False)
    (eval_pooling_layer): SeqPoolingLayer(pooling_type=last, keepdim=False)
  )
)
Sun, 12 Jan 2025 17:29:02 recommender.py[line:254] INFO Training: Epoch=  0 [recall@10=0.0635 ndcg@10=0.0279 train_loss=6.7981]
Sun, 12 Jan 2025 17:29:02 recommender.py[line:519] INFO Train time: 1.33828s. Valid time: 1.38463s
Sun, 12 Jan 2025 17:29:02 recommender.py[line:548] INFO recall@10 improved. Best value: 0.0635
Sun, 12 Jan 2025 17:29:03 recommender.py[line:254] INFO Training: Epoch=  1 [recall@10=0.0857 ndcg@10=0.0458 train_loss=6.5578]
Sun, 12 Jan 2025 17:29:03 recommender.py[line:519] INFO Train time: 1.24041s. Valid time: 1.27856s
Sun, 12 Jan 2025 17:29:03 recommender.py[line:548] INFO recall@10 improved. Best value: 0.0857
Sun, 12 Jan 2025 17:29:04 recommender.py[line:254] INFO Training: Epoch=  2 [recall@10=0.1365 ndcg@10=0.0674 train_loss=6.2938]
Sun, 12 Jan 2025 17:29:04 recommender.py[line:519] INFO Train time: 1.32495s. Valid time: 1.36718s
Sun, 12 Jan 2025 17:29:04 recommender.py[line:548] INFO recall@10 improved. Best value: 0.1365
Sun, 12 Jan 2025 17:29:06 recommender.py[line:254] INFO Training: Epoch=  3 [recall@10=0.1333 ndcg@10=0.0611 train_loss=6.0253]
Sun, 12 Jan 2025 17:29:06 recommender.py[line:519] INFO Train time: 1.26580s. Valid time: 1.30485s
Sun, 12 Jan 2025 17:29:07 recommender.py[line:254] INFO Training: Epoch=  4 [recall@10=0.1333 ndcg@10=0.0621 train_loss=5.8736]
Sun, 12 Jan 2025 17:29:07 recommender.py[line:519] INFO Train time: 1.35963s. Valid time: 1.40505s
Sun, 12 Jan 2025 17:29:08 recommender.py[line:254] INFO Training: Epoch=  5 [recall@10=0.1397 ndcg@10=0.0631 train_loss=5.7904]
Sun, 12 Jan 2025 17:29:08 recommender.py[line:519] INFO Train time: 1.33696s. Valid time: 1.37288s
Sun, 12 Jan 2025 17:29:08 recommender.py[line:548] INFO recall@10 improved. Best value: 0.1397
Sun, 12 Jan 2025 17:29:10 recommender.py[line:254] INFO Training: Epoch=  6 [recall@10=0.1397 ndcg@10=0.0627 train_loss=5.7207]
Sun, 12 Jan 2025 17:29:10 recommender.py[line:519] INFO Train time: 1.24986s. Valid time: 1.28098s
Sun, 12 Jan 2025 17:29:11 recommender.py[line:254] INFO Training: Epoch=  7 [recall@10=0.1270 ndcg@10=0.0654 train_loss=5.6829]
Sun, 12 Jan 2025 17:29:11 recommender.py[line:519] INFO Train time: 1.29238s. Valid time: 1.32517s
Sun, 12 Jan 2025 17:29:12 recommender.py[line:254] INFO Training: Epoch=  8 [recall@10=0.1619 ndcg@10=0.0788 train_loss=5.6533]
Sun, 12 Jan 2025 17:29:12 recommender.py[line:519] INFO Train time: 1.34753s. Valid time: 1.36966s
Sun, 12 Jan 2025 17:29:12 recommender.py[line:548] INFO recall@10 improved. Best value: 0.1619
Sun, 12 Jan 2025 17:29:14 recommender.py[line:254] INFO Training: Epoch=  9 [recall@10=0.1333 ndcg@10=0.0696 train_loss=5.6214]
Sun, 12 Jan 2025 17:29:14 recommender.py[line:519] INFO Train time: 1.25256s. Valid time: 1.28783s
Sun, 12 Jan 2025 17:29:15 recommender.py[line:254] INFO Training: Epoch= 10 [recall@10=0.1683 ndcg@10=0.0845 train_loss=5.5956]
Sun, 12 Jan 2025 17:29:15 recommender.py[line:519] INFO Train time: 1.19594s. Valid time: 1.22531s
Sun, 12 Jan 2025 17:29:15 recommender.py[line:548] INFO recall@10 improved. Best value: 0.1683
Sun, 12 Jan 2025 17:29:16 recommender.py[line:254] INFO Training: Epoch= 11 [recall@10=0.1714 ndcg@10=0.0879 train_loss=5.5724]
Sun, 12 Jan 2025 17:29:16 recommender.py[line:519] INFO Train time: 1.38887s. Valid time: 1.42395s
Sun, 12 Jan 2025 17:29:16 recommender.py[line:548] INFO recall@10 improved. Best value: 0.1714
Sun, 12 Jan 2025 17:29:18 recommender.py[line:254] INFO Training: Epoch= 12 [recall@10=0.1810 ndcg@10=0.0903 train_loss=5.5551]
Sun, 12 Jan 2025 17:29:18 recommender.py[line:519] INFO Train time: 1.29646s. Valid time: 1.33181s
Sun, 12 Jan 2025 17:29:18 recommender.py[line:548] INFO recall@10 improved. Best value: 0.1810
Sun, 12 Jan 2025 17:29:19 recommender.py[line:254] INFO Training: Epoch= 13 [recall@10=0.1714 ndcg@10=0.0937 train_loss=5.5392]
Sun, 12 Jan 2025 17:29:19 recommender.py[line:519] INFO Train time: 1.28915s. Valid time: 1.33460s
Sun, 12 Jan 2025 17:29:20 recommender.py[line:254] INFO Training: Epoch= 14 [recall@10=0.1873 ndcg@10=0.0972 train_loss=5.5271]
Sun, 12 Jan 2025 17:29:20 recommender.py[line:519] INFO Train time: 1.20622s. Valid time: 1.24183s
Sun, 12 Jan 2025 17:29:20 recommender.py[line:548] INFO recall@10 improved. Best value: 0.1873
Sun, 12 Jan 2025 17:29:21 recommender.py[line:254] INFO Training: Epoch= 15 [recall@10=0.1905 ndcg@10=0.0981 train_loss=5.5063]
Sun, 12 Jan 2025 17:29:21 recommender.py[line:519] INFO Train time: 1.26482s. Valid time: 1.30179s
Sun, 12 Jan 2025 17:29:21 recommender.py[line:548] INFO recall@10 improved. Best value: 0.1905
Sun, 12 Jan 2025 17:29:23 recommender.py[line:254] INFO Training: Epoch= 16 [recall@10=0.1841 ndcg@10=0.0906 train_loss=5.4826]
Sun, 12 Jan 2025 17:29:23 recommender.py[line:519] INFO Train time: 1.25149s. Valid time: 1.29168s
Sun, 12 Jan 2025 17:29:24 recommender.py[line:254] INFO Training: Epoch= 17 [recall@10=0.1778 ndcg@10=0.0910 train_loss=5.4763]
Sun, 12 Jan 2025 17:29:24 recommender.py[line:519] INFO Train time: 1.17748s. Valid time: 1.21435s
Sun, 12 Jan 2025 17:29:25 recommender.py[line:254] INFO Training: Epoch= 18 [recall@10=0.1746 ndcg@10=0.0909 train_loss=5.4678]
Sun, 12 Jan 2025 17:29:25 recommender.py[line:519] INFO Train time: 1.22723s. Valid time: 1.26947s
Sun, 12 Jan 2025 17:29:26 recommender.py[line:254] INFO Training: Epoch= 19 [recall@10=0.1810 ndcg@10=0.0969 train_loss=5.4469]
Sun, 12 Jan 2025 17:29:26 recommender.py[line:519] INFO Train time: 1.22735s. Valid time: 1.26539s
Sun, 12 Jan 2025 17:29:28 recommender.py[line:254] INFO Training: Epoch= 20 [recall@10=0.1778 ndcg@10=0.0885 train_loss=5.4382]
Sun, 12 Jan 2025 17:29:28 recommender.py[line:519] INFO Train time: 1.21968s. Valid time: 1.25359s
Sun, 12 Jan 2025 17:29:29 recommender.py[line:254] INFO Training: Epoch= 21 [recall@10=0.1746 ndcg@10=0.0878 train_loss=5.4308]
Sun, 12 Jan 2025 17:29:29 recommender.py[line:519] INFO Train time: 1.20209s. Valid time: 1.24217s
Sun, 12 Jan 2025 17:29:30 recommender.py[line:254] INFO Training: Epoch= 22 [recall@10=0.1905 ndcg@10=0.0886 train_loss=5.4205]
Sun, 12 Jan 2025 17:29:30 recommender.py[line:519] INFO Train time: 1.26801s. Valid time: 1.31341s
Sun, 12 Jan 2025 17:29:32 recommender.py[line:254] INFO Training: Epoch= 23 [recall@10=0.1524 ndcg@10=0.0842 train_loss=5.4055]
Sun, 12 Jan 2025 17:29:32 recommender.py[line:519] INFO Train time: 1.21725s. Valid time: 1.25481s
Sun, 12 Jan 2025 17:29:33 recommender.py[line:254] INFO Training: Epoch= 24 [recall@10=0.1683 ndcg@10=0.0835 train_loss=5.4014]
Sun, 12 Jan 2025 17:29:33 recommender.py[line:519] INFO Train time: 1.31682s. Valid time: 1.35496s
Sun, 12 Jan 2025 17:29:34 recommender.py[line:254] INFO Training: Epoch= 25 [recall@10=0.1683 ndcg@10=0.0819 train_loss=5.3824]
Sun, 12 Jan 2025 17:29:34 recommender.py[line:519] INFO Train time: 1.22145s. Valid time: 1.24317s
Sun, 12 Jan 2025 17:29:36 recommender.py[line:254] INFO Training: Epoch= 26 [recall@10=0.1778 ndcg@10=0.0832 train_loss=5.3740]
Sun, 12 Jan 2025 17:29:36 recommender.py[line:519] INFO Train time: 1.33294s. Valid time: 1.37140s
Sun, 12 Jan 2025 17:29:37 recommender.py[line:254] INFO Training: Epoch= 27 [recall@10=0.1810 ndcg@10=0.0896 train_loss=5.3650]
Sun, 12 Jan 2025 17:29:37 recommender.py[line:519] INFO Train time: 1.29889s. Valid time: 1.32911s
Sun, 12 Jan 2025 17:29:38 recommender.py[line:254] INFO Training: Epoch= 28 [recall@10=0.1619 ndcg@10=0.0800 train_loss=5.3635]
Sun, 12 Jan 2025 17:29:38 recommender.py[line:519] INFO Train time: 1.25690s. Valid time: 1.28826s
Sun, 12 Jan 2025 17:29:40 recommender.py[line:254] INFO Training: Epoch= 29 [recall@10=0.1778 ndcg@10=0.0841 train_loss=5.3525]
Sun, 12 Jan 2025 17:29:40 recommender.py[line:519] INFO Train time: 1.41792s. Valid time: 1.46091s
Sun, 12 Jan 2025 17:29:41 recommender.py[line:254] INFO Training: Epoch= 30 [recall@10=0.1714 ndcg@10=0.0837 train_loss=5.3471]
Sun, 12 Jan 2025 17:29:41 recommender.py[line:519] INFO Train time: 1.38618s. Valid time: 1.41988s
Sun, 12 Jan 2025 17:29:42 recommender.py[line:254] INFO Training: Epoch= 31 [recall@10=0.1905 ndcg@10=0.0899 train_loss=5.3321]
Sun, 12 Jan 2025 17:29:42 recommender.py[line:519] INFO Train time: 1.32245s. Valid time: 1.34937s
Sun, 12 Jan 2025 17:29:44 recommender.py[line:254] INFO Training: Epoch= 32 [recall@10=0.1841 ndcg@10=0.0977 train_loss=5.3188]
Sun, 12 Jan 2025 17:29:44 recommender.py[line:519] INFO Train time: 1.23964s. Valid time: 1.27529s
Sun, 12 Jan 2025 17:29:45 recommender.py[line:254] INFO Training: Epoch= 33 [recall@10=0.1619 ndcg@10=0.0800 train_loss=5.3139]
Sun, 12 Jan 2025 17:29:45 recommender.py[line:519] INFO Train time: 1.32496s. Valid time: 1.36209s
Sun, 12 Jan 2025 17:29:46 recommender.py[line:254] INFO Training: Epoch= 34 [recall@10=0.1905 ndcg@10=0.0887 train_loss=5.3150]
Sun, 12 Jan 2025 17:29:46 recommender.py[line:519] INFO Train time: 1.24383s. Valid time: 1.27779s
Sun, 12 Jan 2025 17:29:48 recommender.py[line:254] INFO Training: Epoch= 35 [recall@10=0.1746 ndcg@10=0.0899 train_loss=5.2955]
Sun, 12 Jan 2025 17:29:48 recommender.py[line:519] INFO Train time: 1.22515s. Valid time: 1.25841s
Sun, 12 Jan 2025 17:29:48 recommender.py[line:559] INFO Early stopped. recall@10 didn't improve for 20 epochs.
Sun, 12 Jan 2025 17:29:48 recommender.py[line:562] INFO The best score of recall@10 is 0.1905 at 15
Sun, 12 Jan 2025 17:29:48 recommender.py[line:730] INFO Best model checkpoiny saved in ./metadata/model_checkpoint/shadow_model/movielens/BERT4Rec/split/train/nonmember_model_12.
Sun, 12 Jan 2025 17:29:48 shadow.py[line:57] INFO Shadow model recommendation performance:
Sun, 12 Jan 2025 17:29:48 recommender.py[line:196] INFO Testing:  [recall@10=0.1460 precision@10=0.0146 map@10=0.0604 ndcg@10=0.0801 mrr@10=0.0604 hit@10=0.1460]
Sun, 12 Jan 2025 17:29:53 shadow.py[line:292] INFO End of the code.
