[2024-12-25 15:08:55] INFO dataset is read from ../datasets/ml-100k.
[2024-12-25 15:08:55] INFO 
Dataset Info: 

==================================================
item information: 
field     item_id   
type      token     
##        1153      
==================================================
user information: 
field     user_id   
type      token     
##        944       
==================================================
interaction information: 
field     user_id   item_id   rating    timestamp 
type      token     token     float     float     
##        944       1153      -         -         
==================================================
Sparsity: 0.909832
==================================================
[2024-12-25 15:08:58] INFO Number of training users: 314; Number of audit users: 314; Number of auxiliary users: 315
[2024-12-25 15:08:58] INFO End of the code.
