[2025-01-12 17:27:45] INFO dataset is read from ../datasets/movielens.
[2025-01-12 17:27:46] INFO 
Dataset Info: 

==================================================
item information: 
field     item_id   
type      token     
##        1153      
==================================================
user information: 
field     user_id   
type      token     
##        944       
==================================================
interaction information: 
field     user_id   item_id   rating    timestamp 
type      token     token     float     float     
##        944       1153      -         -         
==================================================
Sparsity: 0.909832
==================================================
[2025-01-12 17:27:48] INFO Number of training users: 314; Number of audit users: 314; Number of auxiliary users: 315
[2025-01-12 17:27:48] INFO End of the code.
