Wed, 25 Dec 2024 15:09:00 shadow.py[line:150] INFO {'dataset': 'ml-100k', 'model': 'BERT4Rec', 'split_seed': 7, 'gpu': 2, 'split_cf': 'split', 'train_cf': 'train'}
Wed, 25 Dec 2024 15:09:00 utils.py[line:224] INFO dataset is read from ../datasets/ml-100k.
Wed, 25 Dec 2024 15:09:01 utils.py[line:38] INFO 
Dataset Info: 

==================================================
item information: 
field     item_id   
type      token     
##        1153      
==================================================
user information: 
field     user_id   
type      token     
##        944       
==================================================
interaction information: 
field     user_id   item_id   rating    timestamp 
type      token     token     float     float     
##        944       1153      -         -         
==================================================
Sparsity: 0.909832
==================================================
Wed, 25 Dec 2024 15:09:02 utils.py[line:297] INFO Global seed set to 2019
Wed, 25 Dec 2024 15:09:02 utils.py[line:62] INFO 
Model Config: 

accelerator=gpu
activation=gelu
ann=None
batch_size=1024
cutoff=10
dataset_neg_count=None
dataset_sampler=None
dropout=0.2
early_stop_mode=max
early_stop_patience=20
embed_dim=64
epochs=100
eval_batch_size=128
excluding_hist=False
gpu=[2]
head_num=2
hidden_size=128
item_bias=False
layer_norm_eps=1e-12
layer_num=2
learner=adam
learning_rate=0.001
mask_ratio=0.2
negative_count=1
num_workers=0
pooling_type=mask
save_path=./saved/
scheduler=None
seed=2019
split_ratio=2
steal=False
test_metrics=['recall', 'precision', 'map', 'ndcg', 'mrr', 'hit']
test_repetitive=True
topk=100
train_repetitive=True
val_metrics=['recall', 'ndcg']
weight_decay=1e-05
Wed, 25 Dec 2024 15:09:02 utils.py[line:297] INFO Global seed set to 2019
Wed, 25 Dec 2024 15:09:02 utils.py[line:62] INFO 
Model Config: 

accelerator=gpu
activation=gelu
ann=None
batch_size=1024
cutoff=10
dataset_neg_count=None
dataset_sampler=None
dropout=0.2
early_stop_mode=max
early_stop_patience=20
embed_dim=64
epochs=100
eval_batch_size=128
excluding_hist=False
gpu=[2]
head_num=2
hidden_size=128
item_bias=False
layer_norm_eps=1e-12
layer_num=2
learner=adam
learning_rate=0.001
mask_ratio=0.2
negative_count=1
num_workers=0
pooling_type=mask
save_path=./saved/
scheduler=None
seed=2019
split_ratio=2
steal=False
test_metrics=['recall', 'precision', 'map', 'ndcg', 'mrr', 'hit']
test_repetitive=True
topk=100
train_repetitive=True
val_metrics=['recall', 'ndcg']
weight_decay=1e-05
Wed, 25 Dec 2024 15:09:02 recommender.py[line:128] INFO save_dir:/data1/home/zhihao/code/RecAudit/open-source/RecAudit/RecStudio-main
Wed, 25 Dec 2024 15:09:02 recommender.py[line:131] INFO BERT4Rec(
  (loss_fn): SoftmaxLoss()
  (score_func): InnerProductScorer()
  (item_encoder): Embedding(1154, 64, padding_idx=0)
  (query_encoder): BERT4RecQueryEncoder(
    (item_encoder): Embedding(1154, 64, padding_idx=0)
    (position_emb): Embedding(20, 64)
    (transformer_layer): TransformerEncoder(
      (layers): ModuleList(
        (0): TransformerEncoderLayer(
          (self_attn): MultiheadAttention(
            (out_proj): NonDynamicallyQuantizableLinear(in_features=64, out_features=64, bias=True)
          )
          (linear1): Linear(in_features=64, out_features=128, bias=True)
          (dropout): Dropout(p=0.2, inplace=False)
          (linear2): Linear(in_features=128, out_features=64, bias=True)
          (norm1): LayerNorm((64,), eps=1e-12, elementwise_affine=True)
          (norm2): LayerNorm((64,), eps=1e-12, elementwise_affine=True)
          (dropout1): Dropout(p=0.2, inplace=False)
          (dropout2): Dropout(p=0.2, inplace=False)
        )
        (1): TransformerEncoderLayer(
          (self_attn): MultiheadAttention(
            (out_proj): NonDynamicallyQuantizableLinear(in_features=64, out_features=64, bias=True)
          )
          (linear1): Linear(in_features=64, out_features=128, bias=True)
          (dropout): Dropout(p=0.2, inplace=False)
          (linear2): Linear(in_features=128, out_features=64, bias=True)
          (norm1): LayerNorm((64,), eps=1e-12, elementwise_affine=True)
          (norm2): LayerNorm((64,), eps=1e-12, elementwise_affine=True)
          (dropout1): Dropout(p=0.2, inplace=False)
          (dropout2): Dropout(p=0.2, inplace=False)
        )
      )
    )
    (dropout): Dropout(p=0.2, inplace=False)
    (training_pooling_layer): SeqPoolingLayer(pooling_type=mask, keepdim=False)
    (eval_pooling_layer): SeqPoolingLayer(pooling_type=last, keepdim=False)
  )
)
Wed, 25 Dec 2024 15:09:08 recommender.py[line:254] INFO Training: Epoch=  0 [recall@10=0.0637 ndcg@10=0.0342 train_loss=6.7983]
Wed, 25 Dec 2024 15:09:08 recommender.py[line:519] INFO Train time: 1.83772s. Valid time: 1.87544s
Wed, 25 Dec 2024 15:09:08 recommender.py[line:548] INFO recall@10 improved. Best value: 0.0637
Wed, 25 Dec 2024 15:09:10 recommender.py[line:254] INFO Training: Epoch=  1 [recall@10=0.0796 ndcg@10=0.0411 train_loss=6.5738]
Wed, 25 Dec 2024 15:09:10 recommender.py[line:519] INFO Train time: 1.40150s. Valid time: 1.43585s
Wed, 25 Dec 2024 15:09:10 recommender.py[line:548] INFO recall@10 improved. Best value: 0.0796
Wed, 25 Dec 2024 15:09:11 recommender.py[line:254] INFO Training: Epoch=  2 [recall@10=0.1465 ndcg@10=0.0803 train_loss=6.2946]
Wed, 25 Dec 2024 15:09:11 recommender.py[line:519] INFO Train time: 1.34303s. Valid time: 1.36695s
Wed, 25 Dec 2024 15:09:11 recommender.py[line:548] INFO recall@10 improved. Best value: 0.1465
Wed, 25 Dec 2024 15:09:13 recommender.py[line:254] INFO Training: Epoch=  3 [recall@10=0.1561 ndcg@10=0.0802 train_loss=5.9985]
Wed, 25 Dec 2024 15:09:13 recommender.py[line:519] INFO Train time: 1.44330s. Valid time: 1.47724s
Wed, 25 Dec 2024 15:09:13 recommender.py[line:548] INFO recall@10 improved. Best value: 0.1561
Wed, 25 Dec 2024 15:09:14 recommender.py[line:254] INFO Training: Epoch=  4 [recall@10=0.1561 ndcg@10=0.0835 train_loss=5.8858]
Wed, 25 Dec 2024 15:09:14 recommender.py[line:519] INFO Train time: 1.47500s. Valid time: 1.51059s
Wed, 25 Dec 2024 15:09:16 recommender.py[line:254] INFO Training: Epoch=  5 [recall@10=0.1338 ndcg@10=0.0780 train_loss=5.8152]
Wed, 25 Dec 2024 15:09:16 recommender.py[line:519] INFO Train time: 1.40879s. Valid time: 1.44661s
Wed, 25 Dec 2024 15:09:17 recommender.py[line:254] INFO Training: Epoch=  6 [recall@10=0.1274 ndcg@10=0.0700 train_loss=5.7632]
Wed, 25 Dec 2024 15:09:17 recommender.py[line:519] INFO Train time: 1.70287s. Valid time: 1.74586s
Wed, 25 Dec 2024 15:09:19 recommender.py[line:254] INFO Training: Epoch=  7 [recall@10=0.1561 ndcg@10=0.0761 train_loss=5.7149]
Wed, 25 Dec 2024 15:09:19 recommender.py[line:519] INFO Train time: 1.51836s. Valid time: 1.55796s
Wed, 25 Dec 2024 15:09:20 recommender.py[line:254] INFO Training: Epoch=  8 [recall@10=0.1624 ndcg@10=0.0819 train_loss=5.6865]
Wed, 25 Dec 2024 15:09:20 recommender.py[line:519] INFO Train time: 1.46817s. Valid time: 1.50552s
Wed, 25 Dec 2024 15:09:20 recommender.py[line:548] INFO recall@10 improved. Best value: 0.1624
Wed, 25 Dec 2024 15:09:22 recommender.py[line:254] INFO Training: Epoch=  9 [recall@10=0.1561 ndcg@10=0.0834 train_loss=5.6617]
Wed, 25 Dec 2024 15:09:22 recommender.py[line:519] INFO Train time: 1.51599s. Valid time: 1.55327s
Wed, 25 Dec 2024 15:09:23 recommender.py[line:254] INFO Training: Epoch= 10 [recall@10=0.1369 ndcg@10=0.0751 train_loss=5.6243]
Wed, 25 Dec 2024 15:09:23 recommender.py[line:519] INFO Train time: 1.46259s. Valid time: 1.49481s
Wed, 25 Dec 2024 15:09:25 recommender.py[line:254] INFO Training: Epoch= 11 [recall@10=0.1529 ndcg@10=0.0792 train_loss=5.6090]
Wed, 25 Dec 2024 15:09:25 recommender.py[line:519] INFO Train time: 1.46170s. Valid time: 1.50128s
Wed, 25 Dec 2024 15:09:26 recommender.py[line:254] INFO Training: Epoch= 12 [recall@10=0.1624 ndcg@10=0.0861 train_loss=5.5840]
Wed, 25 Dec 2024 15:09:26 recommender.py[line:519] INFO Train time: 1.46550s. Valid time: 1.50351s
Wed, 25 Dec 2024 15:09:28 recommender.py[line:254] INFO Training: Epoch= 13 [recall@10=0.1561 ndcg@10=0.0768 train_loss=5.5586]
Wed, 25 Dec 2024 15:09:28 recommender.py[line:519] INFO Train time: 1.37251s. Valid time: 1.40838s
Wed, 25 Dec 2024 15:09:29 recommender.py[line:254] INFO Training: Epoch= 14 [recall@10=0.1529 ndcg@10=0.0830 train_loss=5.5523]
Wed, 25 Dec 2024 15:09:29 recommender.py[line:519] INFO Train time: 1.56168s. Valid time: 1.60688s
Wed, 25 Dec 2024 15:09:31 recommender.py[line:254] INFO Training: Epoch= 15 [recall@10=0.1592 ndcg@10=0.0794 train_loss=5.5389]
Wed, 25 Dec 2024 15:09:31 recommender.py[line:519] INFO Train time: 1.40569s. Valid time: 1.43925s
Wed, 25 Dec 2024 15:09:32 recommender.py[line:254] INFO Training: Epoch= 16 [recall@10=0.1656 ndcg@10=0.0896 train_loss=5.5265]
Wed, 25 Dec 2024 15:09:32 recommender.py[line:519] INFO Train time: 1.41935s. Valid time: 1.45461s
Wed, 25 Dec 2024 15:09:32 recommender.py[line:548] INFO recall@10 improved. Best value: 0.1656
Wed, 25 Dec 2024 15:09:34 recommender.py[line:254] INFO Training: Epoch= 17 [recall@10=0.1529 ndcg@10=0.0800 train_loss=5.5148]
Wed, 25 Dec 2024 15:09:34 recommender.py[line:519] INFO Train time: 1.43338s. Valid time: 1.47104s
Wed, 25 Dec 2024 15:09:35 recommender.py[line:254] INFO Training: Epoch= 18 [recall@10=0.1592 ndcg@10=0.0890 train_loss=5.4992]
Wed, 25 Dec 2024 15:09:35 recommender.py[line:519] INFO Train time: 1.39076s. Valid time: 1.42092s
Wed, 25 Dec 2024 15:09:37 recommender.py[line:254] INFO Training: Epoch= 19 [recall@10=0.1624 ndcg@10=0.0803 train_loss=5.4967]
Wed, 25 Dec 2024 15:09:37 recommender.py[line:519] INFO Train time: 1.43957s. Valid time: 1.47820s
Wed, 25 Dec 2024 15:09:38 recommender.py[line:254] INFO Training: Epoch= 20 [recall@10=0.1592 ndcg@10=0.0856 train_loss=5.4807]
Wed, 25 Dec 2024 15:09:38 recommender.py[line:519] INFO Train time: 1.31241s. Valid time: 1.35114s
Wed, 25 Dec 2024 15:09:40 recommender.py[line:254] INFO Training: Epoch= 21 [recall@10=0.1624 ndcg@10=0.0878 train_loss=5.4765]
Wed, 25 Dec 2024 15:09:40 recommender.py[line:519] INFO Train time: 1.44886s. Valid time: 1.48516s
Wed, 25 Dec 2024 15:09:41 recommender.py[line:254] INFO Training: Epoch= 22 [recall@10=0.1561 ndcg@10=0.0847 train_loss=5.4682]
Wed, 25 Dec 2024 15:09:41 recommender.py[line:519] INFO Train time: 1.48002s. Valid time: 1.51433s
Wed, 25 Dec 2024 15:09:43 recommender.py[line:254] INFO Training: Epoch= 23 [recall@10=0.1529 ndcg@10=0.0835 train_loss=5.4545]
Wed, 25 Dec 2024 15:09:43 recommender.py[line:519] INFO Train time: 1.47459s. Valid time: 1.50156s
Wed, 25 Dec 2024 15:09:44 recommender.py[line:254] INFO Training: Epoch= 24 [recall@10=0.1561 ndcg@10=0.0868 train_loss=5.4508]
Wed, 25 Dec 2024 15:09:44 recommender.py[line:519] INFO Train time: 1.48479s. Valid time: 1.51454s
Wed, 25 Dec 2024 15:09:46 recommender.py[line:254] INFO Training: Epoch= 25 [recall@10=0.1752 ndcg@10=0.0886 train_loss=5.4366]
Wed, 25 Dec 2024 15:09:46 recommender.py[line:519] INFO Train time: 1.42374s. Valid time: 1.46249s
Wed, 25 Dec 2024 15:09:46 recommender.py[line:548] INFO recall@10 improved. Best value: 0.1752
Wed, 25 Dec 2024 15:09:47 recommender.py[line:254] INFO Training: Epoch= 26 [recall@10=0.1815 ndcg@10=0.0964 train_loss=5.4234]
Wed, 25 Dec 2024 15:09:47 recommender.py[line:519] INFO Train time: 1.41065s. Valid time: 1.44719s
Wed, 25 Dec 2024 15:09:47 recommender.py[line:548] INFO recall@10 improved. Best value: 0.1815
Wed, 25 Dec 2024 15:09:49 recommender.py[line:254] INFO Training: Epoch= 27 [recall@10=0.1624 ndcg@10=0.0886 train_loss=5.4129]
Wed, 25 Dec 2024 15:09:49 recommender.py[line:519] INFO Train time: 1.46614s. Valid time: 1.50438s
Wed, 25 Dec 2024 15:09:50 recommender.py[line:254] INFO Training: Epoch= 28 [recall@10=0.1688 ndcg@10=0.0929 train_loss=5.4109]
Wed, 25 Dec 2024 15:09:50 recommender.py[line:519] INFO Train time: 1.40065s. Valid time: 1.43531s
Wed, 25 Dec 2024 15:09:51 recommender.py[line:254] INFO Training: Epoch= 29 [recall@10=0.1561 ndcg@10=0.0886 train_loss=5.4017]
Wed, 25 Dec 2024 15:09:51 recommender.py[line:519] INFO Train time: 1.45752s. Valid time: 1.49774s
Wed, 25 Dec 2024 15:09:53 recommender.py[line:254] INFO Training: Epoch= 30 [recall@10=0.1656 ndcg@10=0.0935 train_loss=5.3973]
Wed, 25 Dec 2024 15:09:53 recommender.py[line:519] INFO Train time: 1.47199s. Valid time: 1.51169s
Wed, 25 Dec 2024 15:09:55 recommender.py[line:254] INFO Training: Epoch= 31 [recall@10=0.1720 ndcg@10=0.0865 train_loss=5.3873]
Wed, 25 Dec 2024 15:09:55 recommender.py[line:519] INFO Train time: 1.57838s. Valid time: 1.61735s
Wed, 25 Dec 2024 15:09:56 recommender.py[line:254] INFO Training: Epoch= 32 [recall@10=0.1783 ndcg@10=0.0883 train_loss=5.3809]
Wed, 25 Dec 2024 15:09:56 recommender.py[line:519] INFO Train time: 1.81287s. Valid time: 1.85692s
Wed, 25 Dec 2024 15:09:58 recommender.py[line:254] INFO Training: Epoch= 33 [recall@10=0.1720 ndcg@10=0.0867 train_loss=5.3748]
Wed, 25 Dec 2024 15:09:58 recommender.py[line:519] INFO Train time: 1.70891s. Valid time: 1.74597s
Wed, 25 Dec 2024 15:10:00 recommender.py[line:254] INFO Training: Epoch= 34 [recall@10=0.1720 ndcg@10=0.0882 train_loss=5.3596]
Wed, 25 Dec 2024 15:10:00 recommender.py[line:519] INFO Train time: 1.46799s. Valid time: 1.50105s
Wed, 25 Dec 2024 15:10:01 recommender.py[line:254] INFO Training: Epoch= 35 [recall@10=0.1624 ndcg@10=0.0852 train_loss=5.3577]
Wed, 25 Dec 2024 15:10:01 recommender.py[line:519] INFO Train time: 1.38847s. Valid time: 1.42991s
Wed, 25 Dec 2024 15:10:03 recommender.py[line:254] INFO Training: Epoch= 36 [recall@10=0.1720 ndcg@10=0.0922 train_loss=5.3495]
Wed, 25 Dec 2024 15:10:03 recommender.py[line:519] INFO Train time: 1.54925s. Valid time: 1.59729s
Wed, 25 Dec 2024 15:10:04 recommender.py[line:254] INFO Training: Epoch= 37 [recall@10=0.1656 ndcg@10=0.0873 train_loss=5.3372]
Wed, 25 Dec 2024 15:10:04 recommender.py[line:519] INFO Train time: 1.47784s. Valid time: 1.51801s
Wed, 25 Dec 2024 15:10:06 recommender.py[line:254] INFO Training: Epoch= 38 [recall@10=0.1720 ndcg@10=0.0870 train_loss=5.3275]
Wed, 25 Dec 2024 15:10:06 recommender.py[line:519] INFO Train time: 1.36144s. Valid time: 1.40017s
Wed, 25 Dec 2024 15:10:07 recommender.py[line:254] INFO Training: Epoch= 39 [recall@10=0.1656 ndcg@10=0.0886 train_loss=5.3238]
Wed, 25 Dec 2024 15:10:07 recommender.py[line:519] INFO Train time: 1.41058s. Valid time: 1.45388s
Wed, 25 Dec 2024 15:10:09 recommender.py[line:254] INFO Training: Epoch= 40 [recall@10=0.1847 ndcg@10=0.0897 train_loss=5.3075]
Wed, 25 Dec 2024 15:10:09 recommender.py[line:519] INFO Train time: 1.38455s. Valid time: 1.42216s
Wed, 25 Dec 2024 15:10:09 recommender.py[line:548] INFO recall@10 improved. Best value: 0.1847
Wed, 25 Dec 2024 15:10:10 recommender.py[line:254] INFO Training: Epoch= 41 [recall@10=0.1815 ndcg@10=0.0927 train_loss=5.3072]
Wed, 25 Dec 2024 15:10:10 recommender.py[line:519] INFO Train time: 1.42398s. Valid time: 1.46269s
Wed, 25 Dec 2024 15:10:12 recommender.py[line:254] INFO Training: Epoch= 42 [recall@10=0.1752 ndcg@10=0.0929 train_loss=5.2951]
Wed, 25 Dec 2024 15:10:12 recommender.py[line:519] INFO Train time: 1.44221s. Valid time: 1.48442s
Wed, 25 Dec 2024 15:10:13 recommender.py[line:254] INFO Training: Epoch= 43 [recall@10=0.1879 ndcg@10=0.0975 train_loss=5.2948]
Wed, 25 Dec 2024 15:10:13 recommender.py[line:519] INFO Train time: 1.37885s. Valid time: 1.41977s
Wed, 25 Dec 2024 15:10:13 recommender.py[line:548] INFO recall@10 improved. Best value: 0.1879
Wed, 25 Dec 2024 15:10:14 recommender.py[line:254] INFO Training: Epoch= 44 [recall@10=0.1815 ndcg@10=0.0925 train_loss=5.2875]
Wed, 25 Dec 2024 15:10:14 recommender.py[line:519] INFO Train time: 1.45665s. Valid time: 1.49382s
Wed, 25 Dec 2024 15:10:16 recommender.py[line:254] INFO Training: Epoch= 45 [recall@10=0.1656 ndcg@10=0.0869 train_loss=5.2839]
Wed, 25 Dec 2024 15:10:16 recommender.py[line:519] INFO Train time: 1.54644s. Valid time: 1.58522s
Wed, 25 Dec 2024 15:10:18 recommender.py[line:254] INFO Training: Epoch= 46 [recall@10=0.1752 ndcg@10=0.0906 train_loss=5.2734]
Wed, 25 Dec 2024 15:10:18 recommender.py[line:519] INFO Train time: 1.49345s. Valid time: 1.52373s
Wed, 25 Dec 2024 15:10:19 recommender.py[line:254] INFO Training: Epoch= 47 [recall@10=0.2102 ndcg@10=0.0970 train_loss=5.2666]
Wed, 25 Dec 2024 15:10:19 recommender.py[line:519] INFO Train time: 1.64208s. Valid time: 1.67182s
Wed, 25 Dec 2024 15:10:19 recommender.py[line:548] INFO recall@10 improved. Best value: 0.2102
Wed, 25 Dec 2024 15:10:21 recommender.py[line:254] INFO Training: Epoch= 48 [recall@10=0.1879 ndcg@10=0.0925 train_loss=5.2609]
Wed, 25 Dec 2024 15:10:21 recommender.py[line:519] INFO Train time: 1.38861s. Valid time: 1.42375s
Wed, 25 Dec 2024 15:10:22 recommender.py[line:254] INFO Training: Epoch= 49 [recall@10=0.1847 ndcg@10=0.0912 train_loss=5.2547]
Wed, 25 Dec 2024 15:10:22 recommender.py[line:519] INFO Train time: 1.45563s. Valid time: 1.48240s
Wed, 25 Dec 2024 15:10:24 recommender.py[line:254] INFO Training: Epoch= 50 [recall@10=0.1815 ndcg@10=0.0951 train_loss=5.2495]
Wed, 25 Dec 2024 15:10:24 recommender.py[line:519] INFO Train time: 1.40172s. Valid time: 1.44075s
Wed, 25 Dec 2024 15:10:25 recommender.py[line:254] INFO Training: Epoch= 51 [recall@10=0.1847 ndcg@10=0.0946 train_loss=5.2498]
Wed, 25 Dec 2024 15:10:25 recommender.py[line:519] INFO Train time: 1.40418s. Valid time: 1.44277s
Wed, 25 Dec 2024 15:10:27 recommender.py[line:254] INFO Training: Epoch= 52 [recall@10=0.1847 ndcg@10=0.0951 train_loss=5.2319]
Wed, 25 Dec 2024 15:10:27 recommender.py[line:519] INFO Train time: 1.48418s. Valid time: 1.50992s
Wed, 25 Dec 2024 15:10:28 recommender.py[line:254] INFO Training: Epoch= 53 [recall@10=0.1752 ndcg@10=0.0904 train_loss=5.2353]
Wed, 25 Dec 2024 15:10:28 recommender.py[line:519] INFO Train time: 1.40323s. Valid time: 1.44504s
Wed, 25 Dec 2024 15:10:29 recommender.py[line:254] INFO Training: Epoch= 54 [recall@10=0.1911 ndcg@10=0.1006 train_loss=5.2214]
Wed, 25 Dec 2024 15:10:29 recommender.py[line:519] INFO Train time: 1.49863s. Valid time: 1.53480s
Wed, 25 Dec 2024 15:10:31 recommender.py[line:254] INFO Training: Epoch= 55 [recall@10=0.1783 ndcg@10=0.0866 train_loss=5.2195]
Wed, 25 Dec 2024 15:10:31 recommender.py[line:519] INFO Train time: 1.36556s. Valid time: 1.40189s
Wed, 25 Dec 2024 15:10:32 recommender.py[line:254] INFO Training: Epoch= 56 [recall@10=0.1720 ndcg@10=0.0929 train_loss=5.2110]
Wed, 25 Dec 2024 15:10:32 recommender.py[line:519] INFO Train time: 1.40221s. Valid time: 1.44014s
Wed, 25 Dec 2024 15:10:34 recommender.py[line:254] INFO Training: Epoch= 57 [recall@10=0.1752 ndcg@10=0.0920 train_loss=5.1991]
Wed, 25 Dec 2024 15:10:34 recommender.py[line:519] INFO Train time: 1.45358s. Valid time: 1.49416s
Wed, 25 Dec 2024 15:10:35 recommender.py[line:254] INFO Training: Epoch= 58 [recall@10=0.1911 ndcg@10=0.0964 train_loss=5.2001]
Wed, 25 Dec 2024 15:10:35 recommender.py[line:519] INFO Train time: 1.45263s. Valid time: 1.49625s
Wed, 25 Dec 2024 15:10:37 recommender.py[line:254] INFO Training: Epoch= 59 [recall@10=0.1879 ndcg@10=0.0952 train_loss=5.1965]
Wed, 25 Dec 2024 15:10:37 recommender.py[line:519] INFO Train time: 1.45201s. Valid time: 1.49217s
Wed, 25 Dec 2024 15:10:38 recommender.py[line:254] INFO Training: Epoch= 60 [recall@10=0.1815 ndcg@10=0.0943 train_loss=5.1856]
Wed, 25 Dec 2024 15:10:38 recommender.py[line:519] INFO Train time: 1.39839s. Valid time: 1.43699s
Wed, 25 Dec 2024 15:10:40 recommender.py[line:254] INFO Training: Epoch= 61 [recall@10=0.1943 ndcg@10=0.0978 train_loss=5.1855]
Wed, 25 Dec 2024 15:10:40 recommender.py[line:519] INFO Train time: 1.44401s. Valid time: 1.47687s
Wed, 25 Dec 2024 15:10:41 recommender.py[line:254] INFO Training: Epoch= 62 [recall@10=0.1783 ndcg@10=0.0934 train_loss=5.1780]
Wed, 25 Dec 2024 15:10:41 recommender.py[line:519] INFO Train time: 1.43529s. Valid time: 1.46735s
Wed, 25 Dec 2024 15:10:43 recommender.py[line:254] INFO Training: Epoch= 63 [recall@10=0.1720 ndcg@10=0.0911 train_loss=5.1714]
Wed, 25 Dec 2024 15:10:43 recommender.py[line:519] INFO Train time: 1.36377s. Valid time: 1.40006s
Wed, 25 Dec 2024 15:10:44 recommender.py[line:254] INFO Training: Epoch= 64 [recall@10=0.1815 ndcg@10=0.1000 train_loss=5.1591]
Wed, 25 Dec 2024 15:10:44 recommender.py[line:519] INFO Train time: 1.49718s. Valid time: 1.53084s
Wed, 25 Dec 2024 15:10:46 recommender.py[line:254] INFO Training: Epoch= 65 [recall@10=0.1783 ndcg@10=0.0977 train_loss=5.1602]
Wed, 25 Dec 2024 15:10:46 recommender.py[line:519] INFO Train time: 1.43207s. Valid time: 1.46746s
Wed, 25 Dec 2024 15:10:47 recommender.py[line:254] INFO Training: Epoch= 66 [recall@10=0.1911 ndcg@10=0.1033 train_loss=5.1566]
Wed, 25 Dec 2024 15:10:47 recommender.py[line:519] INFO Train time: 1.39328s. Valid time: 1.42523s
Wed, 25 Dec 2024 15:10:48 recommender.py[line:254] INFO Training: Epoch= 67 [recall@10=0.1847 ndcg@10=0.0964 train_loss=5.1467]
Wed, 25 Dec 2024 15:10:48 recommender.py[line:519] INFO Train time: 1.39336s. Valid time: 1.43453s
Wed, 25 Dec 2024 15:10:48 recommender.py[line:559] INFO Early stopped. recall@10 didn't improve for 20 epochs.
Wed, 25 Dec 2024 15:10:48 recommender.py[line:562] INFO The best score of recall@10 is 0.2102 at 47
Wed, 25 Dec 2024 15:10:48 recommender.py[line:730] INFO Best model checkpoiny saved in ./metadata/model_checkpoint/shadow_model/ml-100k/BERT4Rec/split/train/member_model_7.
Wed, 25 Dec 2024 15:10:48 shadow.py[line:57] INFO Shadow model recommendation performance:
Wed, 25 Dec 2024 15:10:49 recommender.py[line:196] INFO Testing:  [recall@10=0.2357 precision@10=0.0236 map@10=0.0821 ndcg@10=0.1177 mrr@10=0.0821 hit@10=0.2357]
Wed, 25 Dec 2024 15:10:49 recommender.py[line:128] INFO save_dir:/data1/home/zhihao/code/RecAudit/open-source/RecAudit/RecStudio-main
Wed, 25 Dec 2024 15:10:49 recommender.py[line:131] INFO BERT4Rec(
  (loss_fn): SoftmaxLoss()
  (score_func): InnerProductScorer()
  (item_encoder): Embedding(1154, 64, padding_idx=0)
  (query_encoder): BERT4RecQueryEncoder(
    (item_encoder): Embedding(1154, 64, padding_idx=0)
    (position_emb): Embedding(20, 64)
    (transformer_layer): TransformerEncoder(
      (layers): ModuleList(
        (0): TransformerEncoderLayer(
          (self_attn): MultiheadAttention(
            (out_proj): NonDynamicallyQuantizableLinear(in_features=64, out_features=64, bias=True)
          )
          (linear1): Linear(in_features=64, out_features=128, bias=True)
          (dropout): Dropout(p=0.2, inplace=False)
          (linear2): Linear(in_features=128, out_features=64, bias=True)
          (norm1): LayerNorm((64,), eps=1e-12, elementwise_affine=True)
          (norm2): LayerNorm((64,), eps=1e-12, elementwise_affine=True)
          (dropout1): Dropout(p=0.2, inplace=False)
          (dropout2): Dropout(p=0.2, inplace=False)
        )
        (1): TransformerEncoderLayer(
          (self_attn): MultiheadAttention(
            (out_proj): NonDynamicallyQuantizableLinear(in_features=64, out_features=64, bias=True)
          )
          (linear1): Linear(in_features=64, out_features=128, bias=True)
          (dropout): Dropout(p=0.2, inplace=False)
          (linear2): Linear(in_features=128, out_features=64, bias=True)
          (norm1): LayerNorm((64,), eps=1e-12, elementwise_affine=True)
          (norm2): LayerNorm((64,), eps=1e-12, elementwise_affine=True)
          (dropout1): Dropout(p=0.2, inplace=False)
          (dropout2): Dropout(p=0.2, inplace=False)
        )
      )
    )
    (dropout): Dropout(p=0.2, inplace=False)
    (training_pooling_layer): SeqPoolingLayer(pooling_type=mask, keepdim=False)
    (eval_pooling_layer): SeqPoolingLayer(pooling_type=last, keepdim=False)
  )
)
Wed, 25 Dec 2024 15:10:50 recommender.py[line:254] INFO Training: Epoch=  0 [recall@10=0.0413 ndcg@10=0.0161 train_loss=6.8045]
Wed, 25 Dec 2024 15:10:50 recommender.py[line:519] INFO Train time: 1.25396s. Valid time: 1.28955s
Wed, 25 Dec 2024 15:10:50 recommender.py[line:548] INFO recall@10 improved. Best value: 0.0413
Wed, 25 Dec 2024 15:10:51 recommender.py[line:254] INFO Training: Epoch=  1 [recall@10=0.0571 ndcg@10=0.0272 train_loss=6.5500]
Wed, 25 Dec 2024 15:10:51 recommender.py[line:519] INFO Train time: 1.25390s. Valid time: 1.28216s
Wed, 25 Dec 2024 15:10:51 recommender.py[line:548] INFO recall@10 improved. Best value: 0.0571
Wed, 25 Dec 2024 15:10:52 recommender.py[line:254] INFO Training: Epoch=  2 [recall@10=0.1111 ndcg@10=0.0479 train_loss=6.2398]
Wed, 25 Dec 2024 15:10:52 recommender.py[line:519] INFO Train time: 1.21848s. Valid time: 1.24421s
Wed, 25 Dec 2024 15:10:52 recommender.py[line:548] INFO recall@10 improved. Best value: 0.1111
Wed, 25 Dec 2024 15:10:54 recommender.py[line:254] INFO Training: Epoch=  3 [recall@10=0.1270 ndcg@10=0.0580 train_loss=5.9954]
Wed, 25 Dec 2024 15:10:54 recommender.py[line:519] INFO Train time: 1.20882s. Valid time: 1.23695s
Wed, 25 Dec 2024 15:10:54 recommender.py[line:548] INFO recall@10 improved. Best value: 0.1270
Wed, 25 Dec 2024 15:10:55 recommender.py[line:254] INFO Training: Epoch=  4 [recall@10=0.1206 ndcg@10=0.0534 train_loss=5.8754]
Wed, 25 Dec 2024 15:10:55 recommender.py[line:519] INFO Train time: 1.29009s. Valid time: 1.32094s
Wed, 25 Dec 2024 15:10:56 recommender.py[line:254] INFO Training: Epoch=  5 [recall@10=0.1111 ndcg@10=0.0494 train_loss=5.8021]
Wed, 25 Dec 2024 15:10:56 recommender.py[line:519] INFO Train time: 1.21245s. Valid time: 1.24478s
Wed, 25 Dec 2024 15:10:57 recommender.py[line:254] INFO Training: Epoch=  6 [recall@10=0.1429 ndcg@10=0.0586 train_loss=5.7448]
Wed, 25 Dec 2024 15:10:57 recommender.py[line:519] INFO Train time: 1.14775s. Valid time: 1.16925s
Wed, 25 Dec 2024 15:10:57 recommender.py[line:548] INFO recall@10 improved. Best value: 0.1429
Wed, 25 Dec 2024 15:10:59 recommender.py[line:254] INFO Training: Epoch=  7 [recall@10=0.1556 ndcg@10=0.0602 train_loss=5.7014]
Wed, 25 Dec 2024 15:10:59 recommender.py[line:519] INFO Train time: 1.17863s. Valid time: 1.20846s
Wed, 25 Dec 2024 15:10:59 recommender.py[line:548] INFO recall@10 improved. Best value: 0.1556
Wed, 25 Dec 2024 15:11:00 recommender.py[line:254] INFO Training: Epoch=  8 [recall@10=0.1619 ndcg@10=0.0664 train_loss=5.6652]
Wed, 25 Dec 2024 15:11:00 recommender.py[line:519] INFO Train time: 1.16538s. Valid time: 1.20003s
Wed, 25 Dec 2024 15:11:00 recommender.py[line:548] INFO recall@10 improved. Best value: 0.1619
Wed, 25 Dec 2024 15:11:01 recommender.py[line:254] INFO Training: Epoch=  9 [recall@10=0.1492 ndcg@10=0.0646 train_loss=5.6316]
Wed, 25 Dec 2024 15:11:01 recommender.py[line:519] INFO Train time: 1.08607s. Valid time: 1.11753s
Wed, 25 Dec 2024 15:11:02 recommender.py[line:254] INFO Training: Epoch= 10 [recall@10=0.1683 ndcg@10=0.0774 train_loss=5.6012]
Wed, 25 Dec 2024 15:11:02 recommender.py[line:519] INFO Train time: 1.16185s. Valid time: 1.18541s
Wed, 25 Dec 2024 15:11:02 recommender.py[line:548] INFO recall@10 improved. Best value: 0.1683
Wed, 25 Dec 2024 15:11:03 recommender.py[line:254] INFO Training: Epoch= 11 [recall@10=0.1714 ndcg@10=0.0784 train_loss=5.5852]
Wed, 25 Dec 2024 15:11:03 recommender.py[line:519] INFO Train time: 1.20184s. Valid time: 1.23133s
Wed, 25 Dec 2024 15:11:03 recommender.py[line:548] INFO recall@10 improved. Best value: 0.1714
Wed, 25 Dec 2024 15:11:04 recommender.py[line:254] INFO Training: Epoch= 12 [recall@10=0.1651 ndcg@10=0.0821 train_loss=5.5651]
Wed, 25 Dec 2024 15:11:04 recommender.py[line:519] INFO Train time: 1.11069s. Valid time: 1.13866s
Wed, 25 Dec 2024 15:11:06 recommender.py[line:254] INFO Training: Epoch= 13 [recall@10=0.1556 ndcg@10=0.0702 train_loss=5.5356]
Wed, 25 Dec 2024 15:11:06 recommender.py[line:519] INFO Train time: 1.23713s. Valid time: 1.26810s
Wed, 25 Dec 2024 15:11:07 recommender.py[line:254] INFO Training: Epoch= 14 [recall@10=0.1556 ndcg@10=0.0729 train_loss=5.5179]
Wed, 25 Dec 2024 15:11:07 recommender.py[line:519] INFO Train time: 1.12763s. Valid time: 1.15517s
Wed, 25 Dec 2024 15:11:08 recommender.py[line:254] INFO Training: Epoch= 15 [recall@10=0.1937 ndcg@10=0.0894 train_loss=5.5025]
Wed, 25 Dec 2024 15:11:08 recommender.py[line:519] INFO Train time: 1.22945s. Valid time: 1.25703s
Wed, 25 Dec 2024 15:11:08 recommender.py[line:548] INFO recall@10 improved. Best value: 0.1937
Wed, 25 Dec 2024 15:11:09 recommender.py[line:254] INFO Training: Epoch= 16 [recall@10=0.1746 ndcg@10=0.0830 train_loss=5.4750]
Wed, 25 Dec 2024 15:11:09 recommender.py[line:519] INFO Train time: 1.10870s. Valid time: 1.12990s
Wed, 25 Dec 2024 15:11:11 recommender.py[line:254] INFO Training: Epoch= 17 [recall@10=0.1937 ndcg@10=0.0864 train_loss=5.4639]
Wed, 25 Dec 2024 15:11:11 recommender.py[line:519] INFO Train time: 1.20054s. Valid time: 1.22091s
Wed, 25 Dec 2024 15:11:12 recommender.py[line:254] INFO Training: Epoch= 18 [recall@10=0.1619 ndcg@10=0.0760 train_loss=5.4542]
Wed, 25 Dec 2024 15:11:12 recommender.py[line:519] INFO Train time: 1.12197s. Valid time: 1.14848s
Wed, 25 Dec 2024 15:11:13 recommender.py[line:254] INFO Training: Epoch= 19 [recall@10=0.1714 ndcg@10=0.0781 train_loss=5.4300]
Wed, 25 Dec 2024 15:11:13 recommender.py[line:519] INFO Train time: 1.05825s. Valid time: 1.08397s
Wed, 25 Dec 2024 15:11:14 recommender.py[line:254] INFO Training: Epoch= 20 [recall@10=0.1968 ndcg@10=0.0892 train_loss=5.4145]
Wed, 25 Dec 2024 15:11:14 recommender.py[line:519] INFO Train time: 1.13033s. Valid time: 1.15481s
Wed, 25 Dec 2024 15:11:14 recommender.py[line:548] INFO recall@10 improved. Best value: 0.1968
Wed, 25 Dec 2024 15:11:15 recommender.py[line:254] INFO Training: Epoch= 21 [recall@10=0.1873 ndcg@10=0.0854 train_loss=5.4003]
Wed, 25 Dec 2024 15:11:15 recommender.py[line:519] INFO Train time: 1.22480s. Valid time: 1.24814s
Wed, 25 Dec 2024 15:11:16 recommender.py[line:254] INFO Training: Epoch= 22 [recall@10=0.1873 ndcg@10=0.0856 train_loss=5.3916]
Wed, 25 Dec 2024 15:11:16 recommender.py[line:519] INFO Train time: 1.27374s. Valid time: 1.29218s
Wed, 25 Dec 2024 15:11:18 recommender.py[line:254] INFO Training: Epoch= 23 [recall@10=0.1841 ndcg@10=0.0980 train_loss=5.3785]
Wed, 25 Dec 2024 15:11:18 recommender.py[line:519] INFO Train time: 1.10517s. Valid time: 1.12718s
Wed, 25 Dec 2024 15:11:19 recommender.py[line:254] INFO Training: Epoch= 24 [recall@10=0.1905 ndcg@10=0.0897 train_loss=5.3634]
Wed, 25 Dec 2024 15:11:19 recommender.py[line:519] INFO Train time: 1.14947s. Valid time: 1.16939s
Wed, 25 Dec 2024 15:11:20 recommender.py[line:254] INFO Training: Epoch= 25 [recall@10=0.1873 ndcg@10=0.0900 train_loss=5.3504]
Wed, 25 Dec 2024 15:11:20 recommender.py[line:519] INFO Train time: 1.10864s. Valid time: 1.13029s
Wed, 25 Dec 2024 15:11:21 recommender.py[line:254] INFO Training: Epoch= 26 [recall@10=0.1746 ndcg@10=0.0878 train_loss=5.3443]
Wed, 25 Dec 2024 15:11:21 recommender.py[line:519] INFO Train time: 1.14500s. Valid time: 1.16591s
Wed, 25 Dec 2024 15:11:22 recommender.py[line:254] INFO Training: Epoch= 27 [recall@10=0.1937 ndcg@10=0.0937 train_loss=5.3301]
Wed, 25 Dec 2024 15:11:22 recommender.py[line:519] INFO Train time: 1.17666s. Valid time: 1.19518s
Wed, 25 Dec 2024 15:11:23 recommender.py[line:254] INFO Training: Epoch= 28 [recall@10=0.2000 ndcg@10=0.1001 train_loss=5.3106]
Wed, 25 Dec 2024 15:11:23 recommender.py[line:519] INFO Train time: 1.12755s. Valid time: 1.14559s
Wed, 25 Dec 2024 15:11:23 recommender.py[line:548] INFO recall@10 improved. Best value: 0.2000
Wed, 25 Dec 2024 15:11:25 recommender.py[line:254] INFO Training: Epoch= 29 [recall@10=0.2000 ndcg@10=0.0948 train_loss=5.3072]
Wed, 25 Dec 2024 15:11:25 recommender.py[line:519] INFO Train time: 1.21546s. Valid time: 1.23354s
Wed, 25 Dec 2024 15:11:26 recommender.py[line:254] INFO Training: Epoch= 30 [recall@10=0.1905 ndcg@10=0.0942 train_loss=5.3030]
Wed, 25 Dec 2024 15:11:26 recommender.py[line:519] INFO Train time: 1.14221s. Valid time: 1.16041s
Wed, 25 Dec 2024 15:11:27 recommender.py[line:254] INFO Training: Epoch= 31 [recall@10=0.1873 ndcg@10=0.0932 train_loss=5.2940]
Wed, 25 Dec 2024 15:11:27 recommender.py[line:519] INFO Train time: 1.21814s. Valid time: 1.23638s
Wed, 25 Dec 2024 15:11:28 recommender.py[line:254] INFO Training: Epoch= 32 [recall@10=0.1873 ndcg@10=0.0997 train_loss=5.2825]
Wed, 25 Dec 2024 15:11:28 recommender.py[line:519] INFO Train time: 1.23191s. Valid time: 1.25034s
Wed, 25 Dec 2024 15:11:30 recommender.py[line:254] INFO Training: Epoch= 33 [recall@10=0.1937 ndcg@10=0.0941 train_loss=5.2682]
Wed, 25 Dec 2024 15:11:30 recommender.py[line:519] INFO Train time: 1.29482s. Valid time: 1.31327s
Wed, 25 Dec 2024 15:11:31 recommender.py[line:254] INFO Training: Epoch= 34 [recall@10=0.1810 ndcg@10=0.0851 train_loss=5.2643]
Wed, 25 Dec 2024 15:11:31 recommender.py[line:519] INFO Train time: 1.24570s. Valid time: 1.26464s
Wed, 25 Dec 2024 15:11:32 recommender.py[line:254] INFO Training: Epoch= 35 [recall@10=0.1968 ndcg@10=0.0895 train_loss=5.2628]
Wed, 25 Dec 2024 15:11:32 recommender.py[line:519] INFO Train time: 1.16293s. Valid time: 1.18156s
Wed, 25 Dec 2024 15:11:33 recommender.py[line:254] INFO Training: Epoch= 36 [recall@10=0.1810 ndcg@10=0.0921 train_loss=5.2447]
Wed, 25 Dec 2024 15:11:33 recommender.py[line:519] INFO Train time: 1.22681s. Valid time: 1.24551s
Wed, 25 Dec 2024 15:11:34 recommender.py[line:254] INFO Training: Epoch= 37 [recall@10=0.2000 ndcg@10=0.0955 train_loss=5.2460]
Wed, 25 Dec 2024 15:11:34 recommender.py[line:519] INFO Train time: 1.15941s. Valid time: 1.17832s
Wed, 25 Dec 2024 15:11:36 recommender.py[line:254] INFO Training: Epoch= 38 [recall@10=0.1778 ndcg@10=0.0897 train_loss=5.2358]
Wed, 25 Dec 2024 15:11:36 recommender.py[line:519] INFO Train time: 1.18870s. Valid time: 1.20692s
Wed, 25 Dec 2024 15:11:37 recommender.py[line:254] INFO Training: Epoch= 39 [recall@10=0.1778 ndcg@10=0.0921 train_loss=5.2268]
Wed, 25 Dec 2024 15:11:37 recommender.py[line:519] INFO Train time: 1.13267s. Valid time: 1.15106s
Wed, 25 Dec 2024 15:11:38 recommender.py[line:254] INFO Training: Epoch= 40 [recall@10=0.1841 ndcg@10=0.0931 train_loss=5.2196]
Wed, 25 Dec 2024 15:11:38 recommender.py[line:519] INFO Train time: 1.15141s. Valid time: 1.16973s
Wed, 25 Dec 2024 15:11:39 recommender.py[line:254] INFO Training: Epoch= 41 [recall@10=0.1683 ndcg@10=0.0860 train_loss=5.2157]
Wed, 25 Dec 2024 15:11:39 recommender.py[line:519] INFO Train time: 1.18512s. Valid time: 1.20332s
Wed, 25 Dec 2024 15:11:40 recommender.py[line:254] INFO Training: Epoch= 42 [recall@10=0.1810 ndcg@10=0.0904 train_loss=5.2127]
Wed, 25 Dec 2024 15:11:40 recommender.py[line:519] INFO Train time: 1.14882s. Valid time: 1.16692s
Wed, 25 Dec 2024 15:11:42 recommender.py[line:254] INFO Training: Epoch= 43 [recall@10=0.1810 ndcg@10=0.0925 train_loss=5.2048]
Wed, 25 Dec 2024 15:11:42 recommender.py[line:519] INFO Train time: 1.23053s. Valid time: 1.25022s
Wed, 25 Dec 2024 15:11:43 recommender.py[line:254] INFO Training: Epoch= 44 [recall@10=0.1905 ndcg@10=0.0975 train_loss=5.2031]
Wed, 25 Dec 2024 15:11:43 recommender.py[line:519] INFO Train time: 1.18307s. Valid time: 1.20158s
Wed, 25 Dec 2024 15:11:44 recommender.py[line:254] INFO Training: Epoch= 45 [recall@10=0.1746 ndcg@10=0.0969 train_loss=5.1880]
Wed, 25 Dec 2024 15:11:44 recommender.py[line:519] INFO Train time: 1.20897s. Valid time: 1.22696s
Wed, 25 Dec 2024 15:11:45 recommender.py[line:254] INFO Training: Epoch= 46 [recall@10=0.1873 ndcg@10=0.0963 train_loss=5.1872]
Wed, 25 Dec 2024 15:11:45 recommender.py[line:519] INFO Train time: 1.15924s. Valid time: 1.17722s
Wed, 25 Dec 2024 15:11:46 recommender.py[line:254] INFO Training: Epoch= 47 [recall@10=0.1905 ndcg@10=0.0936 train_loss=5.1725]
Wed, 25 Dec 2024 15:11:46 recommender.py[line:519] INFO Train time: 1.21558s. Valid time: 1.23356s
Wed, 25 Dec 2024 15:11:48 recommender.py[line:254] INFO Training: Epoch= 48 [recall@10=0.1873 ndcg@10=0.0927 train_loss=5.1764]
Wed, 25 Dec 2024 15:11:48 recommender.py[line:519] INFO Train time: 1.19677s. Valid time: 1.21509s
Wed, 25 Dec 2024 15:11:48 recommender.py[line:559] INFO Early stopped. recall@10 didn't improve for 20 epochs.
Wed, 25 Dec 2024 15:11:48 recommender.py[line:562] INFO The best score of recall@10 is 0.2000 at 28
Wed, 25 Dec 2024 15:11:48 recommender.py[line:730] INFO Best model checkpoiny saved in ./metadata/model_checkpoint/shadow_model/ml-100k/BERT4Rec/split/train/nonmember_model_7.
Wed, 25 Dec 2024 15:11:48 shadow.py[line:57] INFO Shadow model recommendation performance:
Wed, 25 Dec 2024 15:11:48 recommender.py[line:196] INFO Testing:  [recall@10=0.1143 precision@10=0.0114 map@10=0.0420 ndcg@10=0.0586 mrr@10=0.0420 hit@10=0.1143]
Wed, 25 Dec 2024 15:11:52 shadow.py[line:292] INFO End of the code.
