Wed, 25 Dec 2024 15:09:00 shadow.py[line:150] INFO {'dataset': 'ml-100k', 'model': 'BERT4Rec', 'split_seed': 3, 'gpu': 1, 'split_cf': 'split', 'train_cf': 'train'}
Wed, 25 Dec 2024 15:09:00 utils.py[line:224] INFO dataset is read from ../datasets/ml-100k.
Wed, 25 Dec 2024 15:09:01 utils.py[line:38] INFO 
Dataset Info: 

==================================================
item information: 
field     item_id   
type      token     
##        1153      
==================================================
user information: 
field     user_id   
type      token     
##        944       
==================================================
interaction information: 
field     user_id   item_id   rating    timestamp 
type      token     token     float     float     
##        944       1153      -         -         
==================================================
Sparsity: 0.909832
==================================================
Wed, 25 Dec 2024 15:09:02 utils.py[line:297] INFO Global seed set to 2019
Wed, 25 Dec 2024 15:09:02 utils.py[line:62] INFO 
Model Config: 

accelerator=gpu
activation=gelu
ann=None
batch_size=1024
cutoff=10
dataset_neg_count=None
dataset_sampler=None
dropout=0.2
early_stop_mode=max
early_stop_patience=20
embed_dim=64
epochs=100
eval_batch_size=128
excluding_hist=False
gpu=[1]
head_num=2
hidden_size=128
item_bias=False
layer_norm_eps=1e-12
layer_num=2
learner=adam
learning_rate=0.001
mask_ratio=0.2
negative_count=1
num_workers=0
pooling_type=mask
save_path=./saved/
scheduler=None
seed=2019
split_ratio=2
steal=False
test_metrics=['recall', 'precision', 'map', 'ndcg', 'mrr', 'hit']
test_repetitive=True
topk=100
train_repetitive=True
val_metrics=['recall', 'ndcg']
weight_decay=1e-05
Wed, 25 Dec 2024 15:09:02 utils.py[line:297] INFO Global seed set to 2019
Wed, 25 Dec 2024 15:09:02 utils.py[line:62] INFO 
Model Config: 

accelerator=gpu
activation=gelu
ann=None
batch_size=1024
cutoff=10
dataset_neg_count=None
dataset_sampler=None
dropout=0.2
early_stop_mode=max
early_stop_patience=20
embed_dim=64
epochs=100
eval_batch_size=128
excluding_hist=False
gpu=[1]
head_num=2
hidden_size=128
item_bias=False
layer_norm_eps=1e-12
layer_num=2
learner=adam
learning_rate=0.001
mask_ratio=0.2
negative_count=1
num_workers=0
pooling_type=mask
save_path=./saved/
scheduler=None
seed=2019
split_ratio=2
steal=False
test_metrics=['recall', 'precision', 'map', 'ndcg', 'mrr', 'hit']
test_repetitive=True
topk=100
train_repetitive=True
val_metrics=['recall', 'ndcg']
weight_decay=1e-05
Wed, 25 Dec 2024 15:09:02 recommender.py[line:128] INFO save_dir:/data1/home/zhihao/code/RecAudit/open-source/RecAudit/RecStudio-main
Wed, 25 Dec 2024 15:09:02 recommender.py[line:131] INFO BERT4Rec(
  (loss_fn): SoftmaxLoss()
  (score_func): InnerProductScorer()
  (item_encoder): Embedding(1154, 64, padding_idx=0)
  (query_encoder): BERT4RecQueryEncoder(
    (item_encoder): Embedding(1154, 64, padding_idx=0)
    (position_emb): Embedding(20, 64)
    (transformer_layer): TransformerEncoder(
      (layers): ModuleList(
        (0): TransformerEncoderLayer(
          (self_attn): MultiheadAttention(
            (out_proj): NonDynamicallyQuantizableLinear(in_features=64, out_features=64, bias=True)
          )
          (linear1): Linear(in_features=64, out_features=128, bias=True)
          (dropout): Dropout(p=0.2, inplace=False)
          (linear2): Linear(in_features=128, out_features=64, bias=True)
          (norm1): LayerNorm((64,), eps=1e-12, elementwise_affine=True)
          (norm2): LayerNorm((64,), eps=1e-12, elementwise_affine=True)
          (dropout1): Dropout(p=0.2, inplace=False)
          (dropout2): Dropout(p=0.2, inplace=False)
        )
        (1): TransformerEncoderLayer(
          (self_attn): MultiheadAttention(
            (out_proj): NonDynamicallyQuantizableLinear(in_features=64, out_features=64, bias=True)
          )
          (linear1): Linear(in_features=64, out_features=128, bias=True)
          (dropout): Dropout(p=0.2, inplace=False)
          (linear2): Linear(in_features=128, out_features=64, bias=True)
          (norm1): LayerNorm((64,), eps=1e-12, elementwise_affine=True)
          (norm2): LayerNorm((64,), eps=1e-12, elementwise_affine=True)
          (dropout1): Dropout(p=0.2, inplace=False)
          (dropout2): Dropout(p=0.2, inplace=False)
        )
      )
    )
    (dropout): Dropout(p=0.2, inplace=False)
    (training_pooling_layer): SeqPoolingLayer(pooling_type=mask, keepdim=False)
    (eval_pooling_layer): SeqPoolingLayer(pooling_type=last, keepdim=False)
  )
)
Wed, 25 Dec 2024 15:09:09 recommender.py[line:254] INFO Training: Epoch=  0 [recall@10=0.0414 ndcg@10=0.0179 train_loss=6.7845]
Wed, 25 Dec 2024 15:09:09 recommender.py[line:519] INFO Train time: 1.92939s. Valid time: 1.97076s
Wed, 25 Dec 2024 15:09:09 recommender.py[line:548] INFO recall@10 improved. Best value: 0.0414
Wed, 25 Dec 2024 15:09:10 recommender.py[line:254] INFO Training: Epoch=  1 [recall@10=0.0446 ndcg@10=0.0219 train_loss=6.5961]
Wed, 25 Dec 2024 15:09:10 recommender.py[line:519] INFO Train time: 1.44376s. Valid time: 1.47880s
Wed, 25 Dec 2024 15:09:10 recommender.py[line:548] INFO recall@10 improved. Best value: 0.0446
Wed, 25 Dec 2024 15:09:12 recommender.py[line:254] INFO Training: Epoch=  2 [recall@10=0.1242 ndcg@10=0.0634 train_loss=6.3920]
Wed, 25 Dec 2024 15:09:12 recommender.py[line:519] INFO Train time: 1.52653s. Valid time: 1.56058s
Wed, 25 Dec 2024 15:09:12 recommender.py[line:548] INFO recall@10 improved. Best value: 0.1242
Wed, 25 Dec 2024 15:09:13 recommender.py[line:254] INFO Training: Epoch=  3 [recall@10=0.1465 ndcg@10=0.0738 train_loss=6.0693]
Wed, 25 Dec 2024 15:09:13 recommender.py[line:519] INFO Train time: 1.66054s. Valid time: 1.70365s
Wed, 25 Dec 2024 15:09:13 recommender.py[line:548] INFO recall@10 improved. Best value: 0.1465
Wed, 25 Dec 2024 15:09:15 recommender.py[line:254] INFO Training: Epoch=  4 [recall@10=0.1178 ndcg@10=0.0690 train_loss=5.9121]
Wed, 25 Dec 2024 15:09:15 recommender.py[line:519] INFO Train time: 1.65155s. Valid time: 1.69300s
Wed, 25 Dec 2024 15:09:17 recommender.py[line:254] INFO Training: Epoch=  5 [recall@10=0.1210 ndcg@10=0.0655 train_loss=5.8445]
Wed, 25 Dec 2024 15:09:17 recommender.py[line:519] INFO Train time: 1.46231s. Valid time: 1.50309s
Wed, 25 Dec 2024 15:09:18 recommender.py[line:254] INFO Training: Epoch=  6 [recall@10=0.1242 ndcg@10=0.0642 train_loss=5.7914]
Wed, 25 Dec 2024 15:09:18 recommender.py[line:519] INFO Train time: 1.62442s. Valid time: 1.66074s
Wed, 25 Dec 2024 15:09:20 recommender.py[line:254] INFO Training: Epoch=  7 [recall@10=0.1306 ndcg@10=0.0688 train_loss=5.7439]
Wed, 25 Dec 2024 15:09:20 recommender.py[line:519] INFO Train time: 1.41940s. Valid time: 1.45348s
Wed, 25 Dec 2024 15:09:21 recommender.py[line:254] INFO Training: Epoch=  8 [recall@10=0.1369 ndcg@10=0.0687 train_loss=5.7099]
Wed, 25 Dec 2024 15:09:21 recommender.py[line:519] INFO Train time: 1.35201s. Valid time: 1.38405s
Wed, 25 Dec 2024 15:09:23 recommender.py[line:254] INFO Training: Epoch=  9 [recall@10=0.1401 ndcg@10=0.0668 train_loss=5.6814]
Wed, 25 Dec 2024 15:09:23 recommender.py[line:519] INFO Train time: 1.44425s. Valid time: 1.48363s
Wed, 25 Dec 2024 15:09:24 recommender.py[line:254] INFO Training: Epoch= 10 [recall@10=0.1497 ndcg@10=0.0741 train_loss=5.6600]
Wed, 25 Dec 2024 15:09:24 recommender.py[line:519] INFO Train time: 1.33939s. Valid time: 1.36754s
Wed, 25 Dec 2024 15:09:24 recommender.py[line:548] INFO recall@10 improved. Best value: 0.1497
Wed, 25 Dec 2024 15:09:25 recommender.py[line:254] INFO Training: Epoch= 11 [recall@10=0.1369 ndcg@10=0.0717 train_loss=5.6326]
Wed, 25 Dec 2024 15:09:25 recommender.py[line:519] INFO Train time: 1.50357s. Valid time: 1.54040s
Wed, 25 Dec 2024 15:09:27 recommender.py[line:254] INFO Training: Epoch= 12 [recall@10=0.1433 ndcg@10=0.0725 train_loss=5.6081]
Wed, 25 Dec 2024 15:09:27 recommender.py[line:519] INFO Train time: 1.46573s. Valid time: 1.50212s
Wed, 25 Dec 2024 15:09:28 recommender.py[line:254] INFO Training: Epoch= 13 [recall@10=0.1306 ndcg@10=0.0741 train_loss=5.5953]
Wed, 25 Dec 2024 15:09:28 recommender.py[line:519] INFO Train time: 1.47550s. Valid time: 1.49609s
Wed, 25 Dec 2024 15:09:30 recommender.py[line:254] INFO Training: Epoch= 14 [recall@10=0.1369 ndcg@10=0.0788 train_loss=5.5802]
Wed, 25 Dec 2024 15:09:30 recommender.py[line:519] INFO Train time: 1.48775s. Valid time: 1.51224s
Wed, 25 Dec 2024 15:09:31 recommender.py[line:254] INFO Training: Epoch= 15 [recall@10=0.1624 ndcg@10=0.0810 train_loss=5.5667]
Wed, 25 Dec 2024 15:09:31 recommender.py[line:519] INFO Train time: 1.30743s. Valid time: 1.34253s
Wed, 25 Dec 2024 15:09:31 recommender.py[line:548] INFO recall@10 improved. Best value: 0.1624
Wed, 25 Dec 2024 15:09:33 recommender.py[line:254] INFO Training: Epoch= 16 [recall@10=0.1561 ndcg@10=0.0796 train_loss=5.5541]
Wed, 25 Dec 2024 15:09:33 recommender.py[line:519] INFO Train time: 1.46795s. Valid time: 1.50232s
Wed, 25 Dec 2024 15:09:34 recommender.py[line:254] INFO Training: Epoch= 17 [recall@10=0.1624 ndcg@10=0.0836 train_loss=5.5461]
Wed, 25 Dec 2024 15:09:34 recommender.py[line:519] INFO Train time: 1.45897s. Valid time: 1.49215s
Wed, 25 Dec 2024 15:09:36 recommender.py[line:254] INFO Training: Epoch= 18 [recall@10=0.1529 ndcg@10=0.0768 train_loss=5.5255]
Wed, 25 Dec 2024 15:09:36 recommender.py[line:519] INFO Train time: 1.39401s. Valid time: 1.43308s
Wed, 25 Dec 2024 15:09:37 recommender.py[line:254] INFO Training: Epoch= 19 [recall@10=0.1561 ndcg@10=0.0785 train_loss=5.5100]
Wed, 25 Dec 2024 15:09:37 recommender.py[line:519] INFO Train time: 1.49085s. Valid time: 1.53922s
Wed, 25 Dec 2024 15:09:39 recommender.py[line:254] INFO Training: Epoch= 20 [recall@10=0.1656 ndcg@10=0.0877 train_loss=5.5098]
Wed, 25 Dec 2024 15:09:39 recommender.py[line:519] INFO Train time: 1.64120s. Valid time: 1.67924s
Wed, 25 Dec 2024 15:09:39 recommender.py[line:548] INFO recall@10 improved. Best value: 0.1656
Wed, 25 Dec 2024 15:09:41 recommender.py[line:254] INFO Training: Epoch= 21 [recall@10=0.1624 ndcg@10=0.0847 train_loss=5.5054]
Wed, 25 Dec 2024 15:09:41 recommender.py[line:519] INFO Train time: 1.79205s. Valid time: 1.82242s
Wed, 25 Dec 2024 15:09:42 recommender.py[line:254] INFO Training: Epoch= 22 [recall@10=0.1561 ndcg@10=0.0785 train_loss=5.4987]
Wed, 25 Dec 2024 15:09:42 recommender.py[line:519] INFO Train time: 1.47309s. Valid time: 1.51213s
Wed, 25 Dec 2024 15:09:44 recommender.py[line:254] INFO Training: Epoch= 23 [recall@10=0.1624 ndcg@10=0.0838 train_loss=5.4831]
Wed, 25 Dec 2024 15:09:44 recommender.py[line:519] INFO Train time: 1.35316s. Valid time: 1.39196s
Wed, 25 Dec 2024 15:09:45 recommender.py[line:254] INFO Training: Epoch= 24 [recall@10=0.1720 ndcg@10=0.0834 train_loss=5.4830]
Wed, 25 Dec 2024 15:09:45 recommender.py[line:519] INFO Train time: 1.42573s. Valid time: 1.45994s
Wed, 25 Dec 2024 15:09:45 recommender.py[line:548] INFO recall@10 improved. Best value: 0.1720
Wed, 25 Dec 2024 15:09:47 recommender.py[line:254] INFO Training: Epoch= 25 [recall@10=0.1720 ndcg@10=0.0883 train_loss=5.4734]
Wed, 25 Dec 2024 15:09:47 recommender.py[line:519] INFO Train time: 1.41185s. Valid time: 1.44419s
Wed, 25 Dec 2024 15:09:48 recommender.py[line:254] INFO Training: Epoch= 26 [recall@10=0.1688 ndcg@10=0.0835 train_loss=5.4575]
Wed, 25 Dec 2024 15:09:48 recommender.py[line:519] INFO Train time: 1.50746s. Valid time: 1.54504s
Wed, 25 Dec 2024 15:09:50 recommender.py[line:254] INFO Training: Epoch= 27 [recall@10=0.1720 ndcg@10=0.0836 train_loss=5.4463]
Wed, 25 Dec 2024 15:09:50 recommender.py[line:519] INFO Train time: 1.45172s. Valid time: 1.48712s
Wed, 25 Dec 2024 15:09:51 recommender.py[line:254] INFO Training: Epoch= 28 [recall@10=0.1497 ndcg@10=0.0773 train_loss=5.4261]
Wed, 25 Dec 2024 15:09:51 recommender.py[line:519] INFO Train time: 1.40117s. Valid time: 1.43818s
Wed, 25 Dec 2024 15:09:53 recommender.py[line:254] INFO Training: Epoch= 29 [recall@10=0.1529 ndcg@10=0.0805 train_loss=5.4240]
Wed, 25 Dec 2024 15:09:53 recommender.py[line:519] INFO Train time: 1.44388s. Valid time: 1.47453s
Wed, 25 Dec 2024 15:09:54 recommender.py[line:254] INFO Training: Epoch= 30 [recall@10=0.1561 ndcg@10=0.0774 train_loss=5.4154]
Wed, 25 Dec 2024 15:09:54 recommender.py[line:519] INFO Train time: 1.40810s. Valid time: 1.44172s
Wed, 25 Dec 2024 15:09:55 recommender.py[line:254] INFO Training: Epoch= 31 [recall@10=0.1465 ndcg@10=0.0712 train_loss=5.4128]
Wed, 25 Dec 2024 15:09:55 recommender.py[line:519] INFO Train time: 1.40000s. Valid time: 1.42551s
Wed, 25 Dec 2024 15:09:57 recommender.py[line:254] INFO Training: Epoch= 32 [recall@10=0.1656 ndcg@10=0.0764 train_loss=5.4028]
Wed, 25 Dec 2024 15:09:57 recommender.py[line:519] INFO Train time: 1.43727s. Valid time: 1.46884s
Wed, 25 Dec 2024 15:09:58 recommender.py[line:254] INFO Training: Epoch= 33 [recall@10=0.1369 ndcg@10=0.0722 train_loss=5.3796]
Wed, 25 Dec 2024 15:09:58 recommender.py[line:519] INFO Train time: 1.39930s. Valid time: 1.43202s
Wed, 25 Dec 2024 15:10:00 recommender.py[line:254] INFO Training: Epoch= 34 [recall@10=0.1624 ndcg@10=0.0800 train_loss=5.3772]
Wed, 25 Dec 2024 15:10:00 recommender.py[line:519] INFO Train time: 1.43722s. Valid time: 1.47243s
Wed, 25 Dec 2024 15:10:01 recommender.py[line:254] INFO Training: Epoch= 35 [recall@10=0.1592 ndcg@10=0.0770 train_loss=5.3642]
Wed, 25 Dec 2024 15:10:01 recommender.py[line:519] INFO Train time: 1.38611s. Valid time: 1.41596s
Wed, 25 Dec 2024 15:10:03 recommender.py[line:254] INFO Training: Epoch= 36 [recall@10=0.1529 ndcg@10=0.0727 train_loss=5.3604]
Wed, 25 Dec 2024 15:10:03 recommender.py[line:519] INFO Train time: 1.60743s. Valid time: 1.64453s
Wed, 25 Dec 2024 15:10:04 recommender.py[line:254] INFO Training: Epoch= 37 [recall@10=0.1592 ndcg@10=0.0774 train_loss=5.3557]
Wed, 25 Dec 2024 15:10:04 recommender.py[line:519] INFO Train time: 1.39870s. Valid time: 1.44356s
Wed, 25 Dec 2024 15:10:06 recommender.py[line:254] INFO Training: Epoch= 38 [recall@10=0.1465 ndcg@10=0.0754 train_loss=5.3546]
Wed, 25 Dec 2024 15:10:06 recommender.py[line:519] INFO Train time: 1.39276s. Valid time: 1.43226s
Wed, 25 Dec 2024 15:10:07 recommender.py[line:254] INFO Training: Epoch= 39 [recall@10=0.1401 ndcg@10=0.0725 train_loss=5.3322]
Wed, 25 Dec 2024 15:10:07 recommender.py[line:519] INFO Train time: 1.39548s. Valid time: 1.42000s
Wed, 25 Dec 2024 15:10:09 recommender.py[line:254] INFO Training: Epoch= 40 [recall@10=0.1433 ndcg@10=0.0818 train_loss=5.3345]
Wed, 25 Dec 2024 15:10:09 recommender.py[line:519] INFO Train time: 1.37324s. Valid time: 1.41071s
Wed, 25 Dec 2024 15:10:10 recommender.py[line:254] INFO Training: Epoch= 41 [recall@10=0.1369 ndcg@10=0.0700 train_loss=5.3266]
Wed, 25 Dec 2024 15:10:10 recommender.py[line:519] INFO Train time: 1.46449s. Valid time: 1.48989s
Wed, 25 Dec 2024 15:10:12 recommender.py[line:254] INFO Training: Epoch= 42 [recall@10=0.1465 ndcg@10=0.0718 train_loss=5.3114]
Wed, 25 Dec 2024 15:10:12 recommender.py[line:519] INFO Train time: 1.61684s. Valid time: 1.65872s
Wed, 25 Dec 2024 15:10:13 recommender.py[line:254] INFO Training: Epoch= 43 [recall@10=0.1624 ndcg@10=0.0804 train_loss=5.3121]
Wed, 25 Dec 2024 15:10:13 recommender.py[line:519] INFO Train time: 1.33042s. Valid time: 1.36330s
Wed, 25 Dec 2024 15:10:15 recommender.py[line:254] INFO Training: Epoch= 44 [recall@10=0.1401 ndcg@10=0.0738 train_loss=5.3064]
Wed, 25 Dec 2024 15:10:15 recommender.py[line:519] INFO Train time: 1.44682s. Valid time: 1.47677s
Wed, 25 Dec 2024 15:10:15 recommender.py[line:559] INFO Early stopped. recall@10 didn't improve for 20 epochs.
Wed, 25 Dec 2024 15:10:15 recommender.py[line:562] INFO The best score of recall@10 is 0.1720 at 24
Wed, 25 Dec 2024 15:10:15 recommender.py[line:730] INFO Best model checkpoiny saved in ./metadata/model_checkpoint/shadow_model/ml-100k/BERT4Rec/split/train/member_model_3.
Wed, 25 Dec 2024 15:10:15 shadow.py[line:57] INFO Shadow model recommendation performance:
Wed, 25 Dec 2024 15:10:15 recommender.py[line:196] INFO Testing:  [recall@10=0.1433 precision@10=0.0143 map@10=0.0577 ndcg@10=0.0779 mrr@10=0.0577 hit@10=0.1433]
Wed, 25 Dec 2024 15:10:15 recommender.py[line:128] INFO save_dir:/data1/home/zhihao/code/RecAudit/open-source/RecAudit/RecStudio-main
Wed, 25 Dec 2024 15:10:15 recommender.py[line:131] INFO BERT4Rec(
  (loss_fn): SoftmaxLoss()
  (score_func): InnerProductScorer()
  (item_encoder): Embedding(1154, 64, padding_idx=0)
  (query_encoder): BERT4RecQueryEncoder(
    (item_encoder): Embedding(1154, 64, padding_idx=0)
    (position_emb): Embedding(20, 64)
    (transformer_layer): TransformerEncoder(
      (layers): ModuleList(
        (0): TransformerEncoderLayer(
          (self_attn): MultiheadAttention(
            (out_proj): NonDynamicallyQuantizableLinear(in_features=64, out_features=64, bias=True)
          )
          (linear1): Linear(in_features=64, out_features=128, bias=True)
          (dropout): Dropout(p=0.2, inplace=False)
          (linear2): Linear(in_features=128, out_features=64, bias=True)
          (norm1): LayerNorm((64,), eps=1e-12, elementwise_affine=True)
          (norm2): LayerNorm((64,), eps=1e-12, elementwise_affine=True)
          (dropout1): Dropout(p=0.2, inplace=False)
          (dropout2): Dropout(p=0.2, inplace=False)
        )
        (1): TransformerEncoderLayer(
          (self_attn): MultiheadAttention(
            (out_proj): NonDynamicallyQuantizableLinear(in_features=64, out_features=64, bias=True)
          )
          (linear1): Linear(in_features=64, out_features=128, bias=True)
          (dropout): Dropout(p=0.2, inplace=False)
          (linear2): Linear(in_features=128, out_features=64, bias=True)
          (norm1): LayerNorm((64,), eps=1e-12, elementwise_affine=True)
          (norm2): LayerNorm((64,), eps=1e-12, elementwise_affine=True)
          (dropout1): Dropout(p=0.2, inplace=False)
          (dropout2): Dropout(p=0.2, inplace=False)
        )
      )
    )
    (dropout): Dropout(p=0.2, inplace=False)
    (training_pooling_layer): SeqPoolingLayer(pooling_type=mask, keepdim=False)
    (eval_pooling_layer): SeqPoolingLayer(pooling_type=last, keepdim=False)
  )
)
Wed, 25 Dec 2024 15:10:16 recommender.py[line:254] INFO Training: Epoch=  0 [recall@10=0.0476 ndcg@10=0.0191 train_loss=6.8216]
Wed, 25 Dec 2024 15:10:16 recommender.py[line:519] INFO Train time: 1.31603s. Valid time: 1.35461s
Wed, 25 Dec 2024 15:10:16 recommender.py[line:548] INFO recall@10 improved. Best value: 0.0476
Wed, 25 Dec 2024 15:10:17 recommender.py[line:254] INFO Training: Epoch=  1 [recall@10=0.0730 ndcg@10=0.0340 train_loss=6.5832]
Wed, 25 Dec 2024 15:10:17 recommender.py[line:519] INFO Train time: 1.36191s. Valid time: 1.38649s
Wed, 25 Dec 2024 15:10:17 recommender.py[line:548] INFO recall@10 improved. Best value: 0.0730
Wed, 25 Dec 2024 15:10:19 recommender.py[line:254] INFO Training: Epoch=  2 [recall@10=0.1048 ndcg@10=0.0531 train_loss=6.2159]
Wed, 25 Dec 2024 15:10:19 recommender.py[line:519] INFO Train time: 1.32462s. Valid time: 1.36201s
Wed, 25 Dec 2024 15:10:19 recommender.py[line:548] INFO recall@10 improved. Best value: 0.1048
Wed, 25 Dec 2024 15:10:20 recommender.py[line:254] INFO Training: Epoch=  3 [recall@10=0.1111 ndcg@10=0.0610 train_loss=5.9628]
Wed, 25 Dec 2024 15:10:20 recommender.py[line:519] INFO Train time: 1.29154s. Valid time: 1.32702s
Wed, 25 Dec 2024 15:10:20 recommender.py[line:548] INFO recall@10 improved. Best value: 0.1111
Wed, 25 Dec 2024 15:10:22 recommender.py[line:254] INFO Training: Epoch=  4 [recall@10=0.1206 ndcg@10=0.0628 train_loss=5.8484]
Wed, 25 Dec 2024 15:10:22 recommender.py[line:519] INFO Train time: 1.42925s. Valid time: 1.46263s
Wed, 25 Dec 2024 15:10:22 recommender.py[line:548] INFO recall@10 improved. Best value: 0.1206
Wed, 25 Dec 2024 15:10:23 recommender.py[line:254] INFO Training: Epoch=  5 [recall@10=0.1302 ndcg@10=0.0704 train_loss=5.7818]
Wed, 25 Dec 2024 15:10:23 recommender.py[line:519] INFO Train time: 1.31614s. Valid time: 1.35228s
Wed, 25 Dec 2024 15:10:23 recommender.py[line:548] INFO recall@10 improved. Best value: 0.1302
Wed, 25 Dec 2024 15:10:24 recommender.py[line:254] INFO Training: Epoch=  6 [recall@10=0.1333 ndcg@10=0.0635 train_loss=5.7141]
Wed, 25 Dec 2024 15:10:24 recommender.py[line:519] INFO Train time: 1.38844s. Valid time: 1.42151s
Wed, 25 Dec 2024 15:10:24 recommender.py[line:548] INFO recall@10 improved. Best value: 0.1333
Wed, 25 Dec 2024 15:10:26 recommender.py[line:254] INFO Training: Epoch=  7 [recall@10=0.1365 ndcg@10=0.0708 train_loss=5.6748]
Wed, 25 Dec 2024 15:10:26 recommender.py[line:519] INFO Train time: 1.27350s. Valid time: 1.30787s
Wed, 25 Dec 2024 15:10:26 recommender.py[line:548] INFO recall@10 improved. Best value: 0.1365
Wed, 25 Dec 2024 15:10:27 recommender.py[line:254] INFO Training: Epoch=  8 [recall@10=0.1683 ndcg@10=0.0858 train_loss=5.6293]
Wed, 25 Dec 2024 15:10:27 recommender.py[line:519] INFO Train time: 1.55119s. Valid time: 1.58787s
Wed, 25 Dec 2024 15:10:27 recommender.py[line:548] INFO recall@10 improved. Best value: 0.1683
Wed, 25 Dec 2024 15:10:29 recommender.py[line:254] INFO Training: Epoch=  9 [recall@10=0.1778 ndcg@10=0.0955 train_loss=5.5858]
Wed, 25 Dec 2024 15:10:29 recommender.py[line:519] INFO Train time: 1.35371s. Valid time: 1.37822s
Wed, 25 Dec 2024 15:10:29 recommender.py[line:548] INFO recall@10 improved. Best value: 0.1778
Wed, 25 Dec 2024 15:10:30 recommender.py[line:254] INFO Training: Epoch= 10 [recall@10=0.1714 ndcg@10=0.0929 train_loss=5.5634]
Wed, 25 Dec 2024 15:10:30 recommender.py[line:519] INFO Train time: 1.30458s. Valid time: 1.33979s
Wed, 25 Dec 2024 15:10:31 recommender.py[line:254] INFO Training: Epoch= 11 [recall@10=0.1492 ndcg@10=0.0904 train_loss=5.5417]
Wed, 25 Dec 2024 15:10:31 recommender.py[line:519] INFO Train time: 1.43155s. Valid time: 1.46792s
Wed, 25 Dec 2024 15:10:33 recommender.py[line:254] INFO Training: Epoch= 12 [recall@10=0.1587 ndcg@10=0.0857 train_loss=5.5062]
Wed, 25 Dec 2024 15:10:33 recommender.py[line:519] INFO Train time: 1.32957s. Valid time: 1.36514s
Wed, 25 Dec 2024 15:10:34 recommender.py[line:254] INFO Training: Epoch= 13 [recall@10=0.1619 ndcg@10=0.0847 train_loss=5.4905]
Wed, 25 Dec 2024 15:10:34 recommender.py[line:519] INFO Train time: 1.40820s. Valid time: 1.44688s
Wed, 25 Dec 2024 15:10:36 recommender.py[line:254] INFO Training: Epoch= 14 [recall@10=0.1524 ndcg@10=0.0784 train_loss=5.4754]
Wed, 25 Dec 2024 15:10:36 recommender.py[line:519] INFO Train time: 1.36750s. Valid time: 1.40548s
Wed, 25 Dec 2024 15:10:37 recommender.py[line:254] INFO Training: Epoch= 15 [recall@10=0.1778 ndcg@10=0.0935 train_loss=5.4596]
Wed, 25 Dec 2024 15:10:37 recommender.py[line:519] INFO Train time: 1.31242s. Valid time: 1.35036s
Wed, 25 Dec 2024 15:10:39 recommender.py[line:254] INFO Training: Epoch= 16 [recall@10=0.1460 ndcg@10=0.0869 train_loss=5.4421]
Wed, 25 Dec 2024 15:10:39 recommender.py[line:519] INFO Train time: 1.42440s. Valid time: 1.46045s
Wed, 25 Dec 2024 15:10:40 recommender.py[line:254] INFO Training: Epoch= 17 [recall@10=0.1524 ndcg@10=0.0822 train_loss=5.4309]
Wed, 25 Dec 2024 15:10:40 recommender.py[line:519] INFO Train time: 1.24339s. Valid time: 1.28361s
Wed, 25 Dec 2024 15:10:41 recommender.py[line:254] INFO Training: Epoch= 18 [recall@10=0.1556 ndcg@10=0.0892 train_loss=5.4231]
Wed, 25 Dec 2024 15:10:41 recommender.py[line:519] INFO Train time: 1.36038s. Valid time: 1.39509s
Wed, 25 Dec 2024 15:10:42 recommender.py[line:254] INFO Training: Epoch= 19 [recall@10=0.1587 ndcg@10=0.0835 train_loss=5.4066]
Wed, 25 Dec 2024 15:10:42 recommender.py[line:519] INFO Train time: 1.25050s. Valid time: 1.28659s
Wed, 25 Dec 2024 15:10:44 recommender.py[line:254] INFO Training: Epoch= 20 [recall@10=0.1746 ndcg@10=0.0876 train_loss=5.3922]
Wed, 25 Dec 2024 15:10:44 recommender.py[line:519] INFO Train time: 1.31481s. Valid time: 1.35144s
Wed, 25 Dec 2024 15:10:45 recommender.py[line:254] INFO Training: Epoch= 21 [recall@10=0.1556 ndcg@10=0.0823 train_loss=5.3861]
Wed, 25 Dec 2024 15:10:45 recommender.py[line:519] INFO Train time: 1.28775s. Valid time: 1.31509s
Wed, 25 Dec 2024 15:10:46 recommender.py[line:254] INFO Training: Epoch= 22 [recall@10=0.1619 ndcg@10=0.0836 train_loss=5.3740]
Wed, 25 Dec 2024 15:10:46 recommender.py[line:519] INFO Train time: 1.21192s. Valid time: 1.24297s
Wed, 25 Dec 2024 15:10:48 recommender.py[line:254] INFO Training: Epoch= 23 [recall@10=0.1746 ndcg@10=0.0802 train_loss=5.3662]
Wed, 25 Dec 2024 15:10:48 recommender.py[line:519] INFO Train time: 1.34428s. Valid time: 1.37374s
Wed, 25 Dec 2024 15:10:49 recommender.py[line:254] INFO Training: Epoch= 24 [recall@10=0.1810 ndcg@10=0.0942 train_loss=5.3571]
Wed, 25 Dec 2024 15:10:49 recommender.py[line:519] INFO Train time: 1.15858s. Valid time: 1.18939s
Wed, 25 Dec 2024 15:10:49 recommender.py[line:548] INFO recall@10 improved. Best value: 0.1810
Wed, 25 Dec 2024 15:10:50 recommender.py[line:254] INFO Training: Epoch= 25 [recall@10=0.1810 ndcg@10=0.0871 train_loss=5.3536]
Wed, 25 Dec 2024 15:10:50 recommender.py[line:519] INFO Train time: 1.22221s. Valid time: 1.25002s
Wed, 25 Dec 2024 15:10:51 recommender.py[line:254] INFO Training: Epoch= 26 [recall@10=0.1619 ndcg@10=0.0883 train_loss=5.3416]
Wed, 25 Dec 2024 15:10:51 recommender.py[line:519] INFO Train time: 1.20594s. Valid time: 1.23987s
Wed, 25 Dec 2024 15:10:53 recommender.py[line:254] INFO Training: Epoch= 27 [recall@10=0.1619 ndcg@10=0.0846 train_loss=5.3327]
Wed, 25 Dec 2024 15:10:53 recommender.py[line:519] INFO Train time: 1.29536s. Valid time: 1.32189s
Wed, 25 Dec 2024 15:10:54 recommender.py[line:254] INFO Training: Epoch= 28 [recall@10=0.1587 ndcg@10=0.0802 train_loss=5.3185]
Wed, 25 Dec 2024 15:10:54 recommender.py[line:519] INFO Train time: 1.29541s. Valid time: 1.32340s
Wed, 25 Dec 2024 15:10:55 recommender.py[line:254] INFO Training: Epoch= 29 [recall@10=0.1714 ndcg@10=0.0886 train_loss=5.3119]
Wed, 25 Dec 2024 15:10:55 recommender.py[line:519] INFO Train time: 1.14754s. Valid time: 1.17768s
Wed, 25 Dec 2024 15:10:57 recommender.py[line:254] INFO Training: Epoch= 30 [recall@10=0.1587 ndcg@10=0.0820 train_loss=5.3096]
Wed, 25 Dec 2024 15:10:57 recommender.py[line:519] INFO Train time: 1.32240s. Valid time: 1.35344s
Wed, 25 Dec 2024 15:10:58 recommender.py[line:254] INFO Training: Epoch= 31 [recall@10=0.1937 ndcg@10=0.0895 train_loss=5.3057]
Wed, 25 Dec 2024 15:10:58 recommender.py[line:519] INFO Train time: 1.21362s. Valid time: 1.24042s
Wed, 25 Dec 2024 15:10:58 recommender.py[line:548] INFO recall@10 improved. Best value: 0.1937
Wed, 25 Dec 2024 15:10:59 recommender.py[line:254] INFO Training: Epoch= 32 [recall@10=0.1619 ndcg@10=0.0863 train_loss=5.2954]
Wed, 25 Dec 2024 15:10:59 recommender.py[line:519] INFO Train time: 1.28433s. Valid time: 1.31808s
Wed, 25 Dec 2024 15:11:01 recommender.py[line:254] INFO Training: Epoch= 33 [recall@10=0.1873 ndcg@10=0.0921 train_loss=5.2847]
Wed, 25 Dec 2024 15:11:01 recommender.py[line:519] INFO Train time: 1.29505s. Valid time: 1.32702s
Wed, 25 Dec 2024 15:11:02 recommender.py[line:254] INFO Training: Epoch= 34 [recall@10=0.1873 ndcg@10=0.0922 train_loss=5.2807]
Wed, 25 Dec 2024 15:11:02 recommender.py[line:519] INFO Train time: 1.17369s. Valid time: 1.20069s
Wed, 25 Dec 2024 15:11:03 recommender.py[line:254] INFO Training: Epoch= 35 [recall@10=0.1746 ndcg@10=0.0920 train_loss=5.2748]
Wed, 25 Dec 2024 15:11:03 recommender.py[line:519] INFO Train time: 1.26153s. Valid time: 1.28946s
Wed, 25 Dec 2024 15:11:04 recommender.py[line:254] INFO Training: Epoch= 36 [recall@10=0.1873 ndcg@10=0.0879 train_loss=5.2614]
Wed, 25 Dec 2024 15:11:04 recommender.py[line:519] INFO Train time: 1.18869s. Valid time: 1.21569s
Wed, 25 Dec 2024 15:11:05 recommender.py[line:254] INFO Training: Epoch= 37 [recall@10=0.1841 ndcg@10=0.0889 train_loss=5.2581]
Wed, 25 Dec 2024 15:11:05 recommender.py[line:519] INFO Train time: 1.22698s. Valid time: 1.25486s
Wed, 25 Dec 2024 15:11:07 recommender.py[line:254] INFO Training: Epoch= 38 [recall@10=0.1841 ndcg@10=0.0943 train_loss=5.2473]
Wed, 25 Dec 2024 15:11:07 recommender.py[line:519] INFO Train time: 1.11909s. Valid time: 1.14759s
Wed, 25 Dec 2024 15:11:08 recommender.py[line:254] INFO Training: Epoch= 39 [recall@10=0.1873 ndcg@10=0.0955 train_loss=5.2420]
Wed, 25 Dec 2024 15:11:08 recommender.py[line:519] INFO Train time: 1.21309s. Valid time: 1.23992s
Wed, 25 Dec 2024 15:11:09 recommender.py[line:254] INFO Training: Epoch= 40 [recall@10=0.1714 ndcg@10=0.0856 train_loss=5.2403]
Wed, 25 Dec 2024 15:11:09 recommender.py[line:519] INFO Train time: 1.24064s. Valid time: 1.26719s
Wed, 25 Dec 2024 15:11:10 recommender.py[line:254] INFO Training: Epoch= 41 [recall@10=0.1937 ndcg@10=0.0876 train_loss=5.2302]
Wed, 25 Dec 2024 15:11:10 recommender.py[line:519] INFO Train time: 1.28666s. Valid time: 1.31318s
Wed, 25 Dec 2024 15:11:12 recommender.py[line:254] INFO Training: Epoch= 42 [recall@10=0.1714 ndcg@10=0.0820 train_loss=5.2251]
Wed, 25 Dec 2024 15:11:12 recommender.py[line:519] INFO Train time: 1.21191s. Valid time: 1.23802s
Wed, 25 Dec 2024 15:11:13 recommender.py[line:254] INFO Training: Epoch= 43 [recall@10=0.1778 ndcg@10=0.0860 train_loss=5.2119]
Wed, 25 Dec 2024 15:11:13 recommender.py[line:519] INFO Train time: 1.17987s. Valid time: 1.20704s
Wed, 25 Dec 2024 15:11:14 recommender.py[line:254] INFO Training: Epoch= 44 [recall@10=0.1937 ndcg@10=0.0984 train_loss=5.2057]
Wed, 25 Dec 2024 15:11:14 recommender.py[line:519] INFO Train time: 1.26157s. Valid time: 1.28959s
Wed, 25 Dec 2024 15:11:15 recommender.py[line:254] INFO Training: Epoch= 45 [recall@10=0.1778 ndcg@10=0.0890 train_loss=5.2067]
Wed, 25 Dec 2024 15:11:15 recommender.py[line:519] INFO Train time: 1.22499s. Valid time: 1.25341s
Wed, 25 Dec 2024 15:11:17 recommender.py[line:254] INFO Training: Epoch= 46 [recall@10=0.1841 ndcg@10=0.0961 train_loss=5.1949]
Wed, 25 Dec 2024 15:11:17 recommender.py[line:519] INFO Train time: 1.16976s. Valid time: 1.20044s
Wed, 25 Dec 2024 15:11:18 recommender.py[line:254] INFO Training: Epoch= 47 [recall@10=0.2000 ndcg@10=0.1032 train_loss=5.1854]
Wed, 25 Dec 2024 15:11:18 recommender.py[line:519] INFO Train time: 1.28713s. Valid time: 1.31547s
Wed, 25 Dec 2024 15:11:18 recommender.py[line:548] INFO recall@10 improved. Best value: 0.2000
Wed, 25 Dec 2024 15:11:19 recommender.py[line:254] INFO Training: Epoch= 48 [recall@10=0.1968 ndcg@10=0.0984 train_loss=5.1818]
Wed, 25 Dec 2024 15:11:19 recommender.py[line:519] INFO Train time: 1.15977s. Valid time: 1.18470s
Wed, 25 Dec 2024 15:11:20 recommender.py[line:254] INFO Training: Epoch= 49 [recall@10=0.1841 ndcg@10=0.0918 train_loss=5.1687]
Wed, 25 Dec 2024 15:11:20 recommender.py[line:519] INFO Train time: 1.25357s. Valid time: 1.27149s
Wed, 25 Dec 2024 15:11:22 recommender.py[line:254] INFO Training: Epoch= 50 [recall@10=0.1810 ndcg@10=0.0910 train_loss=5.1687]
Wed, 25 Dec 2024 15:11:22 recommender.py[line:519] INFO Train time: 1.18560s. Valid time: 1.21512s
Wed, 25 Dec 2024 15:11:23 recommender.py[line:254] INFO Training: Epoch= 51 [recall@10=0.1841 ndcg@10=0.0978 train_loss=5.1606]
Wed, 25 Dec 2024 15:11:23 recommender.py[line:519] INFO Train time: 1.22535s. Valid time: 1.25680s
Wed, 25 Dec 2024 15:11:24 recommender.py[line:254] INFO Training: Epoch= 52 [recall@10=0.1873 ndcg@10=0.0939 train_loss=5.1506]
Wed, 25 Dec 2024 15:11:24 recommender.py[line:519] INFO Train time: 1.25150s. Valid time: 1.28019s
Wed, 25 Dec 2024 15:11:25 recommender.py[line:254] INFO Training: Epoch= 53 [recall@10=0.1841 ndcg@10=0.0943 train_loss=5.1422]
Wed, 25 Dec 2024 15:11:25 recommender.py[line:519] INFO Train time: 1.18292s. Valid time: 1.21243s
Wed, 25 Dec 2024 15:11:27 recommender.py[line:254] INFO Training: Epoch= 54 [recall@10=0.1937 ndcg@10=0.1025 train_loss=5.1376]
Wed, 25 Dec 2024 15:11:27 recommender.py[line:519] INFO Train time: 1.24645s. Valid time: 1.27305s
Wed, 25 Dec 2024 15:11:28 recommender.py[line:254] INFO Training: Epoch= 55 [recall@10=0.2063 ndcg@10=0.1064 train_loss=5.1273]
Wed, 25 Dec 2024 15:11:28 recommender.py[line:519] INFO Train time: 1.18323s. Valid time: 1.21045s
Wed, 25 Dec 2024 15:11:28 recommender.py[line:548] INFO recall@10 improved. Best value: 0.2063
Wed, 25 Dec 2024 15:11:29 recommender.py[line:254] INFO Training: Epoch= 56 [recall@10=0.1778 ndcg@10=0.0919 train_loss=5.1258]
Wed, 25 Dec 2024 15:11:29 recommender.py[line:519] INFO Train time: 1.30669s. Valid time: 1.32885s
Wed, 25 Dec 2024 15:11:30 recommender.py[line:254] INFO Training: Epoch= 57 [recall@10=0.1905 ndcg@10=0.0957 train_loss=5.1242]
Wed, 25 Dec 2024 15:11:30 recommender.py[line:519] INFO Train time: 1.26432s. Valid time: 1.29069s
Wed, 25 Dec 2024 15:11:32 recommender.py[line:254] INFO Training: Epoch= 58 [recall@10=0.1841 ndcg@10=0.0969 train_loss=5.1155]
Wed, 25 Dec 2024 15:11:32 recommender.py[line:519] INFO Train time: 1.17539s. Valid time: 1.20002s
Wed, 25 Dec 2024 15:11:33 recommender.py[line:254] INFO Training: Epoch= 59 [recall@10=0.1968 ndcg@10=0.0997 train_loss=5.1137]
Wed, 25 Dec 2024 15:11:33 recommender.py[line:519] INFO Train time: 1.26086s. Valid time: 1.28627s
Wed, 25 Dec 2024 15:11:34 recommender.py[line:254] INFO Training: Epoch= 60 [recall@10=0.1905 ndcg@10=0.0986 train_loss=5.0969]
Wed, 25 Dec 2024 15:11:34 recommender.py[line:519] INFO Train time: 1.21296s. Valid time: 1.23961s
Wed, 25 Dec 2024 15:11:36 recommender.py[line:254] INFO Training: Epoch= 61 [recall@10=0.1841 ndcg@10=0.0919 train_loss=5.0954]
Wed, 25 Dec 2024 15:11:36 recommender.py[line:519] INFO Train time: 1.26640s. Valid time: 1.29019s
Wed, 25 Dec 2024 15:11:37 recommender.py[line:254] INFO Training: Epoch= 62 [recall@10=0.1937 ndcg@10=0.0946 train_loss=5.0869]
Wed, 25 Dec 2024 15:11:37 recommender.py[line:519] INFO Train time: 1.23528s. Valid time: 1.26218s
Wed, 25 Dec 2024 15:11:38 recommender.py[line:254] INFO Training: Epoch= 63 [recall@10=0.1841 ndcg@10=0.0989 train_loss=5.0889]
Wed, 25 Dec 2024 15:11:38 recommender.py[line:519] INFO Train time: 1.24387s. Valid time: 1.27524s
Wed, 25 Dec 2024 15:11:39 recommender.py[line:254] INFO Training: Epoch= 64 [recall@10=0.2032 ndcg@10=0.1002 train_loss=5.0737]
Wed, 25 Dec 2024 15:11:39 recommender.py[line:519] INFO Train time: 1.31665s. Valid time: 1.33863s
Wed, 25 Dec 2024 15:11:41 recommender.py[line:254] INFO Training: Epoch= 65 [recall@10=0.1778 ndcg@10=0.0920 train_loss=5.0662]
Wed, 25 Dec 2024 15:11:41 recommender.py[line:519] INFO Train time: 1.21322s. Valid time: 1.24488s
Wed, 25 Dec 2024 15:11:42 recommender.py[line:254] INFO Training: Epoch= 66 [recall@10=0.1873 ndcg@10=0.1024 train_loss=5.0684]
Wed, 25 Dec 2024 15:11:42 recommender.py[line:519] INFO Train time: 1.24647s. Valid time: 1.27444s
Wed, 25 Dec 2024 15:11:43 recommender.py[line:254] INFO Training: Epoch= 67 [recall@10=0.1905 ndcg@10=0.1017 train_loss=5.0668]
Wed, 25 Dec 2024 15:11:43 recommender.py[line:519] INFO Train time: 1.25999s. Valid time: 1.28948s
Wed, 25 Dec 2024 15:11:45 recommender.py[line:254] INFO Training: Epoch= 68 [recall@10=0.1841 ndcg@10=0.0950 train_loss=5.0512]
Wed, 25 Dec 2024 15:11:45 recommender.py[line:519] INFO Train time: 1.29437s. Valid time: 1.32164s
Wed, 25 Dec 2024 15:11:46 recommender.py[line:254] INFO Training: Epoch= 69 [recall@10=0.1810 ndcg@10=0.0961 train_loss=5.0454]
Wed, 25 Dec 2024 15:11:46 recommender.py[line:519] INFO Train time: 1.25775s. Valid time: 1.28305s
Wed, 25 Dec 2024 15:11:47 recommender.py[line:254] INFO Training: Epoch= 70 [recall@10=0.1937 ndcg@10=0.1033 train_loss=5.0434]
Wed, 25 Dec 2024 15:11:47 recommender.py[line:519] INFO Train time: 1.21064s. Valid time: 1.23698s
Wed, 25 Dec 2024 15:11:48 recommender.py[line:254] INFO Training: Epoch= 71 [recall@10=0.1905 ndcg@10=0.1031 train_loss=5.0306]
Wed, 25 Dec 2024 15:11:48 recommender.py[line:519] INFO Train time: 1.26631s. Valid time: 1.28792s
Wed, 25 Dec 2024 15:11:50 recommender.py[line:254] INFO Training: Epoch= 72 [recall@10=0.1841 ndcg@10=0.0989 train_loss=5.0298]
Wed, 25 Dec 2024 15:11:50 recommender.py[line:519] INFO Train time: 1.17686s. Valid time: 1.19502s
Wed, 25 Dec 2024 15:11:51 recommender.py[line:254] INFO Training: Epoch= 73 [recall@10=0.1841 ndcg@10=0.0958 train_loss=5.0282]
Wed, 25 Dec 2024 15:11:51 recommender.py[line:519] INFO Train time: 1.22999s. Valid time: 1.25902s
Wed, 25 Dec 2024 15:11:52 recommender.py[line:254] INFO Training: Epoch= 74 [recall@10=0.1905 ndcg@10=0.0969 train_loss=5.0205]
Wed, 25 Dec 2024 15:11:52 recommender.py[line:519] INFO Train time: 1.21368s. Valid time: 1.23995s
Wed, 25 Dec 2024 15:11:53 recommender.py[line:254] INFO Training: Epoch= 75 [recall@10=0.1905 ndcg@10=0.1002 train_loss=5.0187]
Wed, 25 Dec 2024 15:11:53 recommender.py[line:519] INFO Train time: 1.26374s. Valid time: 1.29353s
Wed, 25 Dec 2024 15:11:53 recommender.py[line:559] INFO Early stopped. recall@10 didn't improve for 20 epochs.
Wed, 25 Dec 2024 15:11:53 recommender.py[line:562] INFO The best score of recall@10 is 0.2063 at 55
Wed, 25 Dec 2024 15:11:53 recommender.py[line:730] INFO Best model checkpoiny saved in ./metadata/model_checkpoint/shadow_model/ml-100k/BERT4Rec/split/train/nonmember_model_3.
Wed, 25 Dec 2024 15:11:53 shadow.py[line:57] INFO Shadow model recommendation performance:
Wed, 25 Dec 2024 15:11:53 recommender.py[line:196] INFO Testing:  [recall@10=0.2286 precision@10=0.0229 map@10=0.0955 ndcg@10=0.1264 mrr@10=0.0955 hit@10=0.2286]
Wed, 25 Dec 2024 15:11:58 shadow.py[line:292] INFO End of the code.
