Wed, 25 Dec 2024 15:09:00 shadow.py[line:150] INFO {'dataset': 'ml-100k', 'model': 'BERT4Rec', 'split_seed': 11, 'gpu': 3, 'split_cf': 'split', 'train_cf': 'train'}
Wed, 25 Dec 2024 15:09:00 utils.py[line:224] INFO dataset is read from ../datasets/ml-100k.
Wed, 25 Dec 2024 15:09:01 utils.py[line:38] INFO 
Dataset Info: 

==================================================
item information: 
field     item_id   
type      token     
##        1153      
==================================================
user information: 
field     user_id   
type      token     
##        944       
==================================================
interaction information: 
field     user_id   item_id   rating    timestamp 
type      token     token     float     float     
##        944       1153      -         -         
==================================================
Sparsity: 0.909832
==================================================
Wed, 25 Dec 2024 15:09:02 utils.py[line:297] INFO Global seed set to 2019
Wed, 25 Dec 2024 15:09:02 utils.py[line:62] INFO 
Model Config: 

accelerator=gpu
activation=gelu
ann=None
batch_size=1024
cutoff=10
dataset_neg_count=None
dataset_sampler=None
dropout=0.2
early_stop_mode=max
early_stop_patience=20
embed_dim=64
epochs=100
eval_batch_size=128
excluding_hist=False
gpu=[3]
head_num=2
hidden_size=128
item_bias=False
layer_norm_eps=1e-12
layer_num=2
learner=adam
learning_rate=0.001
mask_ratio=0.2
negative_count=1
num_workers=0
pooling_type=mask
save_path=./saved/
scheduler=None
seed=2019
split_ratio=2
steal=False
test_metrics=['recall', 'precision', 'map', 'ndcg', 'mrr', 'hit']
test_repetitive=True
topk=100
train_repetitive=True
val_metrics=['recall', 'ndcg']
weight_decay=1e-05
Wed, 25 Dec 2024 15:09:02 utils.py[line:297] INFO Global seed set to 2019
Wed, 25 Dec 2024 15:09:02 utils.py[line:62] INFO 
Model Config: 

accelerator=gpu
activation=gelu
ann=None
batch_size=1024
cutoff=10
dataset_neg_count=None
dataset_sampler=None
dropout=0.2
early_stop_mode=max
early_stop_patience=20
embed_dim=64
epochs=100
eval_batch_size=128
excluding_hist=False
gpu=[3]
head_num=2
hidden_size=128
item_bias=False
layer_norm_eps=1e-12
layer_num=2
learner=adam
learning_rate=0.001
mask_ratio=0.2
negative_count=1
num_workers=0
pooling_type=mask
save_path=./saved/
scheduler=None
seed=2019
split_ratio=2
steal=False
test_metrics=['recall', 'precision', 'map', 'ndcg', 'mrr', 'hit']
test_repetitive=True
topk=100
train_repetitive=True
val_metrics=['recall', 'ndcg']
weight_decay=1e-05
Wed, 25 Dec 2024 15:09:02 recommender.py[line:128] INFO save_dir:/data1/home/zhihao/code/RecAudit/open-source/RecAudit/RecStudio-main
Wed, 25 Dec 2024 15:09:02 recommender.py[line:131] INFO BERT4Rec(
  (loss_fn): SoftmaxLoss()
  (score_func): InnerProductScorer()
  (item_encoder): Embedding(1154, 64, padding_idx=0)
  (query_encoder): BERT4RecQueryEncoder(
    (item_encoder): Embedding(1154, 64, padding_idx=0)
    (position_emb): Embedding(20, 64)
    (transformer_layer): TransformerEncoder(
      (layers): ModuleList(
        (0): TransformerEncoderLayer(
          (self_attn): MultiheadAttention(
            (out_proj): NonDynamicallyQuantizableLinear(in_features=64, out_features=64, bias=True)
          )
          (linear1): Linear(in_features=64, out_features=128, bias=True)
          (dropout): Dropout(p=0.2, inplace=False)
          (linear2): Linear(in_features=128, out_features=64, bias=True)
          (norm1): LayerNorm((64,), eps=1e-12, elementwise_affine=True)
          (norm2): LayerNorm((64,), eps=1e-12, elementwise_affine=True)
          (dropout1): Dropout(p=0.2, inplace=False)
          (dropout2): Dropout(p=0.2, inplace=False)
        )
        (1): TransformerEncoderLayer(
          (self_attn): MultiheadAttention(
            (out_proj): NonDynamicallyQuantizableLinear(in_features=64, out_features=64, bias=True)
          )
          (linear1): Linear(in_features=64, out_features=128, bias=True)
          (dropout): Dropout(p=0.2, inplace=False)
          (linear2): Linear(in_features=128, out_features=64, bias=True)
          (norm1): LayerNorm((64,), eps=1e-12, elementwise_affine=True)
          (norm2): LayerNorm((64,), eps=1e-12, elementwise_affine=True)
          (dropout1): Dropout(p=0.2, inplace=False)
          (dropout2): Dropout(p=0.2, inplace=False)
        )
      )
    )
    (dropout): Dropout(p=0.2, inplace=False)
    (training_pooling_layer): SeqPoolingLayer(pooling_type=mask, keepdim=False)
    (eval_pooling_layer): SeqPoolingLayer(pooling_type=last, keepdim=False)
  )
)
Wed, 25 Dec 2024 15:09:08 recommender.py[line:254] INFO Training: Epoch=  0 [recall@10=0.0541 ndcg@10=0.0229 train_loss=6.8067]
Wed, 25 Dec 2024 15:09:08 recommender.py[line:519] INFO Train time: 1.70377s. Valid time: 1.74898s
Wed, 25 Dec 2024 15:09:08 recommender.py[line:548] INFO recall@10 improved. Best value: 0.0541
Wed, 25 Dec 2024 15:09:10 recommender.py[line:254] INFO Training: Epoch=  1 [recall@10=0.0478 ndcg@10=0.0229 train_loss=6.5754]
Wed, 25 Dec 2024 15:09:10 recommender.py[line:519] INFO Train time: 1.34615s. Valid time: 1.38161s
Wed, 25 Dec 2024 15:09:11 recommender.py[line:254] INFO Training: Epoch=  2 [recall@10=0.1210 ndcg@10=0.0633 train_loss=6.3034]
Wed, 25 Dec 2024 15:09:11 recommender.py[line:519] INFO Train time: 1.24147s. Valid time: 1.27325s
Wed, 25 Dec 2024 15:09:11 recommender.py[line:548] INFO recall@10 improved. Best value: 0.1210
Wed, 25 Dec 2024 15:09:12 recommender.py[line:254] INFO Training: Epoch=  3 [recall@10=0.1401 ndcg@10=0.0698 train_loss=5.9935]
Wed, 25 Dec 2024 15:09:12 recommender.py[line:519] INFO Train time: 1.36052s. Valid time: 1.39704s
Wed, 25 Dec 2024 15:09:12 recommender.py[line:548] INFO recall@10 improved. Best value: 0.1401
Wed, 25 Dec 2024 15:09:14 recommender.py[line:254] INFO Training: Epoch=  4 [recall@10=0.1401 ndcg@10=0.0676 train_loss=5.8617]
Wed, 25 Dec 2024 15:09:14 recommender.py[line:519] INFO Train time: 1.37199s. Valid time: 1.39706s
Wed, 25 Dec 2024 15:09:15 recommender.py[line:254] INFO Training: Epoch=  5 [recall@10=0.1529 ndcg@10=0.0722 train_loss=5.7828]
Wed, 25 Dec 2024 15:09:15 recommender.py[line:519] INFO Train time: 1.29391s. Valid time: 1.32779s
Wed, 25 Dec 2024 15:09:15 recommender.py[line:548] INFO recall@10 improved. Best value: 0.1529
Wed, 25 Dec 2024 15:09:17 recommender.py[line:254] INFO Training: Epoch=  6 [recall@10=0.1497 ndcg@10=0.0730 train_loss=5.7167]
Wed, 25 Dec 2024 15:09:17 recommender.py[line:519] INFO Train time: 1.37493s. Valid time: 1.40099s
Wed, 25 Dec 2024 15:09:18 recommender.py[line:254] INFO Training: Epoch=  7 [recall@10=0.1561 ndcg@10=0.0736 train_loss=5.6687]
Wed, 25 Dec 2024 15:09:18 recommender.py[line:519] INFO Train time: 1.26597s. Valid time: 1.30719s
Wed, 25 Dec 2024 15:09:18 recommender.py[line:548] INFO recall@10 improved. Best value: 0.1561
Wed, 25 Dec 2024 15:09:19 recommender.py[line:254] INFO Training: Epoch=  8 [recall@10=0.1592 ndcg@10=0.0786 train_loss=5.6302]
Wed, 25 Dec 2024 15:09:19 recommender.py[line:519] INFO Train time: 1.35202s. Valid time: 1.39054s
Wed, 25 Dec 2024 15:09:19 recommender.py[line:548] INFO recall@10 improved. Best value: 0.1592
Wed, 25 Dec 2024 15:09:21 recommender.py[line:254] INFO Training: Epoch=  9 [recall@10=0.1592 ndcg@10=0.0891 train_loss=5.6004]
Wed, 25 Dec 2024 15:09:21 recommender.py[line:519] INFO Train time: 1.37143s. Valid time: 1.40736s
Wed, 25 Dec 2024 15:09:22 recommender.py[line:254] INFO Training: Epoch= 10 [recall@10=0.1688 ndcg@10=0.0888 train_loss=5.5794]
Wed, 25 Dec 2024 15:09:22 recommender.py[line:519] INFO Train time: 1.26464s. Valid time: 1.29937s
Wed, 25 Dec 2024 15:09:22 recommender.py[line:548] INFO recall@10 improved. Best value: 0.1688
Wed, 25 Dec 2024 15:09:23 recommender.py[line:254] INFO Training: Epoch= 11 [recall@10=0.1592 ndcg@10=0.0897 train_loss=5.5448]
Wed, 25 Dec 2024 15:09:23 recommender.py[line:519] INFO Train time: 1.35858s. Valid time: 1.39919s
Wed, 25 Dec 2024 15:09:25 recommender.py[line:254] INFO Training: Epoch= 12 [recall@10=0.1656 ndcg@10=0.0856 train_loss=5.5293]
Wed, 25 Dec 2024 15:09:25 recommender.py[line:519] INFO Train time: 1.28805s. Valid time: 1.32960s
Wed, 25 Dec 2024 15:09:26 recommender.py[line:254] INFO Training: Epoch= 13 [recall@10=0.1592 ndcg@10=0.0838 train_loss=5.5118]
Wed, 25 Dec 2024 15:09:26 recommender.py[line:519] INFO Train time: 1.32093s. Valid time: 1.35759s
Wed, 25 Dec 2024 15:09:27 recommender.py[line:254] INFO Training: Epoch= 14 [recall@10=0.1688 ndcg@10=0.0877 train_loss=5.4992]
Wed, 25 Dec 2024 15:09:27 recommender.py[line:519] INFO Train time: 1.26643s. Valid time: 1.29913s
Wed, 25 Dec 2024 15:09:29 recommender.py[line:254] INFO Training: Epoch= 15 [recall@10=0.1656 ndcg@10=0.0917 train_loss=5.4827]
Wed, 25 Dec 2024 15:09:29 recommender.py[line:519] INFO Train time: 1.34392s. Valid time: 1.38687s
Wed, 25 Dec 2024 15:09:30 recommender.py[line:254] INFO Training: Epoch= 16 [recall@10=0.1688 ndcg@10=0.0907 train_loss=5.4692]
Wed, 25 Dec 2024 15:09:30 recommender.py[line:519] INFO Train time: 1.34466s. Valid time: 1.38604s
Wed, 25 Dec 2024 15:09:31 recommender.py[line:254] INFO Training: Epoch= 17 [recall@10=0.1783 ndcg@10=0.0925 train_loss=5.4490]
Wed, 25 Dec 2024 15:09:31 recommender.py[line:519] INFO Train time: 1.26183s. Valid time: 1.29577s
Wed, 25 Dec 2024 15:09:31 recommender.py[line:548] INFO recall@10 improved. Best value: 0.1783
Wed, 25 Dec 2024 15:09:33 recommender.py[line:254] INFO Training: Epoch= 18 [recall@10=0.1592 ndcg@10=0.0828 train_loss=5.4452]
Wed, 25 Dec 2024 15:09:33 recommender.py[line:519] INFO Train time: 1.33684s. Valid time: 1.36101s
Wed, 25 Dec 2024 15:09:34 recommender.py[line:254] INFO Training: Epoch= 19 [recall@10=0.1752 ndcg@10=0.0878 train_loss=5.4376]
Wed, 25 Dec 2024 15:09:34 recommender.py[line:519] INFO Train time: 1.39471s. Valid time: 1.43096s
Wed, 25 Dec 2024 15:09:36 recommender.py[line:254] INFO Training: Epoch= 20 [recall@10=0.1688 ndcg@10=0.0922 train_loss=5.4198]
Wed, 25 Dec 2024 15:09:36 recommender.py[line:519] INFO Train time: 1.36551s. Valid time: 1.39971s
Wed, 25 Dec 2024 15:09:37 recommender.py[line:254] INFO Training: Epoch= 21 [recall@10=0.1592 ndcg@10=0.0832 train_loss=5.4056]
Wed, 25 Dec 2024 15:09:37 recommender.py[line:519] INFO Train time: 1.30886s. Valid time: 1.35652s
Wed, 25 Dec 2024 15:09:38 recommender.py[line:254] INFO Training: Epoch= 22 [recall@10=0.1783 ndcg@10=0.0872 train_loss=5.3973]
Wed, 25 Dec 2024 15:09:38 recommender.py[line:519] INFO Train time: 1.33683s. Valid time: 1.37742s
Wed, 25 Dec 2024 15:09:40 recommender.py[line:254] INFO Training: Epoch= 23 [recall@10=0.1783 ndcg@10=0.0952 train_loss=5.3911]
Wed, 25 Dec 2024 15:09:40 recommender.py[line:519] INFO Train time: 1.39274s. Valid time: 1.42901s
Wed, 25 Dec 2024 15:09:41 recommender.py[line:254] INFO Training: Epoch= 24 [recall@10=0.1720 ndcg@10=0.0942 train_loss=5.3740]
Wed, 25 Dec 2024 15:09:41 recommender.py[line:519] INFO Train time: 1.22162s. Valid time: 1.25498s
Wed, 25 Dec 2024 15:09:42 recommender.py[line:254] INFO Training: Epoch= 25 [recall@10=0.1815 ndcg@10=0.0980 train_loss=5.3618]
Wed, 25 Dec 2024 15:09:42 recommender.py[line:519] INFO Train time: 1.29042s. Valid time: 1.32628s
Wed, 25 Dec 2024 15:09:42 recommender.py[line:548] INFO recall@10 improved. Best value: 0.1815
Wed, 25 Dec 2024 15:09:44 recommender.py[line:254] INFO Training: Epoch= 26 [recall@10=0.1561 ndcg@10=0.0811 train_loss=5.3640]
Wed, 25 Dec 2024 15:09:44 recommender.py[line:519] INFO Train time: 1.26536s. Valid time: 1.30778s
Wed, 25 Dec 2024 15:09:45 recommender.py[line:254] INFO Training: Epoch= 27 [recall@10=0.1720 ndcg@10=0.0895 train_loss=5.3580]
Wed, 25 Dec 2024 15:09:45 recommender.py[line:519] INFO Train time: 1.37751s. Valid time: 1.41020s
Wed, 25 Dec 2024 15:09:47 recommender.py[line:254] INFO Training: Epoch= 28 [recall@10=0.1752 ndcg@10=0.0901 train_loss=5.3447]
Wed, 25 Dec 2024 15:09:47 recommender.py[line:519] INFO Train time: 1.38779s. Valid time: 1.43374s
Wed, 25 Dec 2024 15:09:48 recommender.py[line:254] INFO Training: Epoch= 29 [recall@10=0.1783 ndcg@10=0.0914 train_loss=5.3231]
Wed, 25 Dec 2024 15:09:48 recommender.py[line:519] INFO Train time: 1.30542s. Valid time: 1.34558s
Wed, 25 Dec 2024 15:09:49 recommender.py[line:254] INFO Training: Epoch= 30 [recall@10=0.1592 ndcg@10=0.0809 train_loss=5.3206]
Wed, 25 Dec 2024 15:09:49 recommender.py[line:519] INFO Train time: 1.35484s. Valid time: 1.38190s
Wed, 25 Dec 2024 15:09:51 recommender.py[line:254] INFO Training: Epoch= 31 [recall@10=0.1815 ndcg@10=0.0942 train_loss=5.3177]
Wed, 25 Dec 2024 15:09:51 recommender.py[line:519] INFO Train time: 1.30878s. Valid time: 1.35030s
Wed, 25 Dec 2024 15:09:52 recommender.py[line:254] INFO Training: Epoch= 32 [recall@10=0.1592 ndcg@10=0.0835 train_loss=5.3015]
Wed, 25 Dec 2024 15:09:52 recommender.py[line:519] INFO Train time: 1.39193s. Valid time: 1.42955s
Wed, 25 Dec 2024 15:09:53 recommender.py[line:254] INFO Training: Epoch= 33 [recall@10=0.1847 ndcg@10=0.0904 train_loss=5.2897]
Wed, 25 Dec 2024 15:09:53 recommender.py[line:519] INFO Train time: 1.33501s. Valid time: 1.37285s
Wed, 25 Dec 2024 15:09:53 recommender.py[line:548] INFO recall@10 improved. Best value: 0.1847
Wed, 25 Dec 2024 15:09:55 recommender.py[line:254] INFO Training: Epoch= 34 [recall@10=0.1752 ndcg@10=0.0865 train_loss=5.2912]
Wed, 25 Dec 2024 15:09:55 recommender.py[line:519] INFO Train time: 1.36389s. Valid time: 1.39619s
Wed, 25 Dec 2024 15:09:57 recommender.py[line:254] INFO Training: Epoch= 35 [recall@10=0.1815 ndcg@10=0.0896 train_loss=5.2745]
Wed, 25 Dec 2024 15:09:57 recommender.py[line:519] INFO Train time: 1.68410s. Valid time: 1.71722s
Wed, 25 Dec 2024 15:09:58 recommender.py[line:254] INFO Training: Epoch= 36 [recall@10=0.1688 ndcg@10=0.0843 train_loss=5.2669]
Wed, 25 Dec 2024 15:09:58 recommender.py[line:519] INFO Train time: 1.28431s. Valid time: 1.31561s
Wed, 25 Dec 2024 15:09:59 recommender.py[line:254] INFO Training: Epoch= 37 [recall@10=0.1688 ndcg@10=0.0843 train_loss=5.2621]
Wed, 25 Dec 2024 15:09:59 recommender.py[line:519] INFO Train time: 1.35994s. Valid time: 1.38814s
Wed, 25 Dec 2024 15:10:01 recommender.py[line:254] INFO Training: Epoch= 38 [recall@10=0.1688 ndcg@10=0.0839 train_loss=5.2490]
Wed, 25 Dec 2024 15:10:01 recommender.py[line:519] INFO Train time: 1.27264s. Valid time: 1.30584s
Wed, 25 Dec 2024 15:10:02 recommender.py[line:254] INFO Training: Epoch= 39 [recall@10=0.1911 ndcg@10=0.0899 train_loss=5.2438]
Wed, 25 Dec 2024 15:10:02 recommender.py[line:519] INFO Train time: 1.41422s. Valid time: 1.44795s
Wed, 25 Dec 2024 15:10:02 recommender.py[line:548] INFO recall@10 improved. Best value: 0.1911
Wed, 25 Dec 2024 15:10:03 recommender.py[line:254] INFO Training: Epoch= 40 [recall@10=0.1783 ndcg@10=0.0898 train_loss=5.2411]
Wed, 25 Dec 2024 15:10:03 recommender.py[line:519] INFO Train time: 1.33700s. Valid time: 1.37348s
Wed, 25 Dec 2024 15:10:05 recommender.py[line:254] INFO Training: Epoch= 41 [recall@10=0.1688 ndcg@10=0.0878 train_loss=5.2310]
Wed, 25 Dec 2024 15:10:05 recommender.py[line:519] INFO Train time: 1.23286s. Valid time: 1.26179s
Wed, 25 Dec 2024 15:10:06 recommender.py[line:254] INFO Training: Epoch= 42 [recall@10=0.1847 ndcg@10=0.0912 train_loss=5.2274]
Wed, 25 Dec 2024 15:10:06 recommender.py[line:519] INFO Train time: 1.34647s. Valid time: 1.38599s
Wed, 25 Dec 2024 15:10:07 recommender.py[line:254] INFO Training: Epoch= 43 [recall@10=0.1783 ndcg@10=0.0897 train_loss=5.2151]
Wed, 25 Dec 2024 15:10:07 recommender.py[line:519] INFO Train time: 1.21650s. Valid time: 1.24813s
Wed, 25 Dec 2024 15:10:09 recommender.py[line:254] INFO Training: Epoch= 44 [recall@10=0.1592 ndcg@10=0.0875 train_loss=5.2090]
Wed, 25 Dec 2024 15:10:09 recommender.py[line:519] INFO Train time: 1.42426s. Valid time: 1.45813s
Wed, 25 Dec 2024 15:10:10 recommender.py[line:254] INFO Training: Epoch= 45 [recall@10=0.1688 ndcg@10=0.0879 train_loss=5.1942]
Wed, 25 Dec 2024 15:10:10 recommender.py[line:519] INFO Train time: 1.35436s. Valid time: 1.38137s
Wed, 25 Dec 2024 15:10:11 recommender.py[line:254] INFO Training: Epoch= 46 [recall@10=0.1656 ndcg@10=0.0863 train_loss=5.1841]
Wed, 25 Dec 2024 15:10:11 recommender.py[line:519] INFO Train time: 1.35878s. Valid time: 1.39590s
Wed, 25 Dec 2024 15:10:13 recommender.py[line:254] INFO Training: Epoch= 47 [recall@10=0.1592 ndcg@10=0.0824 train_loss=5.1851]
Wed, 25 Dec 2024 15:10:13 recommender.py[line:519] INFO Train time: 1.34552s. Valid time: 1.38405s
Wed, 25 Dec 2024 15:10:14 recommender.py[line:254] INFO Training: Epoch= 48 [recall@10=0.1720 ndcg@10=0.0875 train_loss=5.1912]
Wed, 25 Dec 2024 15:10:14 recommender.py[line:519] INFO Train time: 1.26364s. Valid time: 1.30081s
Wed, 25 Dec 2024 15:10:16 recommender.py[line:254] INFO Training: Epoch= 49 [recall@10=0.1688 ndcg@10=0.0849 train_loss=5.1725]
Wed, 25 Dec 2024 15:10:16 recommender.py[line:519] INFO Train time: 1.32615s. Valid time: 1.36733s
Wed, 25 Dec 2024 15:10:17 recommender.py[line:254] INFO Training: Epoch= 50 [recall@10=0.1847 ndcg@10=0.0891 train_loss=5.1689]
Wed, 25 Dec 2024 15:10:17 recommender.py[line:519] INFO Train time: 1.33512s. Valid time: 1.37388s
Wed, 25 Dec 2024 15:10:18 recommender.py[line:254] INFO Training: Epoch= 51 [recall@10=0.1752 ndcg@10=0.0870 train_loss=5.1678]
Wed, 25 Dec 2024 15:10:18 recommender.py[line:519] INFO Train time: 1.32627s. Valid time: 1.36160s
Wed, 25 Dec 2024 15:10:20 recommender.py[line:254] INFO Training: Epoch= 52 [recall@10=0.1847 ndcg@10=0.0934 train_loss=5.1496]
Wed, 25 Dec 2024 15:10:20 recommender.py[line:519] INFO Train time: 1.32203s. Valid time: 1.35825s
Wed, 25 Dec 2024 15:10:21 recommender.py[line:254] INFO Training: Epoch= 53 [recall@10=0.1815 ndcg@10=0.0891 train_loss=5.1442]
Wed, 25 Dec 2024 15:10:21 recommender.py[line:519] INFO Train time: 1.44265s. Valid time: 1.48109s
Wed, 25 Dec 2024 15:10:23 recommender.py[line:254] INFO Training: Epoch= 54 [recall@10=0.1720 ndcg@10=0.0898 train_loss=5.1412]
Wed, 25 Dec 2024 15:10:23 recommender.py[line:519] INFO Train time: 1.34271s. Valid time: 1.38514s
Wed, 25 Dec 2024 15:10:24 recommender.py[line:254] INFO Training: Epoch= 55 [recall@10=0.1656 ndcg@10=0.0859 train_loss=5.1290]
Wed, 25 Dec 2024 15:10:24 recommender.py[line:519] INFO Train time: 1.35232s. Valid time: 1.39096s
Wed, 25 Dec 2024 15:10:25 recommender.py[line:254] INFO Training: Epoch= 56 [recall@10=0.1529 ndcg@10=0.0781 train_loss=5.1254]
Wed, 25 Dec 2024 15:10:25 recommender.py[line:519] INFO Train time: 1.36962s. Valid time: 1.40921s
Wed, 25 Dec 2024 15:10:27 recommender.py[line:254] INFO Training: Epoch= 57 [recall@10=0.1656 ndcg@10=0.0836 train_loss=5.1248]
Wed, 25 Dec 2024 15:10:27 recommender.py[line:519] INFO Train time: 1.36894s. Valid time: 1.40110s
Wed, 25 Dec 2024 15:10:28 recommender.py[line:254] INFO Training: Epoch= 58 [recall@10=0.1656 ndcg@10=0.0882 train_loss=5.1058]
Wed, 25 Dec 2024 15:10:28 recommender.py[line:519] INFO Train time: 1.43073s. Valid time: 1.46521s
Wed, 25 Dec 2024 15:10:30 recommender.py[line:254] INFO Training: Epoch= 59 [recall@10=0.1783 ndcg@10=0.0989 train_loss=5.1117]
Wed, 25 Dec 2024 15:10:30 recommender.py[line:519] INFO Train time: 1.41422s. Valid time: 1.44697s
Wed, 25 Dec 2024 15:10:30 recommender.py[line:559] INFO Early stopped. recall@10 didn't improve for 20 epochs.
Wed, 25 Dec 2024 15:10:30 recommender.py[line:562] INFO The best score of recall@10 is 0.1911 at 39
Wed, 25 Dec 2024 15:10:30 recommender.py[line:730] INFO Best model checkpoiny saved in ./metadata/model_checkpoint/shadow_model/ml-100k/BERT4Rec/split/train/member_model_11.
Wed, 25 Dec 2024 15:10:30 shadow.py[line:57] INFO Shadow model recommendation performance:
Wed, 25 Dec 2024 15:10:30 recommender.py[line:196] INFO Testing:  [recall@10=0.1815 precision@10=0.0182 map@10=0.0603 ndcg@10=0.0879 mrr@10=0.0603 hit@10=0.1815]
Wed, 25 Dec 2024 15:10:30 recommender.py[line:128] INFO save_dir:/data1/home/zhihao/code/RecAudit/open-source/RecAudit/RecStudio-main
Wed, 25 Dec 2024 15:10:30 recommender.py[line:131] INFO BERT4Rec(
  (loss_fn): SoftmaxLoss()
  (score_func): InnerProductScorer()
  (item_encoder): Embedding(1154, 64, padding_idx=0)
  (query_encoder): BERT4RecQueryEncoder(
    (item_encoder): Embedding(1154, 64, padding_idx=0)
    (position_emb): Embedding(20, 64)
    (transformer_layer): TransformerEncoder(
      (layers): ModuleList(
        (0): TransformerEncoderLayer(
          (self_attn): MultiheadAttention(
            (out_proj): NonDynamicallyQuantizableLinear(in_features=64, out_features=64, bias=True)
          )
          (linear1): Linear(in_features=64, out_features=128, bias=True)
          (dropout): Dropout(p=0.2, inplace=False)
          (linear2): Linear(in_features=128, out_features=64, bias=True)
          (norm1): LayerNorm((64,), eps=1e-12, elementwise_affine=True)
          (norm2): LayerNorm((64,), eps=1e-12, elementwise_affine=True)
          (dropout1): Dropout(p=0.2, inplace=False)
          (dropout2): Dropout(p=0.2, inplace=False)
        )
        (1): TransformerEncoderLayer(
          (self_attn): MultiheadAttention(
            (out_proj): NonDynamicallyQuantizableLinear(in_features=64, out_features=64, bias=True)
          )
          (linear1): Linear(in_features=64, out_features=128, bias=True)
          (dropout): Dropout(p=0.2, inplace=False)
          (linear2): Linear(in_features=128, out_features=64, bias=True)
          (norm1): LayerNorm((64,), eps=1e-12, elementwise_affine=True)
          (norm2): LayerNorm((64,), eps=1e-12, elementwise_affine=True)
          (dropout1): Dropout(p=0.2, inplace=False)
          (dropout2): Dropout(p=0.2, inplace=False)
        )
      )
    )
    (dropout): Dropout(p=0.2, inplace=False)
    (training_pooling_layer): SeqPoolingLayer(pooling_type=mask, keepdim=False)
    (eval_pooling_layer): SeqPoolingLayer(pooling_type=last, keepdim=False)
  )
)
Wed, 25 Dec 2024 15:10:31 recommender.py[line:254] INFO Training: Epoch=  0 [recall@10=0.0476 ndcg@10=0.0292 train_loss=6.8043]
Wed, 25 Dec 2024 15:10:31 recommender.py[line:519] INFO Train time: 1.46176s. Valid time: 1.50176s
Wed, 25 Dec 2024 15:10:31 recommender.py[line:548] INFO recall@10 improved. Best value: 0.0476
Wed, 25 Dec 2024 15:10:33 recommender.py[line:254] INFO Training: Epoch=  1 [recall@10=0.0571 ndcg@10=0.0273 train_loss=6.6022]
Wed, 25 Dec 2024 15:10:33 recommender.py[line:519] INFO Train time: 1.42832s. Valid time: 1.46044s
Wed, 25 Dec 2024 15:10:33 recommender.py[line:548] INFO recall@10 improved. Best value: 0.0571
Wed, 25 Dec 2024 15:10:34 recommender.py[line:254] INFO Training: Epoch=  2 [recall@10=0.1016 ndcg@10=0.0508 train_loss=6.3156]
Wed, 25 Dec 2024 15:10:34 recommender.py[line:519] INFO Train time: 1.42623s. Valid time: 1.46131s
Wed, 25 Dec 2024 15:10:34 recommender.py[line:548] INFO recall@10 improved. Best value: 0.1016
Wed, 25 Dec 2024 15:10:36 recommender.py[line:254] INFO Training: Epoch=  3 [recall@10=0.1333 ndcg@10=0.0655 train_loss=6.0152]
Wed, 25 Dec 2024 15:10:36 recommender.py[line:519] INFO Train time: 1.43688s. Valid time: 1.46013s
Wed, 25 Dec 2024 15:10:36 recommender.py[line:548] INFO recall@10 improved. Best value: 0.1333
Wed, 25 Dec 2024 15:10:37 recommender.py[line:254] INFO Training: Epoch=  4 [recall@10=0.1175 ndcg@10=0.0533 train_loss=5.8899]
Wed, 25 Dec 2024 15:10:37 recommender.py[line:519] INFO Train time: 1.41126s. Valid time: 1.44441s
Wed, 25 Dec 2024 15:10:39 recommender.py[line:254] INFO Training: Epoch=  5 [recall@10=0.1206 ndcg@10=0.0544 train_loss=5.8183]
Wed, 25 Dec 2024 15:10:39 recommender.py[line:519] INFO Train time: 1.44894s. Valid time: 1.48265s
Wed, 25 Dec 2024 15:10:40 recommender.py[line:254] INFO Training: Epoch=  6 [recall@10=0.1365 ndcg@10=0.0645 train_loss=5.7637]
Wed, 25 Dec 2024 15:10:40 recommender.py[line:519] INFO Train time: 1.43393s. Valid time: 1.46315s
Wed, 25 Dec 2024 15:10:40 recommender.py[line:548] INFO recall@10 improved. Best value: 0.1365
Wed, 25 Dec 2024 15:10:41 recommender.py[line:254] INFO Training: Epoch=  7 [recall@10=0.1397 ndcg@10=0.0682 train_loss=5.7268]
Wed, 25 Dec 2024 15:10:41 recommender.py[line:519] INFO Train time: 1.41351s. Valid time: 1.44638s
Wed, 25 Dec 2024 15:10:41 recommender.py[line:548] INFO recall@10 improved. Best value: 0.1397
Wed, 25 Dec 2024 15:10:43 recommender.py[line:254] INFO Training: Epoch=  8 [recall@10=0.1460 ndcg@10=0.0687 train_loss=5.6932]
Wed, 25 Dec 2024 15:10:43 recommender.py[line:519] INFO Train time: 1.44428s. Valid time: 1.47389s
Wed, 25 Dec 2024 15:10:43 recommender.py[line:548] INFO recall@10 improved. Best value: 0.1460
Wed, 25 Dec 2024 15:10:44 recommender.py[line:254] INFO Training: Epoch=  9 [recall@10=0.1492 ndcg@10=0.0733 train_loss=5.6693]
Wed, 25 Dec 2024 15:10:44 recommender.py[line:519] INFO Train time: 1.44506s. Valid time: 1.47887s
Wed, 25 Dec 2024 15:10:44 recommender.py[line:548] INFO recall@10 improved. Best value: 0.1492
Wed, 25 Dec 2024 15:10:46 recommender.py[line:254] INFO Training: Epoch= 10 [recall@10=0.1619 ndcg@10=0.0778 train_loss=5.6357]
Wed, 25 Dec 2024 15:10:46 recommender.py[line:519] INFO Train time: 1.36517s. Valid time: 1.40463s
Wed, 25 Dec 2024 15:10:46 recommender.py[line:548] INFO recall@10 improved. Best value: 0.1619
Wed, 25 Dec 2024 15:10:47 recommender.py[line:254] INFO Training: Epoch= 11 [recall@10=0.1524 ndcg@10=0.0790 train_loss=5.6186]
Wed, 25 Dec 2024 15:10:47 recommender.py[line:519] INFO Train time: 1.47200s. Valid time: 1.49616s
Wed, 25 Dec 2024 15:10:49 recommender.py[line:254] INFO Training: Epoch= 12 [recall@10=0.1556 ndcg@10=0.0810 train_loss=5.6028]
Wed, 25 Dec 2024 15:10:49 recommender.py[line:519] INFO Train time: 1.35620s. Valid time: 1.38881s
Wed, 25 Dec 2024 15:10:50 recommender.py[line:254] INFO Training: Epoch= 13 [recall@10=0.1746 ndcg@10=0.0849 train_loss=5.5745]
Wed, 25 Dec 2024 15:10:50 recommender.py[line:519] INFO Train time: 1.53452s. Valid time: 1.56397s
Wed, 25 Dec 2024 15:10:50 recommender.py[line:548] INFO recall@10 improved. Best value: 0.1746
Wed, 25 Dec 2024 15:10:52 recommender.py[line:254] INFO Training: Epoch= 14 [recall@10=0.1587 ndcg@10=0.0826 train_loss=5.5599]
Wed, 25 Dec 2024 15:10:52 recommender.py[line:519] INFO Train time: 1.44869s. Valid time: 1.49046s
Wed, 25 Dec 2024 15:10:53 recommender.py[line:254] INFO Training: Epoch= 15 [recall@10=0.1587 ndcg@10=0.0767 train_loss=5.5451]
Wed, 25 Dec 2024 15:10:53 recommender.py[line:519] INFO Train time: 1.63229s. Valid time: 1.65968s
Wed, 25 Dec 2024 15:10:55 recommender.py[line:254] INFO Training: Epoch= 16 [recall@10=0.1587 ndcg@10=0.0733 train_loss=5.5353]
Wed, 25 Dec 2024 15:10:55 recommender.py[line:519] INFO Train time: 1.52476s. Valid time: 1.55284s
Wed, 25 Dec 2024 15:10:57 recommender.py[line:254] INFO Training: Epoch= 17 [recall@10=0.1746 ndcg@10=0.0823 train_loss=5.5164]
Wed, 25 Dec 2024 15:10:57 recommender.py[line:519] INFO Train time: 1.54129s. Valid time: 1.56896s
Wed, 25 Dec 2024 15:10:58 recommender.py[line:254] INFO Training: Epoch= 18 [recall@10=0.1619 ndcg@10=0.0766 train_loss=5.5079]
Wed, 25 Dec 2024 15:10:58 recommender.py[line:519] INFO Train time: 1.47139s. Valid time: 1.50444s
Wed, 25 Dec 2024 15:11:00 recommender.py[line:254] INFO Training: Epoch= 19 [recall@10=0.1714 ndcg@10=0.0819 train_loss=5.5006]
Wed, 25 Dec 2024 15:11:00 recommender.py[line:519] INFO Train time: 1.38814s. Valid time: 1.41821s
Wed, 25 Dec 2024 15:11:01 recommender.py[line:254] INFO Training: Epoch= 20 [recall@10=0.1746 ndcg@10=0.0858 train_loss=5.4908]
Wed, 25 Dec 2024 15:11:01 recommender.py[line:519] INFO Train time: 1.36846s. Valid time: 1.39507s
Wed, 25 Dec 2024 15:11:02 recommender.py[line:254] INFO Training: Epoch= 21 [recall@10=0.1683 ndcg@10=0.0805 train_loss=5.4718]
Wed, 25 Dec 2024 15:11:02 recommender.py[line:519] INFO Train time: 1.29576s. Valid time: 1.32023s
Wed, 25 Dec 2024 15:11:04 recommender.py[line:254] INFO Training: Epoch= 22 [recall@10=0.1714 ndcg@10=0.0819 train_loss=5.4633]
Wed, 25 Dec 2024 15:11:04 recommender.py[line:519] INFO Train time: 1.29211s. Valid time: 1.30958s
Wed, 25 Dec 2024 15:11:05 recommender.py[line:254] INFO Training: Epoch= 23 [recall@10=0.1873 ndcg@10=0.0848 train_loss=5.4509]
Wed, 25 Dec 2024 15:11:05 recommender.py[line:519] INFO Train time: 1.31067s. Valid time: 1.32847s
Wed, 25 Dec 2024 15:11:05 recommender.py[line:548] INFO recall@10 improved. Best value: 0.1873
Wed, 25 Dec 2024 15:11:06 recommender.py[line:254] INFO Training: Epoch= 24 [recall@10=0.1841 ndcg@10=0.0877 train_loss=5.4433]
Wed, 25 Dec 2024 15:11:06 recommender.py[line:519] INFO Train time: 1.22853s. Valid time: 1.25248s
Wed, 25 Dec 2024 15:11:07 recommender.py[line:254] INFO Training: Epoch= 25 [recall@10=0.1714 ndcg@10=0.0821 train_loss=5.4301]
Wed, 25 Dec 2024 15:11:07 recommender.py[line:519] INFO Train time: 1.24503s. Valid time: 1.26276s
Wed, 25 Dec 2024 15:11:09 recommender.py[line:254] INFO Training: Epoch= 26 [recall@10=0.1619 ndcg@10=0.0761 train_loss=5.4197]
Wed, 25 Dec 2024 15:11:09 recommender.py[line:519] INFO Train time: 1.27545s. Valid time: 1.29360s
Wed, 25 Dec 2024 15:11:10 recommender.py[line:254] INFO Training: Epoch= 27 [recall@10=0.1810 ndcg@10=0.0869 train_loss=5.4117]
Wed, 25 Dec 2024 15:11:10 recommender.py[line:519] INFO Train time: 1.35803s. Valid time: 1.38165s
Wed, 25 Dec 2024 15:11:11 recommender.py[line:254] INFO Training: Epoch= 28 [recall@10=0.1778 ndcg@10=0.0838 train_loss=5.3963]
Wed, 25 Dec 2024 15:11:11 recommender.py[line:519] INFO Train time: 1.32220s. Valid time: 1.34087s
Wed, 25 Dec 2024 15:11:13 recommender.py[line:254] INFO Training: Epoch= 29 [recall@10=0.1714 ndcg@10=0.0856 train_loss=5.3962]
Wed, 25 Dec 2024 15:11:13 recommender.py[line:519] INFO Train time: 1.25278s. Valid time: 1.27341s
Wed, 25 Dec 2024 15:11:14 recommender.py[line:254] INFO Training: Epoch= 30 [recall@10=0.1937 ndcg@10=0.0969 train_loss=5.3870]
Wed, 25 Dec 2024 15:11:14 recommender.py[line:519] INFO Train time: 1.31145s. Valid time: 1.32910s
Wed, 25 Dec 2024 15:11:14 recommender.py[line:548] INFO recall@10 improved. Best value: 0.1937
Wed, 25 Dec 2024 15:11:15 recommender.py[line:254] INFO Training: Epoch= 31 [recall@10=0.1841 ndcg@10=0.0912 train_loss=5.3744]
Wed, 25 Dec 2024 15:11:15 recommender.py[line:519] INFO Train time: 1.32497s. Valid time: 1.34924s
Wed, 25 Dec 2024 15:11:17 recommender.py[line:254] INFO Training: Epoch= 32 [recall@10=0.1905 ndcg@10=0.0943 train_loss=5.3606]
Wed, 25 Dec 2024 15:11:17 recommender.py[line:519] INFO Train time: 1.42170s. Valid time: 1.43967s
Wed, 25 Dec 2024 15:11:18 recommender.py[line:254] INFO Training: Epoch= 33 [recall@10=0.1746 ndcg@10=0.0812 train_loss=5.3572]
Wed, 25 Dec 2024 15:11:18 recommender.py[line:519] INFO Train time: 1.20443s. Valid time: 1.22615s
Wed, 25 Dec 2024 15:11:19 recommender.py[line:254] INFO Training: Epoch= 34 [recall@10=0.1873 ndcg@10=0.0893 train_loss=5.3504]
Wed, 25 Dec 2024 15:11:19 recommender.py[line:519] INFO Train time: 1.25147s. Valid time: 1.27331s
Wed, 25 Dec 2024 15:11:21 recommender.py[line:254] INFO Training: Epoch= 35 [recall@10=0.2063 ndcg@10=0.0939 train_loss=5.3402]
Wed, 25 Dec 2024 15:11:21 recommender.py[line:519] INFO Train time: 1.22566s. Valid time: 1.24730s
Wed, 25 Dec 2024 15:11:21 recommender.py[line:548] INFO recall@10 improved. Best value: 0.2063
Wed, 25 Dec 2024 15:11:22 recommender.py[line:254] INFO Training: Epoch= 36 [recall@10=0.1683 ndcg@10=0.0812 train_loss=5.3378]
Wed, 25 Dec 2024 15:11:22 recommender.py[line:519] INFO Train time: 1.18814s. Valid time: 1.21118s
Wed, 25 Dec 2024 15:11:23 recommender.py[line:254] INFO Training: Epoch= 37 [recall@10=0.1937 ndcg@10=0.0935 train_loss=5.3244]
Wed, 25 Dec 2024 15:11:23 recommender.py[line:519] INFO Train time: 1.17495s. Valid time: 1.20047s
Wed, 25 Dec 2024 15:11:24 recommender.py[line:254] INFO Training: Epoch= 38 [recall@10=0.1905 ndcg@10=0.0973 train_loss=5.3200]
Wed, 25 Dec 2024 15:11:24 recommender.py[line:519] INFO Train time: 1.13472s. Valid time: 1.15265s
Wed, 25 Dec 2024 15:11:25 recommender.py[line:254] INFO Training: Epoch= 39 [recall@10=0.1746 ndcg@10=0.0886 train_loss=5.3132]
Wed, 25 Dec 2024 15:11:25 recommender.py[line:519] INFO Train time: 1.15789s. Valid time: 1.17676s
Wed, 25 Dec 2024 15:11:27 recommender.py[line:254] INFO Training: Epoch= 40 [recall@10=0.1619 ndcg@10=0.0825 train_loss=5.3024]
Wed, 25 Dec 2024 15:11:27 recommender.py[line:519] INFO Train time: 1.24621s. Valid time: 1.26997s
Wed, 25 Dec 2024 15:11:28 recommender.py[line:254] INFO Training: Epoch= 41 [recall@10=0.1651 ndcg@10=0.0801 train_loss=5.2982]
Wed, 25 Dec 2024 15:11:28 recommender.py[line:519] INFO Train time: 1.18260s. Valid time: 1.20818s
Wed, 25 Dec 2024 15:11:29 recommender.py[line:254] INFO Training: Epoch= 42 [recall@10=0.1714 ndcg@10=0.0899 train_loss=5.2932]
Wed, 25 Dec 2024 15:11:29 recommender.py[line:519] INFO Train time: 1.23345s. Valid time: 1.25756s
Wed, 25 Dec 2024 15:11:30 recommender.py[line:254] INFO Training: Epoch= 43 [recall@10=0.1873 ndcg@10=0.0895 train_loss=5.2905]
Wed, 25 Dec 2024 15:11:30 recommender.py[line:519] INFO Train time: 1.16013s. Valid time: 1.18377s
Wed, 25 Dec 2024 15:11:31 recommender.py[line:254] INFO Training: Epoch= 44 [recall@10=0.1746 ndcg@10=0.0931 train_loss=5.2789]
Wed, 25 Dec 2024 15:11:31 recommender.py[line:519] INFO Train time: 1.21780s. Valid time: 1.24243s
Wed, 25 Dec 2024 15:11:33 recommender.py[line:254] INFO Training: Epoch= 45 [recall@10=0.1746 ndcg@10=0.0872 train_loss=5.2754]
Wed, 25 Dec 2024 15:11:33 recommender.py[line:519] INFO Train time: 1.25748s. Valid time: 1.27791s
Wed, 25 Dec 2024 15:11:34 recommender.py[line:254] INFO Training: Epoch= 46 [recall@10=0.1714 ndcg@10=0.0899 train_loss=5.2713]
Wed, 25 Dec 2024 15:11:34 recommender.py[line:519] INFO Train time: 1.19353s. Valid time: 1.21779s
Wed, 25 Dec 2024 15:11:35 recommender.py[line:254] INFO Training: Epoch= 47 [recall@10=0.1873 ndcg@10=0.0949 train_loss=5.2610]
Wed, 25 Dec 2024 15:11:35 recommender.py[line:519] INFO Train time: 1.24485s. Valid time: 1.26532s
Wed, 25 Dec 2024 15:11:36 recommender.py[line:254] INFO Training: Epoch= 48 [recall@10=0.1905 ndcg@10=0.1039 train_loss=5.2559]
Wed, 25 Dec 2024 15:11:36 recommender.py[line:519] INFO Train time: 1.24809s. Valid time: 1.27361s
Wed, 25 Dec 2024 15:11:38 recommender.py[line:254] INFO Training: Epoch= 49 [recall@10=0.1937 ndcg@10=0.0995 train_loss=5.2546]
Wed, 25 Dec 2024 15:11:38 recommender.py[line:519] INFO Train time: 1.18026s. Valid time: 1.20397s
Wed, 25 Dec 2024 15:11:39 recommender.py[line:254] INFO Training: Epoch= 50 [recall@10=0.1810 ndcg@10=0.0929 train_loss=5.2484]
Wed, 25 Dec 2024 15:11:39 recommender.py[line:519] INFO Train time: 1.23589s. Valid time: 1.25869s
Wed, 25 Dec 2024 15:11:40 recommender.py[line:254] INFO Training: Epoch= 51 [recall@10=0.1968 ndcg@10=0.1036 train_loss=5.2414]
Wed, 25 Dec 2024 15:11:40 recommender.py[line:519] INFO Train time: 1.18010s. Valid time: 1.20053s
Wed, 25 Dec 2024 15:11:41 recommender.py[line:254] INFO Training: Epoch= 52 [recall@10=0.1841 ndcg@10=0.0923 train_loss=5.2318]
Wed, 25 Dec 2024 15:11:41 recommender.py[line:519] INFO Train time: 1.27181s. Valid time: 1.29379s
Wed, 25 Dec 2024 15:11:43 recommender.py[line:254] INFO Training: Epoch= 53 [recall@10=0.1810 ndcg@10=0.0895 train_loss=5.2307]
Wed, 25 Dec 2024 15:11:43 recommender.py[line:519] INFO Train time: 1.28915s. Valid time: 1.31144s
Wed, 25 Dec 2024 15:11:44 recommender.py[line:254] INFO Training: Epoch= 54 [recall@10=0.2000 ndcg@10=0.0970 train_loss=5.2247]
Wed, 25 Dec 2024 15:11:44 recommender.py[line:519] INFO Train time: 1.21584s. Valid time: 1.23798s
Wed, 25 Dec 2024 15:11:45 recommender.py[line:254] INFO Training: Epoch= 55 [recall@10=0.1937 ndcg@10=0.0938 train_loss=5.2151]
Wed, 25 Dec 2024 15:11:45 recommender.py[line:519] INFO Train time: 1.26401s. Valid time: 1.28644s
Wed, 25 Dec 2024 15:11:45 recommender.py[line:559] INFO Early stopped. recall@10 didn't improve for 20 epochs.
Wed, 25 Dec 2024 15:11:45 recommender.py[line:562] INFO The best score of recall@10 is 0.2063 at 35
Wed, 25 Dec 2024 15:11:45 recommender.py[line:730] INFO Best model checkpoiny saved in ./metadata/model_checkpoint/shadow_model/ml-100k/BERT4Rec/split/train/nonmember_model_11.
Wed, 25 Dec 2024 15:11:45 shadow.py[line:57] INFO Shadow model recommendation performance:
Wed, 25 Dec 2024 15:11:45 recommender.py[line:196] INFO Testing:  [recall@10=0.1873 precision@10=0.0187 map@10=0.0798 ndcg@10=0.1045 mrr@10=0.0798 hit@10=0.1873]
Wed, 25 Dec 2024 15:11:50 shadow.py[line:292] INFO End of the code.
