Wed, 25 Dec 2024 15:09:00 shadow.py[line:150] INFO {'dataset': 'ml-100k', 'model': 'BERT4Rec', 'split_seed': 12, 'gpu': 3, 'split_cf': 'split', 'train_cf': 'train'}
Wed, 25 Dec 2024 15:09:00 utils.py[line:224] INFO dataset is read from ../datasets/ml-100k.
Wed, 25 Dec 2024 15:09:01 utils.py[line:38] INFO 
Dataset Info: 

==================================================
item information: 
field     item_id   
type      token     
##        1153      
==================================================
user information: 
field     user_id   
type      token     
##        944       
==================================================
interaction information: 
field     user_id   item_id   rating    timestamp 
type      token     token     float     float     
##        944       1153      -         -         
==================================================
Sparsity: 0.909832
==================================================
Wed, 25 Dec 2024 15:09:02 utils.py[line:297] INFO Global seed set to 2019
Wed, 25 Dec 2024 15:09:02 utils.py[line:62] INFO 
Model Config: 

accelerator=gpu
activation=gelu
ann=None
batch_size=1024
cutoff=10
dataset_neg_count=None
dataset_sampler=None
dropout=0.2
early_stop_mode=max
early_stop_patience=20
embed_dim=64
epochs=100
eval_batch_size=128
excluding_hist=False
gpu=[3]
head_num=2
hidden_size=128
item_bias=False
layer_norm_eps=1e-12
layer_num=2
learner=adam
learning_rate=0.001
mask_ratio=0.2
negative_count=1
num_workers=0
pooling_type=mask
save_path=./saved/
scheduler=None
seed=2019
split_ratio=2
steal=False
test_metrics=['recall', 'precision', 'map', 'ndcg', 'mrr', 'hit']
test_repetitive=True
topk=100
train_repetitive=True
val_metrics=['recall', 'ndcg']
weight_decay=1e-05
Wed, 25 Dec 2024 15:09:02 utils.py[line:297] INFO Global seed set to 2019
Wed, 25 Dec 2024 15:09:02 utils.py[line:62] INFO 
Model Config: 

accelerator=gpu
activation=gelu
ann=None
batch_size=1024
cutoff=10
dataset_neg_count=None
dataset_sampler=None
dropout=0.2
early_stop_mode=max
early_stop_patience=20
embed_dim=64
epochs=100
eval_batch_size=128
excluding_hist=False
gpu=[3]
head_num=2
hidden_size=128
item_bias=False
layer_norm_eps=1e-12
layer_num=2
learner=adam
learning_rate=0.001
mask_ratio=0.2
negative_count=1
num_workers=0
pooling_type=mask
save_path=./saved/
scheduler=None
seed=2019
split_ratio=2
steal=False
test_metrics=['recall', 'precision', 'map', 'ndcg', 'mrr', 'hit']
test_repetitive=True
topk=100
train_repetitive=True
val_metrics=['recall', 'ndcg']
weight_decay=1e-05
Wed, 25 Dec 2024 15:09:02 recommender.py[line:128] INFO save_dir:/data1/home/zhihao/code/RecAudit/open-source/RecAudit/RecStudio-main
Wed, 25 Dec 2024 15:09:02 recommender.py[line:131] INFO BERT4Rec(
  (loss_fn): SoftmaxLoss()
  (score_func): InnerProductScorer()
  (item_encoder): Embedding(1154, 64, padding_idx=0)
  (query_encoder): BERT4RecQueryEncoder(
    (item_encoder): Embedding(1154, 64, padding_idx=0)
    (position_emb): Embedding(20, 64)
    (transformer_layer): TransformerEncoder(
      (layers): ModuleList(
        (0): TransformerEncoderLayer(
          (self_attn): MultiheadAttention(
            (out_proj): NonDynamicallyQuantizableLinear(in_features=64, out_features=64, bias=True)
          )
          (linear1): Linear(in_features=64, out_features=128, bias=True)
          (dropout): Dropout(p=0.2, inplace=False)
          (linear2): Linear(in_features=128, out_features=64, bias=True)
          (norm1): LayerNorm((64,), eps=1e-12, elementwise_affine=True)
          (norm2): LayerNorm((64,), eps=1e-12, elementwise_affine=True)
          (dropout1): Dropout(p=0.2, inplace=False)
          (dropout2): Dropout(p=0.2, inplace=False)
        )
        (1): TransformerEncoderLayer(
          (self_attn): MultiheadAttention(
            (out_proj): NonDynamicallyQuantizableLinear(in_features=64, out_features=64, bias=True)
          )
          (linear1): Linear(in_features=64, out_features=128, bias=True)
          (dropout): Dropout(p=0.2, inplace=False)
          (linear2): Linear(in_features=128, out_features=64, bias=True)
          (norm1): LayerNorm((64,), eps=1e-12, elementwise_affine=True)
          (norm2): LayerNorm((64,), eps=1e-12, elementwise_affine=True)
          (dropout1): Dropout(p=0.2, inplace=False)
          (dropout2): Dropout(p=0.2, inplace=False)
        )
      )
    )
    (dropout): Dropout(p=0.2, inplace=False)
    (training_pooling_layer): SeqPoolingLayer(pooling_type=mask, keepdim=False)
    (eval_pooling_layer): SeqPoolingLayer(pooling_type=last, keepdim=False)
  )
)
Wed, 25 Dec 2024 15:09:08 recommender.py[line:254] INFO Training: Epoch=  0 [recall@10=0.0414 ndcg@10=0.0201 train_loss=6.8095]
Wed, 25 Dec 2024 15:09:08 recommender.py[line:519] INFO Train time: 1.76945s. Valid time: 1.80403s
Wed, 25 Dec 2024 15:09:08 recommender.py[line:548] INFO recall@10 improved. Best value: 0.0414
Wed, 25 Dec 2024 15:09:10 recommender.py[line:254] INFO Training: Epoch=  1 [recall@10=0.0541 ndcg@10=0.0311 train_loss=6.6044]
Wed, 25 Dec 2024 15:09:10 recommender.py[line:519] INFO Train time: 1.46864s. Valid time: 1.49515s
Wed, 25 Dec 2024 15:09:10 recommender.py[line:548] INFO recall@10 improved. Best value: 0.0541
Wed, 25 Dec 2024 15:09:11 recommender.py[line:254] INFO Training: Epoch=  2 [recall@10=0.1083 ndcg@10=0.0578 train_loss=6.3132]
Wed, 25 Dec 2024 15:09:11 recommender.py[line:519] INFO Train time: 1.45149s. Valid time: 1.47657s
Wed, 25 Dec 2024 15:09:11 recommender.py[line:548] INFO recall@10 improved. Best value: 0.1083
Wed, 25 Dec 2024 15:09:13 recommender.py[line:254] INFO Training: Epoch=  3 [recall@10=0.1274 ndcg@10=0.0634 train_loss=6.0208]
Wed, 25 Dec 2024 15:09:13 recommender.py[line:519] INFO Train time: 1.41715s. Valid time: 1.44515s
Wed, 25 Dec 2024 15:09:13 recommender.py[line:548] INFO recall@10 improved. Best value: 0.1274
Wed, 25 Dec 2024 15:09:14 recommender.py[line:254] INFO Training: Epoch=  4 [recall@10=0.1242 ndcg@10=0.0633 train_loss=5.8942]
Wed, 25 Dec 2024 15:09:14 recommender.py[line:519] INFO Train time: 1.51378s. Valid time: 1.54883s
Wed, 25 Dec 2024 15:09:16 recommender.py[line:254] INFO Training: Epoch=  5 [recall@10=0.1306 ndcg@10=0.0594 train_loss=5.8103]
Wed, 25 Dec 2024 15:09:16 recommender.py[line:519] INFO Train time: 1.42794s. Valid time: 1.45651s
Wed, 25 Dec 2024 15:09:16 recommender.py[line:548] INFO recall@10 improved. Best value: 0.1306
Wed, 25 Dec 2024 15:09:17 recommender.py[line:254] INFO Training: Epoch=  6 [recall@10=0.1306 ndcg@10=0.0653 train_loss=5.7540]
Wed, 25 Dec 2024 15:09:17 recommender.py[line:519] INFO Train time: 1.48518s. Valid time: 1.52279s
Wed, 25 Dec 2024 15:09:19 recommender.py[line:254] INFO Training: Epoch=  7 [recall@10=0.1274 ndcg@10=0.0655 train_loss=5.7106]
Wed, 25 Dec 2024 15:09:19 recommender.py[line:519] INFO Train time: 1.46714s. Valid time: 1.49842s
Wed, 25 Dec 2024 15:09:20 recommender.py[line:254] INFO Training: Epoch=  8 [recall@10=0.1210 ndcg@10=0.0591 train_loss=5.6802]
Wed, 25 Dec 2024 15:09:20 recommender.py[line:519] INFO Train time: 1.55210s. Valid time: 1.59398s
Wed, 25 Dec 2024 15:09:22 recommender.py[line:254] INFO Training: Epoch=  9 [recall@10=0.1338 ndcg@10=0.0690 train_loss=5.6489]
Wed, 25 Dec 2024 15:09:22 recommender.py[line:519] INFO Train time: 1.53099s. Valid time: 1.56651s
Wed, 25 Dec 2024 15:09:22 recommender.py[line:548] INFO recall@10 improved. Best value: 0.1338
Wed, 25 Dec 2024 15:09:23 recommender.py[line:254] INFO Training: Epoch= 10 [recall@10=0.1306 ndcg@10=0.0713 train_loss=5.6253]
Wed, 25 Dec 2024 15:09:23 recommender.py[line:519] INFO Train time: 1.54773s. Valid time: 1.58403s
Wed, 25 Dec 2024 15:09:25 recommender.py[line:254] INFO Training: Epoch= 11 [recall@10=0.1561 ndcg@10=0.0739 train_loss=5.6002]
Wed, 25 Dec 2024 15:09:25 recommender.py[line:519] INFO Train time: 1.44100s. Valid time: 1.47484s
Wed, 25 Dec 2024 15:09:25 recommender.py[line:548] INFO recall@10 improved. Best value: 0.1561
Wed, 25 Dec 2024 15:09:26 recommender.py[line:254] INFO Training: Epoch= 12 [recall@10=0.1433 ndcg@10=0.0762 train_loss=5.5789]
Wed, 25 Dec 2024 15:09:26 recommender.py[line:519] INFO Train time: 1.47536s. Valid time: 1.50780s
Wed, 25 Dec 2024 15:09:28 recommender.py[line:254] INFO Training: Epoch= 13 [recall@10=0.1561 ndcg@10=0.0823 train_loss=5.5624]
Wed, 25 Dec 2024 15:09:28 recommender.py[line:519] INFO Train time: 1.47490s. Valid time: 1.51312s
Wed, 25 Dec 2024 15:09:30 recommender.py[line:254] INFO Training: Epoch= 14 [recall@10=0.1592 ndcg@10=0.0836 train_loss=5.5554]
Wed, 25 Dec 2024 15:09:30 recommender.py[line:519] INFO Train time: 1.47535s. Valid time: 1.51084s
Wed, 25 Dec 2024 15:09:30 recommender.py[line:548] INFO recall@10 improved. Best value: 0.1592
Wed, 25 Dec 2024 15:09:31 recommender.py[line:254] INFO Training: Epoch= 15 [recall@10=0.1592 ndcg@10=0.0816 train_loss=5.5453]
Wed, 25 Dec 2024 15:09:31 recommender.py[line:519] INFO Train time: 1.49162s. Valid time: 1.52829s
Wed, 25 Dec 2024 15:09:33 recommender.py[line:254] INFO Training: Epoch= 16 [recall@10=0.1624 ndcg@10=0.0831 train_loss=5.5170]
Wed, 25 Dec 2024 15:09:33 recommender.py[line:519] INFO Train time: 1.45827s. Valid time: 1.50425s
Wed, 25 Dec 2024 15:09:33 recommender.py[line:548] INFO recall@10 improved. Best value: 0.1624
Wed, 25 Dec 2024 15:09:34 recommender.py[line:254] INFO Training: Epoch= 17 [recall@10=0.1720 ndcg@10=0.0912 train_loss=5.5109]
Wed, 25 Dec 2024 15:09:34 recommender.py[line:519] INFO Train time: 1.54397s. Valid time: 1.57522s
Wed, 25 Dec 2024 15:09:34 recommender.py[line:548] INFO recall@10 improved. Best value: 0.1720
Wed, 25 Dec 2024 15:09:36 recommender.py[line:254] INFO Training: Epoch= 18 [recall@10=0.1847 ndcg@10=0.0923 train_loss=5.4951]
Wed, 25 Dec 2024 15:09:36 recommender.py[line:519] INFO Train time: 1.58411s. Valid time: 1.62203s
Wed, 25 Dec 2024 15:09:36 recommender.py[line:548] INFO recall@10 improved. Best value: 0.1847
Wed, 25 Dec 2024 15:09:37 recommender.py[line:254] INFO Training: Epoch= 19 [recall@10=0.1592 ndcg@10=0.0830 train_loss=5.4831]
Wed, 25 Dec 2024 15:09:37 recommender.py[line:519] INFO Train time: 1.42317s. Valid time: 1.46347s
Wed, 25 Dec 2024 15:09:39 recommender.py[line:254] INFO Training: Epoch= 20 [recall@10=0.1720 ndcg@10=0.0870 train_loss=5.4637]
Wed, 25 Dec 2024 15:09:39 recommender.py[line:519] INFO Train time: 1.45662s. Valid time: 1.49624s
Wed, 25 Dec 2024 15:09:40 recommender.py[line:254] INFO Training: Epoch= 21 [recall@10=0.1783 ndcg@10=0.0822 train_loss=5.4541]
Wed, 25 Dec 2024 15:09:40 recommender.py[line:519] INFO Train time: 1.54130s. Valid time: 1.58202s
Wed, 25 Dec 2024 15:09:42 recommender.py[line:254] INFO Training: Epoch= 22 [recall@10=0.1561 ndcg@10=0.0783 train_loss=5.4430]
Wed, 25 Dec 2024 15:09:42 recommender.py[line:519] INFO Train time: 1.39213s. Valid time: 1.43718s
Wed, 25 Dec 2024 15:09:44 recommender.py[line:254] INFO Training: Epoch= 23 [recall@10=0.1592 ndcg@10=0.0781 train_loss=5.4347]
Wed, 25 Dec 2024 15:09:44 recommender.py[line:519] INFO Train time: 1.77126s. Valid time: 1.80229s
Wed, 25 Dec 2024 15:09:45 recommender.py[line:254] INFO Training: Epoch= 24 [recall@10=0.1656 ndcg@10=0.0818 train_loss=5.4197]
Wed, 25 Dec 2024 15:09:45 recommender.py[line:519] INFO Train time: 1.61486s. Valid time: 1.64802s
Wed, 25 Dec 2024 15:09:47 recommender.py[line:254] INFO Training: Epoch= 25 [recall@10=0.1720 ndcg@10=0.0841 train_loss=5.4062]
Wed, 25 Dec 2024 15:09:47 recommender.py[line:519] INFO Train time: 1.43751s. Valid time: 1.46560s
Wed, 25 Dec 2024 15:09:48 recommender.py[line:254] INFO Training: Epoch= 26 [recall@10=0.1624 ndcg@10=0.0787 train_loss=5.4033]
Wed, 25 Dec 2024 15:09:48 recommender.py[line:519] INFO Train time: 1.54746s. Valid time: 1.58426s
Wed, 25 Dec 2024 15:09:50 recommender.py[line:254] INFO Training: Epoch= 27 [recall@10=0.1497 ndcg@10=0.0750 train_loss=5.3881]
Wed, 25 Dec 2024 15:09:50 recommender.py[line:519] INFO Train time: 1.40864s. Valid time: 1.44435s
Wed, 25 Dec 2024 15:09:51 recommender.py[line:254] INFO Training: Epoch= 28 [recall@10=0.1656 ndcg@10=0.0810 train_loss=5.3813]
Wed, 25 Dec 2024 15:09:51 recommender.py[line:519] INFO Train time: 1.48276s. Valid time: 1.52251s
Wed, 25 Dec 2024 15:09:53 recommender.py[line:254] INFO Training: Epoch= 29 [recall@10=0.1465 ndcg@10=0.0790 train_loss=5.3798]
Wed, 25 Dec 2024 15:09:53 recommender.py[line:519] INFO Train time: 1.60622s. Valid time: 1.64165s
Wed, 25 Dec 2024 15:09:54 recommender.py[line:254] INFO Training: Epoch= 30 [recall@10=0.1561 ndcg@10=0.0814 train_loss=5.3694]
Wed, 25 Dec 2024 15:09:54 recommender.py[line:519] INFO Train time: 1.47544s. Valid time: 1.51138s
Wed, 25 Dec 2024 15:09:56 recommender.py[line:254] INFO Training: Epoch= 31 [recall@10=0.1561 ndcg@10=0.0800 train_loss=5.3588]
Wed, 25 Dec 2024 15:09:56 recommender.py[line:519] INFO Train time: 1.54396s. Valid time: 1.57866s
Wed, 25 Dec 2024 15:09:57 recommender.py[line:254] INFO Training: Epoch= 32 [recall@10=0.1592 ndcg@10=0.0842 train_loss=5.3538]
Wed, 25 Dec 2024 15:09:57 recommender.py[line:519] INFO Train time: 1.49053s. Valid time: 1.51811s
Wed, 25 Dec 2024 15:09:59 recommender.py[line:254] INFO Training: Epoch= 33 [recall@10=0.1465 ndcg@10=0.0793 train_loss=5.3495]
Wed, 25 Dec 2024 15:09:59 recommender.py[line:519] INFO Train time: 1.48590s. Valid time: 1.52381s
Wed, 25 Dec 2024 15:10:01 recommender.py[line:254] INFO Training: Epoch= 34 [recall@10=0.1688 ndcg@10=0.0836 train_loss=5.3374]
Wed, 25 Dec 2024 15:10:01 recommender.py[line:519] INFO Train time: 1.51839s. Valid time: 1.54683s
Wed, 25 Dec 2024 15:10:02 recommender.py[line:254] INFO Training: Epoch= 35 [recall@10=0.1529 ndcg@10=0.0785 train_loss=5.3289]
Wed, 25 Dec 2024 15:10:02 recommender.py[line:519] INFO Train time: 1.57092s. Valid time: 1.60223s
Wed, 25 Dec 2024 15:10:04 recommender.py[line:254] INFO Training: Epoch= 36 [recall@10=0.1624 ndcg@10=0.0820 train_loss=5.3251]
Wed, 25 Dec 2024 15:10:04 recommender.py[line:519] INFO Train time: 1.56808s. Valid time: 1.60663s
Wed, 25 Dec 2024 15:10:05 recommender.py[line:254] INFO Training: Epoch= 37 [recall@10=0.1592 ndcg@10=0.0813 train_loss=5.3257]
Wed, 25 Dec 2024 15:10:05 recommender.py[line:519] INFO Train time: 1.48298s. Valid time: 1.52046s
Wed, 25 Dec 2024 15:10:07 recommender.py[line:254] INFO Training: Epoch= 38 [recall@10=0.1401 ndcg@10=0.0774 train_loss=5.3088]
Wed, 25 Dec 2024 15:10:07 recommender.py[line:519] INFO Train time: 1.43786s. Valid time: 1.47491s
Wed, 25 Dec 2024 15:10:07 recommender.py[line:559] INFO Early stopped. recall@10 didn't improve for 20 epochs.
Wed, 25 Dec 2024 15:10:07 recommender.py[line:562] INFO The best score of recall@10 is 0.1847 at 18
Wed, 25 Dec 2024 15:10:07 recommender.py[line:730] INFO Best model checkpoiny saved in ./metadata/model_checkpoint/shadow_model/ml-100k/BERT4Rec/split/train/member_model_12.
Wed, 25 Dec 2024 15:10:07 shadow.py[line:57] INFO Shadow model recommendation performance:
Wed, 25 Dec 2024 15:10:07 recommender.py[line:196] INFO Testing:  [recall@10=0.1656 precision@10=0.0166 map@10=0.0557 ndcg@10=0.0809 mrr@10=0.0557 hit@10=0.1656]
Wed, 25 Dec 2024 15:10:07 recommender.py[line:128] INFO save_dir:/data1/home/zhihao/code/RecAudit/open-source/RecAudit/RecStudio-main
Wed, 25 Dec 2024 15:10:07 recommender.py[line:131] INFO BERT4Rec(
  (loss_fn): SoftmaxLoss()
  (score_func): InnerProductScorer()
  (item_encoder): Embedding(1154, 64, padding_idx=0)
  (query_encoder): BERT4RecQueryEncoder(
    (item_encoder): Embedding(1154, 64, padding_idx=0)
    (position_emb): Embedding(20, 64)
    (transformer_layer): TransformerEncoder(
      (layers): ModuleList(
        (0): TransformerEncoderLayer(
          (self_attn): MultiheadAttention(
            (out_proj): NonDynamicallyQuantizableLinear(in_features=64, out_features=64, bias=True)
          )
          (linear1): Linear(in_features=64, out_features=128, bias=True)
          (dropout): Dropout(p=0.2, inplace=False)
          (linear2): Linear(in_features=128, out_features=64, bias=True)
          (norm1): LayerNorm((64,), eps=1e-12, elementwise_affine=True)
          (norm2): LayerNorm((64,), eps=1e-12, elementwise_affine=True)
          (dropout1): Dropout(p=0.2, inplace=False)
          (dropout2): Dropout(p=0.2, inplace=False)
        )
        (1): TransformerEncoderLayer(
          (self_attn): MultiheadAttention(
            (out_proj): NonDynamicallyQuantizableLinear(in_features=64, out_features=64, bias=True)
          )
          (linear1): Linear(in_features=64, out_features=128, bias=True)
          (dropout): Dropout(p=0.2, inplace=False)
          (linear2): Linear(in_features=128, out_features=64, bias=True)
          (norm1): LayerNorm((64,), eps=1e-12, elementwise_affine=True)
          (norm2): LayerNorm((64,), eps=1e-12, elementwise_affine=True)
          (dropout1): Dropout(p=0.2, inplace=False)
          (dropout2): Dropout(p=0.2, inplace=False)
        )
      )
    )
    (dropout): Dropout(p=0.2, inplace=False)
    (training_pooling_layer): SeqPoolingLayer(pooling_type=mask, keepdim=False)
    (eval_pooling_layer): SeqPoolingLayer(pooling_type=last, keepdim=False)
  )
)
Wed, 25 Dec 2024 15:10:08 recommender.py[line:254] INFO Training: Epoch=  0 [recall@10=0.0635 ndcg@10=0.0279 train_loss=6.7981]
Wed, 25 Dec 2024 15:10:08 recommender.py[line:519] INFO Train time: 1.29441s. Valid time: 1.33308s
Wed, 25 Dec 2024 15:10:08 recommender.py[line:548] INFO recall@10 improved. Best value: 0.0635
Wed, 25 Dec 2024 15:10:10 recommender.py[line:254] INFO Training: Epoch=  1 [recall@10=0.0857 ndcg@10=0.0458 train_loss=6.5578]
Wed, 25 Dec 2024 15:10:10 recommender.py[line:519] INFO Train time: 1.26258s. Valid time: 1.29547s
Wed, 25 Dec 2024 15:10:10 recommender.py[line:548] INFO recall@10 improved. Best value: 0.0857
Wed, 25 Dec 2024 15:10:11 recommender.py[line:254] INFO Training: Epoch=  2 [recall@10=0.1365 ndcg@10=0.0674 train_loss=6.2938]
Wed, 25 Dec 2024 15:10:11 recommender.py[line:519] INFO Train time: 1.29674s. Valid time: 1.33355s
Wed, 25 Dec 2024 15:10:11 recommender.py[line:548] INFO recall@10 improved. Best value: 0.1365
Wed, 25 Dec 2024 15:10:12 recommender.py[line:254] INFO Training: Epoch=  3 [recall@10=0.1333 ndcg@10=0.0611 train_loss=6.0253]
Wed, 25 Dec 2024 15:10:12 recommender.py[line:519] INFO Train time: 1.26366s. Valid time: 1.30091s
Wed, 25 Dec 2024 15:10:13 recommender.py[line:254] INFO Training: Epoch=  4 [recall@10=0.1333 ndcg@10=0.0621 train_loss=5.8736]
Wed, 25 Dec 2024 15:10:13 recommender.py[line:519] INFO Train time: 1.26467s. Valid time: 1.30668s
Wed, 25 Dec 2024 15:10:15 recommender.py[line:254] INFO Training: Epoch=  5 [recall@10=0.1397 ndcg@10=0.0631 train_loss=5.7904]
Wed, 25 Dec 2024 15:10:15 recommender.py[line:519] INFO Train time: 1.61402s. Valid time: 1.65728s
Wed, 25 Dec 2024 15:10:15 recommender.py[line:548] INFO recall@10 improved. Best value: 0.1397
Wed, 25 Dec 2024 15:10:17 recommender.py[line:254] INFO Training: Epoch=  6 [recall@10=0.1397 ndcg@10=0.0627 train_loss=5.7207]
Wed, 25 Dec 2024 15:10:17 recommender.py[line:519] INFO Train time: 1.44554s. Valid time: 1.48511s
Wed, 25 Dec 2024 15:10:18 recommender.py[line:254] INFO Training: Epoch=  7 [recall@10=0.1270 ndcg@10=0.0654 train_loss=5.6829]
Wed, 25 Dec 2024 15:10:18 recommender.py[line:519] INFO Train time: 1.29958s. Valid time: 1.33954s
Wed, 25 Dec 2024 15:10:19 recommender.py[line:254] INFO Training: Epoch=  8 [recall@10=0.1619 ndcg@10=0.0788 train_loss=5.6533]
Wed, 25 Dec 2024 15:10:19 recommender.py[line:519] INFO Train time: 1.18775s. Valid time: 1.22119s
Wed, 25 Dec 2024 15:10:19 recommender.py[line:548] INFO recall@10 improved. Best value: 0.1619
Wed, 25 Dec 2024 15:10:20 recommender.py[line:254] INFO Training: Epoch=  9 [recall@10=0.1333 ndcg@10=0.0696 train_loss=5.6214]
Wed, 25 Dec 2024 15:10:20 recommender.py[line:519] INFO Train time: 1.25809s. Valid time: 1.29237s
Wed, 25 Dec 2024 15:10:22 recommender.py[line:254] INFO Training: Epoch= 10 [recall@10=0.1683 ndcg@10=0.0845 train_loss=5.5956]
Wed, 25 Dec 2024 15:10:22 recommender.py[line:519] INFO Train time: 1.26321s. Valid time: 1.30124s
Wed, 25 Dec 2024 15:10:22 recommender.py[line:548] INFO recall@10 improved. Best value: 0.1683
Wed, 25 Dec 2024 15:10:23 recommender.py[line:254] INFO Training: Epoch= 11 [recall@10=0.1714 ndcg@10=0.0879 train_loss=5.5724]
Wed, 25 Dec 2024 15:10:23 recommender.py[line:519] INFO Train time: 1.25174s. Valid time: 1.29015s
Wed, 25 Dec 2024 15:10:23 recommender.py[line:548] INFO recall@10 improved. Best value: 0.1714
Wed, 25 Dec 2024 15:10:24 recommender.py[line:254] INFO Training: Epoch= 12 [recall@10=0.1810 ndcg@10=0.0903 train_loss=5.5551]
Wed, 25 Dec 2024 15:10:24 recommender.py[line:519] INFO Train time: 1.20359s. Valid time: 1.24411s
Wed, 25 Dec 2024 15:10:24 recommender.py[line:548] INFO recall@10 improved. Best value: 0.1810
Wed, 25 Dec 2024 15:10:26 recommender.py[line:254] INFO Training: Epoch= 13 [recall@10=0.1714 ndcg@10=0.0937 train_loss=5.5392]
Wed, 25 Dec 2024 15:10:26 recommender.py[line:519] INFO Train time: 1.35317s. Valid time: 1.39301s
Wed, 25 Dec 2024 15:10:27 recommender.py[line:254] INFO Training: Epoch= 14 [recall@10=0.1873 ndcg@10=0.0972 train_loss=5.5271]
Wed, 25 Dec 2024 15:10:27 recommender.py[line:519] INFO Train time: 1.27766s. Valid time: 1.29986s
Wed, 25 Dec 2024 15:10:27 recommender.py[line:548] INFO recall@10 improved. Best value: 0.1873
Wed, 25 Dec 2024 15:10:28 recommender.py[line:254] INFO Training: Epoch= 15 [recall@10=0.1905 ndcg@10=0.0981 train_loss=5.5063]
Wed, 25 Dec 2024 15:10:28 recommender.py[line:519] INFO Train time: 1.40622s. Valid time: 1.45154s
Wed, 25 Dec 2024 15:10:28 recommender.py[line:548] INFO recall@10 improved. Best value: 0.1905
Wed, 25 Dec 2024 15:10:30 recommender.py[line:254] INFO Training: Epoch= 16 [recall@10=0.1841 ndcg@10=0.0906 train_loss=5.4826]
Wed, 25 Dec 2024 15:10:30 recommender.py[line:519] INFO Train time: 1.34740s. Valid time: 1.38108s
Wed, 25 Dec 2024 15:10:31 recommender.py[line:254] INFO Training: Epoch= 17 [recall@10=0.1778 ndcg@10=0.0910 train_loss=5.4763]
Wed, 25 Dec 2024 15:10:31 recommender.py[line:519] INFO Train time: 1.21793s. Valid time: 1.25457s
Wed, 25 Dec 2024 15:10:32 recommender.py[line:254] INFO Training: Epoch= 18 [recall@10=0.1746 ndcg@10=0.0909 train_loss=5.4678]
Wed, 25 Dec 2024 15:10:32 recommender.py[line:519] INFO Train time: 1.31510s. Valid time: 1.34536s
Wed, 25 Dec 2024 15:10:34 recommender.py[line:254] INFO Training: Epoch= 19 [recall@10=0.1810 ndcg@10=0.0969 train_loss=5.4469]
Wed, 25 Dec 2024 15:10:34 recommender.py[line:519] INFO Train time: 1.27827s. Valid time: 1.31248s
Wed, 25 Dec 2024 15:10:35 recommender.py[line:254] INFO Training: Epoch= 20 [recall@10=0.1778 ndcg@10=0.0885 train_loss=5.4382]
Wed, 25 Dec 2024 15:10:35 recommender.py[line:519] INFO Train time: 1.30562s. Valid time: 1.34460s
Wed, 25 Dec 2024 15:10:36 recommender.py[line:254] INFO Training: Epoch= 21 [recall@10=0.1746 ndcg@10=0.0878 train_loss=5.4308]
Wed, 25 Dec 2024 15:10:36 recommender.py[line:519] INFO Train time: 1.27554s. Valid time: 1.30882s
Wed, 25 Dec 2024 15:10:38 recommender.py[line:254] INFO Training: Epoch= 22 [recall@10=0.1905 ndcg@10=0.0886 train_loss=5.4205]
Wed, 25 Dec 2024 15:10:38 recommender.py[line:519] INFO Train time: 1.31430s. Valid time: 1.34464s
Wed, 25 Dec 2024 15:10:39 recommender.py[line:254] INFO Training: Epoch= 23 [recall@10=0.1524 ndcg@10=0.0842 train_loss=5.4055]
Wed, 25 Dec 2024 15:10:39 recommender.py[line:519] INFO Train time: 1.35043s. Valid time: 1.38681s
Wed, 25 Dec 2024 15:10:40 recommender.py[line:254] INFO Training: Epoch= 24 [recall@10=0.1683 ndcg@10=0.0835 train_loss=5.4014]
Wed, 25 Dec 2024 15:10:40 recommender.py[line:519] INFO Train time: 1.27103s. Valid time: 1.31043s
Wed, 25 Dec 2024 15:10:42 recommender.py[line:254] INFO Training: Epoch= 25 [recall@10=0.1683 ndcg@10=0.0819 train_loss=5.3824]
Wed, 25 Dec 2024 15:10:42 recommender.py[line:519] INFO Train time: 1.21130s. Valid time: 1.24299s
Wed, 25 Dec 2024 15:10:43 recommender.py[line:254] INFO Training: Epoch= 26 [recall@10=0.1778 ndcg@10=0.0832 train_loss=5.3740]
Wed, 25 Dec 2024 15:10:43 recommender.py[line:519] INFO Train time: 1.25963s. Valid time: 1.29369s
Wed, 25 Dec 2024 15:10:44 recommender.py[line:254] INFO Training: Epoch= 27 [recall@10=0.1810 ndcg@10=0.0896 train_loss=5.3650]
Wed, 25 Dec 2024 15:10:44 recommender.py[line:519] INFO Train time: 1.36039s. Valid time: 1.39794s
Wed, 25 Dec 2024 15:10:46 recommender.py[line:254] INFO Training: Epoch= 28 [recall@10=0.1619 ndcg@10=0.0800 train_loss=5.3635]
Wed, 25 Dec 2024 15:10:46 recommender.py[line:519] INFO Train time: 1.21759s. Valid time: 1.25459s
Wed, 25 Dec 2024 15:10:47 recommender.py[line:254] INFO Training: Epoch= 29 [recall@10=0.1778 ndcg@10=0.0841 train_loss=5.3525]
Wed, 25 Dec 2024 15:10:47 recommender.py[line:519] INFO Train time: 1.29555s. Valid time: 1.34180s
Wed, 25 Dec 2024 15:10:48 recommender.py[line:254] INFO Training: Epoch= 30 [recall@10=0.1714 ndcg@10=0.0837 train_loss=5.3471]
Wed, 25 Dec 2024 15:10:48 recommender.py[line:519] INFO Train time: 1.25007s. Valid time: 1.29507s
Wed, 25 Dec 2024 15:10:50 recommender.py[line:254] INFO Training: Epoch= 31 [recall@10=0.1905 ndcg@10=0.0899 train_loss=5.3321]
Wed, 25 Dec 2024 15:10:50 recommender.py[line:519] INFO Train time: 1.30581s. Valid time: 1.34017s
Wed, 25 Dec 2024 15:10:51 recommender.py[line:254] INFO Training: Epoch= 32 [recall@10=0.1841 ndcg@10=0.0977 train_loss=5.3188]
Wed, 25 Dec 2024 15:10:51 recommender.py[line:519] INFO Train time: 1.25627s. Valid time: 1.28940s
Wed, 25 Dec 2024 15:10:52 recommender.py[line:254] INFO Training: Epoch= 33 [recall@10=0.1619 ndcg@10=0.0800 train_loss=5.3139]
Wed, 25 Dec 2024 15:10:52 recommender.py[line:519] INFO Train time: 1.30304s. Valid time: 1.33938s
Wed, 25 Dec 2024 15:10:54 recommender.py[line:254] INFO Training: Epoch= 34 [recall@10=0.1905 ndcg@10=0.0887 train_loss=5.3150]
Wed, 25 Dec 2024 15:10:54 recommender.py[line:519] INFO Train time: 1.22453s. Valid time: 1.26489s
Wed, 25 Dec 2024 15:10:55 recommender.py[line:254] INFO Training: Epoch= 35 [recall@10=0.1746 ndcg@10=0.0899 train_loss=5.2955]
Wed, 25 Dec 2024 15:10:55 recommender.py[line:519] INFO Train time: 1.28370s. Valid time: 1.31282s
Wed, 25 Dec 2024 15:10:55 recommender.py[line:559] INFO Early stopped. recall@10 didn't improve for 20 epochs.
Wed, 25 Dec 2024 15:10:55 recommender.py[line:562] INFO The best score of recall@10 is 0.1905 at 15
Wed, 25 Dec 2024 15:10:55 recommender.py[line:730] INFO Best model checkpoiny saved in ./metadata/model_checkpoint/shadow_model/ml-100k/BERT4Rec/split/train/nonmember_model_12.
Wed, 25 Dec 2024 15:10:55 shadow.py[line:57] INFO Shadow model recommendation performance:
Wed, 25 Dec 2024 15:10:55 recommender.py[line:196] INFO Testing:  [recall@10=0.1460 precision@10=0.0146 map@10=0.0604 ndcg@10=0.0801 mrr@10=0.0604 hit@10=0.1460]
Wed, 25 Dec 2024 15:11:01 shadow.py[line:292] INFO End of the code.
