Wed, 25 Dec 2024 15:09:00 target.py[line:48] INFO {'dataset': 'ml-100k', 'model': 'BERT4Rec', 'train_seed': 1, 'gpu': 0, 'split_cf': 'split', 'train_cf': 'train'}
Wed, 25 Dec 2024 15:09:00 utils.py[line:224] INFO dataset is read from ../datasets/ml-100k.
Wed, 25 Dec 2024 15:09:01 utils.py[line:38] INFO 
Dataset Info: 

==================================================
item information: 
field     item_id   
type      token     
##        1153      
==================================================
user information: 
field     user_id   
type      token     
##        944       
==================================================
interaction information: 
field     user_id   item_id   rating    timestamp 
type      token     token     float     float     
##        944       1153      -         -         
==================================================
Sparsity: 0.909832
==================================================
Wed, 25 Dec 2024 15:09:02 utils.py[line:297] INFO Global seed set to 2019
Wed, 25 Dec 2024 15:09:02 utils.py[line:62] INFO 
Model Config: 

accelerator=gpu
activation=gelu
ann=None
batch_size=1024
cutoff=10
dataset_neg_count=None
dataset_sampler=None
dropout=0.2
early_stop_mode=max
early_stop_patience=20
embed_dim=64
epochs=100
eval_batch_size=128
excluding_hist=False
gpu=[0]
head_num=2
hidden_size=128
item_bias=False
layer_norm_eps=1e-12
layer_num=2
learner=adam
learning_rate=0.001
mask_ratio=0.2
negative_count=1
num_workers=0
pooling_type=mask
save_path=./saved/
scheduler=None
seed=1
split_ratio=2
steal=False
test_metrics=['recall', 'precision', 'map', 'ndcg', 'mrr', 'hit']
test_repetitive=True
topk=100
train_repetitive=True
val_metrics=['recall', 'ndcg']
weight_decay=1e-05
Wed, 25 Dec 2024 15:09:02 recommender.py[line:128] INFO save_dir:/data1/home/zhihao/code/RecAudit/open-source/RecAudit/RecStudio-main
Wed, 25 Dec 2024 15:09:02 recommender.py[line:131] INFO BERT4Rec(
  (loss_fn): SoftmaxLoss()
  (score_func): InnerProductScorer()
  (item_encoder): Embedding(1154, 64, padding_idx=0)
  (query_encoder): BERT4RecQueryEncoder(
    (item_encoder): Embedding(1154, 64, padding_idx=0)
    (position_emb): Embedding(20, 64)
    (transformer_layer): TransformerEncoder(
      (layers): ModuleList(
        (0): TransformerEncoderLayer(
          (self_attn): MultiheadAttention(
            (out_proj): NonDynamicallyQuantizableLinear(in_features=64, out_features=64, bias=True)
          )
          (linear1): Linear(in_features=64, out_features=128, bias=True)
          (dropout): Dropout(p=0.2, inplace=False)
          (linear2): Linear(in_features=128, out_features=64, bias=True)
          (norm1): LayerNorm((64,), eps=1e-12, elementwise_affine=True)
          (norm2): LayerNorm((64,), eps=1e-12, elementwise_affine=True)
          (dropout1): Dropout(p=0.2, inplace=False)
          (dropout2): Dropout(p=0.2, inplace=False)
        )
        (1): TransformerEncoderLayer(
          (self_attn): MultiheadAttention(
            (out_proj): NonDynamicallyQuantizableLinear(in_features=64, out_features=64, bias=True)
          )
          (linear1): Linear(in_features=64, out_features=128, bias=True)
          (dropout): Dropout(p=0.2, inplace=False)
          (linear2): Linear(in_features=128, out_features=64, bias=True)
          (norm1): LayerNorm((64,), eps=1e-12, elementwise_affine=True)
          (norm2): LayerNorm((64,), eps=1e-12, elementwise_affine=True)
          (dropout1): Dropout(p=0.2, inplace=False)
          (dropout2): Dropout(p=0.2, inplace=False)
        )
      )
    )
    (dropout): Dropout(p=0.2, inplace=False)
    (training_pooling_layer): SeqPoolingLayer(pooling_type=mask, keepdim=False)
    (eval_pooling_layer): SeqPoolingLayer(pooling_type=last, keepdim=False)
  )
)
Wed, 25 Dec 2024 15:09:09 recommender.py[line:254] INFO Training: Epoch=  0 [recall@10=0.0743 ndcg@10=0.0324 train_loss=6.7512]
Wed, 25 Dec 2024 15:09:09 recommender.py[line:519] INFO Train time: 2.14665s. Valid time: 2.17568s
Wed, 25 Dec 2024 15:09:09 recommender.py[line:548] INFO recall@10 improved. Best value: 0.0743
Wed, 25 Dec 2024 15:09:10 recommender.py[line:254] INFO Training: Epoch=  1 [recall@10=0.1316 ndcg@10=0.0656 train_loss=6.4770]
Wed, 25 Dec 2024 15:09:10 recommender.py[line:519] INFO Train time: 1.77176s. Valid time: 1.79836s
Wed, 25 Dec 2024 15:09:10 recommender.py[line:548] INFO recall@10 improved. Best value: 0.1316
Wed, 25 Dec 2024 15:09:12 recommender.py[line:254] INFO Training: Epoch=  2 [recall@10=0.1359 ndcg@10=0.0676 train_loss=6.0548]
Wed, 25 Dec 2024 15:09:12 recommender.py[line:519] INFO Train time: 1.68266s. Valid time: 1.70918s
Wed, 25 Dec 2024 15:09:12 recommender.py[line:548] INFO recall@10 improved. Best value: 0.1359
Wed, 25 Dec 2024 15:09:14 recommender.py[line:254] INFO Training: Epoch=  3 [recall@10=0.1507 ndcg@10=0.0818 train_loss=5.8709]
Wed, 25 Dec 2024 15:09:14 recommender.py[line:519] INFO Train time: 1.60740s. Valid time: 1.63222s
Wed, 25 Dec 2024 15:09:14 recommender.py[line:548] INFO recall@10 improved. Best value: 0.1507
Wed, 25 Dec 2024 15:09:15 recommender.py[line:254] INFO Training: Epoch=  4 [recall@10=0.1423 ndcg@10=0.0703 train_loss=5.7700]
Wed, 25 Dec 2024 15:09:15 recommender.py[line:519] INFO Train time: 1.63014s. Valid time: 1.65463s
Wed, 25 Dec 2024 15:09:17 recommender.py[line:254] INFO Training: Epoch=  5 [recall@10=0.1741 ndcg@10=0.0900 train_loss=5.6987]
Wed, 25 Dec 2024 15:09:17 recommender.py[line:519] INFO Train time: 1.58832s. Valid time: 1.61566s
Wed, 25 Dec 2024 15:09:17 recommender.py[line:548] INFO recall@10 improved. Best value: 0.1741
Wed, 25 Dec 2024 15:09:19 recommender.py[line:254] INFO Training: Epoch=  6 [recall@10=0.1783 ndcg@10=0.0877 train_loss=5.6553]
Wed, 25 Dec 2024 15:09:19 recommender.py[line:519] INFO Train time: 1.74651s. Valid time: 1.77350s
Wed, 25 Dec 2024 15:09:19 recommender.py[line:548] INFO recall@10 improved. Best value: 0.1783
Wed, 25 Dec 2024 15:09:21 recommender.py[line:254] INFO Training: Epoch=  7 [recall@10=0.1720 ndcg@10=0.0870 train_loss=5.6199]
Wed, 25 Dec 2024 15:09:21 recommender.py[line:519] INFO Train time: 1.68872s. Valid time: 1.71458s
Wed, 25 Dec 2024 15:09:22 recommender.py[line:254] INFO Training: Epoch=  8 [recall@10=0.1847 ndcg@10=0.0914 train_loss=5.5843]
Wed, 25 Dec 2024 15:09:22 recommender.py[line:519] INFO Train time: 1.69426s. Valid time: 1.72138s
Wed, 25 Dec 2024 15:09:22 recommender.py[line:548] INFO recall@10 improved. Best value: 0.1847
Wed, 25 Dec 2024 15:09:24 recommender.py[line:254] INFO Training: Epoch=  9 [recall@10=0.1826 ndcg@10=0.0972 train_loss=5.5591]
Wed, 25 Dec 2024 15:09:24 recommender.py[line:519] INFO Train time: 1.71160s. Valid time: 1.74101s
Wed, 25 Dec 2024 15:09:26 recommender.py[line:254] INFO Training: Epoch= 10 [recall@10=0.1826 ndcg@10=0.0941 train_loss=5.5415]
Wed, 25 Dec 2024 15:09:26 recommender.py[line:519] INFO Train time: 1.64043s. Valid time: 1.66561s
Wed, 25 Dec 2024 15:09:27 recommender.py[line:254] INFO Training: Epoch= 11 [recall@10=0.1826 ndcg@10=0.1033 train_loss=5.5168]
Wed, 25 Dec 2024 15:09:27 recommender.py[line:519] INFO Train time: 1.62053s. Valid time: 1.64570s
Wed, 25 Dec 2024 15:09:29 recommender.py[line:254] INFO Training: Epoch= 12 [recall@10=0.1953 ndcg@10=0.1004 train_loss=5.5012]
Wed, 25 Dec 2024 15:09:29 recommender.py[line:519] INFO Train time: 1.60914s. Valid time: 1.63485s
Wed, 25 Dec 2024 15:09:29 recommender.py[line:548] INFO recall@10 improved. Best value: 0.1953
Wed, 25 Dec 2024 15:09:31 recommender.py[line:254] INFO Training: Epoch= 13 [recall@10=0.1826 ndcg@10=0.1006 train_loss=5.4838]
Wed, 25 Dec 2024 15:09:31 recommender.py[line:519] INFO Train time: 1.70051s. Valid time: 1.72931s
Wed, 25 Dec 2024 15:09:32 recommender.py[line:254] INFO Training: Epoch= 14 [recall@10=0.1996 ndcg@10=0.1078 train_loss=5.4711]
Wed, 25 Dec 2024 15:09:32 recommender.py[line:519] INFO Train time: 1.59126s. Valid time: 1.61589s
Wed, 25 Dec 2024 15:09:32 recommender.py[line:548] INFO recall@10 improved. Best value: 0.1996
Wed, 25 Dec 2024 15:09:34 recommender.py[line:254] INFO Training: Epoch= 15 [recall@10=0.1996 ndcg@10=0.1081 train_loss=5.4494]
Wed, 25 Dec 2024 15:09:34 recommender.py[line:519] INFO Train time: 1.62593s. Valid time: 1.65329s
Wed, 25 Dec 2024 15:09:36 recommender.py[line:254] INFO Training: Epoch= 16 [recall@10=0.1911 ndcg@10=0.1003 train_loss=5.4431]
Wed, 25 Dec 2024 15:09:36 recommender.py[line:519] INFO Train time: 1.69934s. Valid time: 1.72698s
Wed, 25 Dec 2024 15:09:37 recommender.py[line:254] INFO Training: Epoch= 17 [recall@10=0.1932 ndcg@10=0.1033 train_loss=5.4313]
Wed, 25 Dec 2024 15:09:37 recommender.py[line:519] INFO Train time: 1.73249s. Valid time: 1.76617s
Wed, 25 Dec 2024 15:09:39 recommender.py[line:254] INFO Training: Epoch= 18 [recall@10=0.1911 ndcg@10=0.1009 train_loss=5.4284]
Wed, 25 Dec 2024 15:09:39 recommender.py[line:519] INFO Train time: 1.92179s. Valid time: 1.94851s
Wed, 25 Dec 2024 15:09:41 recommender.py[line:254] INFO Training: Epoch= 19 [recall@10=0.1805 ndcg@10=0.1012 train_loss=5.4184]
Wed, 25 Dec 2024 15:09:41 recommender.py[line:519] INFO Train time: 2.01433s. Valid time: 2.04174s
Wed, 25 Dec 2024 15:09:43 recommender.py[line:254] INFO Training: Epoch= 20 [recall@10=0.1890 ndcg@10=0.0996 train_loss=5.3994]
Wed, 25 Dec 2024 15:09:43 recommender.py[line:519] INFO Train time: 1.92124s. Valid time: 1.94619s
Wed, 25 Dec 2024 15:09:45 recommender.py[line:254] INFO Training: Epoch= 21 [recall@10=0.1890 ndcg@10=0.1006 train_loss=5.3868]
Wed, 25 Dec 2024 15:09:45 recommender.py[line:519] INFO Train time: 1.65418s. Valid time: 1.68091s
Wed, 25 Dec 2024 15:09:47 recommender.py[line:254] INFO Training: Epoch= 22 [recall@10=0.1826 ndcg@10=0.0978 train_loss=5.3812]
Wed, 25 Dec 2024 15:09:47 recommender.py[line:519] INFO Train time: 1.72734s. Valid time: 1.75593s
Wed, 25 Dec 2024 15:09:49 recommender.py[line:254] INFO Training: Epoch= 23 [recall@10=0.1932 ndcg@10=0.0996 train_loss=5.3726]
Wed, 25 Dec 2024 15:09:49 recommender.py[line:519] INFO Train time: 1.76797s. Valid time: 1.79591s
Wed, 25 Dec 2024 15:09:50 recommender.py[line:254] INFO Training: Epoch= 24 [recall@10=0.1996 ndcg@10=0.1072 train_loss=5.3651]
Wed, 25 Dec 2024 15:09:50 recommender.py[line:519] INFO Train time: 1.63391s. Valid time: 1.66266s
Wed, 25 Dec 2024 15:09:52 recommender.py[line:254] INFO Training: Epoch= 25 [recall@10=0.2166 ndcg@10=0.1056 train_loss=5.3561]
Wed, 25 Dec 2024 15:09:52 recommender.py[line:519] INFO Train time: 1.66110s. Valid time: 1.68640s
Wed, 25 Dec 2024 15:09:52 recommender.py[line:548] INFO recall@10 improved. Best value: 0.2166
Wed, 25 Dec 2024 15:09:54 recommender.py[line:254] INFO Training: Epoch= 26 [recall@10=0.2081 ndcg@10=0.1040 train_loss=5.3445]
Wed, 25 Dec 2024 15:09:54 recommender.py[line:519] INFO Train time: 1.60733s. Valid time: 1.63374s
Wed, 25 Dec 2024 15:09:56 recommender.py[line:254] INFO Training: Epoch= 27 [recall@10=0.2123 ndcg@10=0.1071 train_loss=5.3380]
Wed, 25 Dec 2024 15:09:56 recommender.py[line:519] INFO Train time: 1.87671s. Valid time: 1.90585s
Wed, 25 Dec 2024 15:09:57 recommender.py[line:254] INFO Training: Epoch= 28 [recall@10=0.1826 ndcg@10=0.0934 train_loss=5.3313]
Wed, 25 Dec 2024 15:09:57 recommender.py[line:519] INFO Train time: 1.66731s. Valid time: 1.69587s
Wed, 25 Dec 2024 15:09:59 recommender.py[line:254] INFO Training: Epoch= 29 [recall@10=0.2017 ndcg@10=0.1065 train_loss=5.3215]
Wed, 25 Dec 2024 15:09:59 recommender.py[line:519] INFO Train time: 1.78358s. Valid time: 1.81073s
Wed, 25 Dec 2024 15:10:01 recommender.py[line:254] INFO Training: Epoch= 30 [recall@10=0.1975 ndcg@10=0.0988 train_loss=5.3212]
Wed, 25 Dec 2024 15:10:01 recommender.py[line:519] INFO Train time: 1.65843s. Valid time: 1.68554s
Wed, 25 Dec 2024 15:10:02 recommender.py[line:254] INFO Training: Epoch= 31 [recall@10=0.1953 ndcg@10=0.0981 train_loss=5.3153]
Wed, 25 Dec 2024 15:10:02 recommender.py[line:519] INFO Train time: 1.57382s. Valid time: 1.59877s
Wed, 25 Dec 2024 15:10:04 recommender.py[line:254] INFO Training: Epoch= 32 [recall@10=0.1890 ndcg@10=0.0983 train_loss=5.3104]
Wed, 25 Dec 2024 15:10:04 recommender.py[line:519] INFO Train time: 1.91616s. Valid time: 1.94151s
Wed, 25 Dec 2024 15:10:06 recommender.py[line:254] INFO Training: Epoch= 33 [recall@10=0.2059 ndcg@10=0.1091 train_loss=5.2975]
Wed, 25 Dec 2024 15:10:06 recommender.py[line:519] INFO Train time: 1.76992s. Valid time: 1.79624s
Wed, 25 Dec 2024 15:10:08 recommender.py[line:254] INFO Training: Epoch= 34 [recall@10=0.2038 ndcg@10=0.1063 train_loss=5.3004]
Wed, 25 Dec 2024 15:10:08 recommender.py[line:519] INFO Train time: 1.76028s. Valid time: 1.78665s
Wed, 25 Dec 2024 15:10:10 recommender.py[line:254] INFO Training: Epoch= 35 [recall@10=0.2017 ndcg@10=0.1090 train_loss=5.2935]
Wed, 25 Dec 2024 15:10:10 recommender.py[line:519] INFO Train time: 1.72352s. Valid time: 1.74824s
Wed, 25 Dec 2024 15:10:11 recommender.py[line:254] INFO Training: Epoch= 36 [recall@10=0.2229 ndcg@10=0.1149 train_loss=5.2888]
Wed, 25 Dec 2024 15:10:11 recommender.py[line:519] INFO Train time: 1.61559s. Valid time: 1.64069s
Wed, 25 Dec 2024 15:10:11 recommender.py[line:548] INFO recall@10 improved. Best value: 0.2229
Wed, 25 Dec 2024 15:10:13 recommender.py[line:254] INFO Training: Epoch= 37 [recall@10=0.2144 ndcg@10=0.1134 train_loss=5.2814]
Wed, 25 Dec 2024 15:10:13 recommender.py[line:519] INFO Train time: 1.63455s. Valid time: 1.65890s
Wed, 25 Dec 2024 15:10:15 recommender.py[line:254] INFO Training: Epoch= 38 [recall@10=0.2059 ndcg@10=0.1101 train_loss=5.2682]
Wed, 25 Dec 2024 15:10:15 recommender.py[line:519] INFO Train time: 1.64500s. Valid time: 1.67007s
Wed, 25 Dec 2024 15:10:16 recommender.py[line:254] INFO Training: Epoch= 39 [recall@10=0.2081 ndcg@10=0.1108 train_loss=5.2715]
Wed, 25 Dec 2024 15:10:16 recommender.py[line:519] INFO Train time: 1.71572s. Valid time: 1.75413s
Wed, 25 Dec 2024 15:10:18 recommender.py[line:254] INFO Training: Epoch= 40 [recall@10=0.2038 ndcg@10=0.1096 train_loss=5.2596]
Wed, 25 Dec 2024 15:10:18 recommender.py[line:519] INFO Train time: 1.77007s. Valid time: 1.79532s
Wed, 25 Dec 2024 15:10:20 recommender.py[line:254] INFO Training: Epoch= 41 [recall@10=0.2123 ndcg@10=0.1066 train_loss=5.2555]
Wed, 25 Dec 2024 15:10:20 recommender.py[line:519] INFO Train time: 1.66382s. Valid time: 1.68905s
Wed, 25 Dec 2024 15:10:22 recommender.py[line:254] INFO Training: Epoch= 42 [recall@10=0.2102 ndcg@10=0.1177 train_loss=5.2479]
Wed, 25 Dec 2024 15:10:22 recommender.py[line:519] INFO Train time: 1.69770s. Valid time: 1.72241s
Wed, 25 Dec 2024 15:10:23 recommender.py[line:254] INFO Training: Epoch= 43 [recall@10=0.2251 ndcg@10=0.1193 train_loss=5.2415]
Wed, 25 Dec 2024 15:10:23 recommender.py[line:519] INFO Train time: 1.59243s. Valid time: 1.61930s
Wed, 25 Dec 2024 15:10:23 recommender.py[line:548] INFO recall@10 improved. Best value: 0.2251
Wed, 25 Dec 2024 15:10:25 recommender.py[line:254] INFO Training: Epoch= 44 [recall@10=0.2123 ndcg@10=0.1121 train_loss=5.2385]
Wed, 25 Dec 2024 15:10:25 recommender.py[line:519] INFO Train time: 1.66854s. Valid time: 1.69381s
Wed, 25 Dec 2024 15:10:27 recommender.py[line:254] INFO Training: Epoch= 45 [recall@10=0.2102 ndcg@10=0.1155 train_loss=5.2309]
Wed, 25 Dec 2024 15:10:27 recommender.py[line:519] INFO Train time: 1.72278s. Valid time: 1.75173s
Wed, 25 Dec 2024 15:10:28 recommender.py[line:254] INFO Training: Epoch= 46 [recall@10=0.1996 ndcg@10=0.1089 train_loss=5.2226]
Wed, 25 Dec 2024 15:10:28 recommender.py[line:519] INFO Train time: 1.63008s. Valid time: 1.65479s
Wed, 25 Dec 2024 15:10:30 recommender.py[line:254] INFO Training: Epoch= 47 [recall@10=0.2144 ndcg@10=0.1163 train_loss=5.2221]
Wed, 25 Dec 2024 15:10:30 recommender.py[line:519] INFO Train time: 1.60870s. Valid time: 1.63683s
Wed, 25 Dec 2024 15:10:32 recommender.py[line:254] INFO Training: Epoch= 48 [recall@10=0.2081 ndcg@10=0.1105 train_loss=5.2142]
Wed, 25 Dec 2024 15:10:32 recommender.py[line:519] INFO Train time: 1.63419s. Valid time: 1.66237s
Wed, 25 Dec 2024 15:10:33 recommender.py[line:254] INFO Training: Epoch= 49 [recall@10=0.2123 ndcg@10=0.1116 train_loss=5.2084]
Wed, 25 Dec 2024 15:10:33 recommender.py[line:519] INFO Train time: 1.77898s. Valid time: 1.80603s
Wed, 25 Dec 2024 15:10:35 recommender.py[line:254] INFO Training: Epoch= 50 [recall@10=0.1975 ndcg@10=0.1086 train_loss=5.2006]
Wed, 25 Dec 2024 15:10:35 recommender.py[line:519] INFO Train time: 1.60884s. Valid time: 1.63366s
Wed, 25 Dec 2024 15:10:37 recommender.py[line:254] INFO Training: Epoch= 51 [recall@10=0.2144 ndcg@10=0.1148 train_loss=5.1960]
Wed, 25 Dec 2024 15:10:37 recommender.py[line:519] INFO Train time: 1.63862s. Valid time: 1.66638s
Wed, 25 Dec 2024 15:10:38 recommender.py[line:254] INFO Training: Epoch= 52 [recall@10=0.1932 ndcg@10=0.1032 train_loss=5.1943]
Wed, 25 Dec 2024 15:10:38 recommender.py[line:519] INFO Train time: 1.71325s. Valid time: 1.73897s
Wed, 25 Dec 2024 15:10:40 recommender.py[line:254] INFO Training: Epoch= 53 [recall@10=0.1975 ndcg@10=0.1141 train_loss=5.1873]
Wed, 25 Dec 2024 15:10:40 recommender.py[line:519] INFO Train time: 1.58369s. Valid time: 1.60831s
Wed, 25 Dec 2024 15:10:42 recommender.py[line:254] INFO Training: Epoch= 54 [recall@10=0.2144 ndcg@10=0.1117 train_loss=5.1756]
Wed, 25 Dec 2024 15:10:42 recommender.py[line:519] INFO Train time: 1.65346s. Valid time: 1.68836s
Wed, 25 Dec 2024 15:10:43 recommender.py[line:254] INFO Training: Epoch= 55 [recall@10=0.2102 ndcg@10=0.1154 train_loss=5.1807]
Wed, 25 Dec 2024 15:10:43 recommender.py[line:519] INFO Train time: 1.56016s. Valid time: 1.58494s
Wed, 25 Dec 2024 15:10:45 recommender.py[line:254] INFO Training: Epoch= 56 [recall@10=0.1975 ndcg@10=0.1070 train_loss=5.1720]
Wed, 25 Dec 2024 15:10:45 recommender.py[line:519] INFO Train time: 1.67813s. Valid time: 1.70919s
Wed, 25 Dec 2024 15:10:47 recommender.py[line:254] INFO Training: Epoch= 57 [recall@10=0.1953 ndcg@10=0.1091 train_loss=5.1713]
Wed, 25 Dec 2024 15:10:47 recommender.py[line:519] INFO Train time: 1.67598s. Valid time: 1.70335s
Wed, 25 Dec 2024 15:10:49 recommender.py[line:254] INFO Training: Epoch= 58 [recall@10=0.2081 ndcg@10=0.1148 train_loss=5.1610]
Wed, 25 Dec 2024 15:10:49 recommender.py[line:519] INFO Train time: 1.93490s. Valid time: 1.95946s
Wed, 25 Dec 2024 15:10:50 recommender.py[line:254] INFO Training: Epoch= 59 [recall@10=0.2102 ndcg@10=0.1164 train_loss=5.1554]
Wed, 25 Dec 2024 15:10:50 recommender.py[line:519] INFO Train time: 1.61616s. Valid time: 1.64089s
Wed, 25 Dec 2024 15:10:52 recommender.py[line:254] INFO Training: Epoch= 60 [recall@10=0.2081 ndcg@10=0.1122 train_loss=5.1622]
Wed, 25 Dec 2024 15:10:52 recommender.py[line:519] INFO Train time: 1.76876s. Valid time: 1.79655s
Wed, 25 Dec 2024 15:10:54 recommender.py[line:254] INFO Training: Epoch= 61 [recall@10=0.2123 ndcg@10=0.1165 train_loss=5.1432]
Wed, 25 Dec 2024 15:10:54 recommender.py[line:519] INFO Train time: 1.61233s. Valid time: 1.63944s
Wed, 25 Dec 2024 15:10:55 recommender.py[line:254] INFO Training: Epoch= 62 [recall@10=0.1996 ndcg@10=0.1108 train_loss=5.1473]
Wed, 25 Dec 2024 15:10:55 recommender.py[line:519] INFO Train time: 1.64815s. Valid time: 1.67562s
Wed, 25 Dec 2024 15:10:57 recommender.py[line:254] INFO Training: Epoch= 63 [recall@10=0.1975 ndcg@10=0.1117 train_loss=5.1423]
Wed, 25 Dec 2024 15:10:57 recommender.py[line:519] INFO Train time: 1.71281s. Valid time: 1.74029s
Wed, 25 Dec 2024 15:10:57 recommender.py[line:559] INFO Early stopped. recall@10 didn't improve for 20 epochs.
Wed, 25 Dec 2024 15:10:57 recommender.py[line:562] INFO The best score of recall@10 is 0.2251 at 43
Wed, 25 Dec 2024 15:10:57 recommender.py[line:730] INFO Best model checkpoiny saved in ./metadata/model_checkpoint/target_model/ml-100k/BERT4Rec/split/train/model_1.
Wed, 25 Dec 2024 15:10:57 target.py[line:88] INFO Target model recommendation performance:
Wed, 25 Dec 2024 15:10:57 recommender.py[line:196] INFO Testing:  [recall@10=0.1996 precision@10=0.0200 map@10=0.0661 ndcg@10=0.0968 mrr@10=0.0661 hit@10=0.1996]
Wed, 25 Dec 2024 15:10:58 target.py[line:137] INFO End of the code.
